<?xml version="1.0" encoding="UTF-8"?>
<testsuite xmlns:xsi="http://www.w3.org/2001/XMLSchema-instance" xsi:noNamespaceSchemaLocation="https://maven.apache.org/surefire/maven-surefire-plugin/xsd/surefire-test-report-3.0.xsd" version="3.0" name="TestSuite" time="1253.867" tests="65" errors="0" skipped="0" failures="30">
  <properties>
    <property name="java.specification.version" value="19"/>
    <property name="sun.jnu.encoding" value="UTF-8"/>
    <property name="java.class.path" value="/Users/ruslanfursa/IdeaProjects/Orange/target/test-classes:/Users/ruslanfursa/IdeaProjects/Orange/target/classes:/Users/ruslanfursa/.m2/repository/com/github/javafaker/javafaker/1.0.2/javafaker-1.0.2.jar:/Users/ruslanfursa/.m2/repository/org/apache/commons/commons-lang3/3.5/commons-lang3-3.5.jar:/Users/ruslanfursa/.m2/repository/org/yaml/snakeyaml/1.23/snakeyaml-1.23-android.jar:/Users/ruslanfursa/.m2/repository/com/github/mifmif/generex/1.0.2/generex-1.0.2.jar:/Users/ruslanfursa/.m2/repository/dk/brics/automaton/automaton/1.11-8/automaton-1.11-8.jar:/Users/ruslanfursa/.m2/repository/org/testng/testng/7.7.1/testng-7.7.1.jar:/Users/ruslanfursa/.m2/repository/com/beust/jcommander/1.82/jcommander-1.82.jar:/Users/ruslanfursa/.m2/repository/org/webjars/jquery/3.6.1/jquery-3.6.1.jar:/Users/ruslanfursa/.m2/repository/org/seleniumhq/selenium/selenium-java/4.14.1/selenium-java-4.14.1.jar:/Users/ruslanfursa/.m2/repository/org/seleniumhq/selenium/selenium-api/4.14.1/selenium-api-4.14.1.jar:/Users/ruslanfursa/.m2/repository/org/seleniumhq/selenium/selenium-chrome-driver/4.14.1/selenium-chrome-driver-4.14.1.jar:/Users/ruslanfursa/.m2/repository/com/google/auto/service/auto-service-annotations/1.1.1/auto-service-annotations-1.1.1.jar:/Users/ruslanfursa/.m2/repository/com/google/guava/guava/32.1.2-jre/guava-32.1.2-jre.jar:/Users/ruslanfursa/.m2/repository/com/google/guava/failureaccess/1.0.1/failureaccess-1.0.1.jar:/Users/ruslanfursa/.m2/repository/com/google/guava/listenablefuture/9999.0-empty-to-avoid-conflict-with-guava/listenablefuture-9999.0-empty-to-avoid-conflict-with-guava.jar:/Users/ruslanfursa/.m2/repository/com/google/code/findbugs/jsr305/3.0.2/jsr305-3.0.2.jar:/Users/ruslanfursa/.m2/repository/org/checkerframework/checker-qual/3.33.0/checker-qual-3.33.0.jar:/Users/ruslanfursa/.m2/repository/com/google/errorprone/error_prone_annotations/2.18.0/error_prone_annotations-2.18.0.jar:/Users/ruslanfursa/.m2/repository/com/google/j2objc/j2objc-annotations/2.8/j2objc-annotations-2.8.jar:/Users/ruslanfursa/.m2/repository/org/seleniumhq/selenium/selenium-chromium-driver/4.14.1/selenium-chromium-driver-4.14.1.jar:/Users/ruslanfursa/.m2/repository/org/seleniumhq/selenium/selenium-json/4.14.1/selenium-json-4.14.1.jar:/Users/ruslanfursa/.m2/repository/org/seleniumhq/selenium/selenium-manager/4.14.1/selenium-manager-4.14.1.jar:/Users/ruslanfursa/.m2/repository/org/seleniumhq/selenium/selenium-devtools-v116/4.14.1/selenium-devtools-v116-4.14.1.jar:/Users/ruslanfursa/.m2/repository/org/seleniumhq/selenium/selenium-devtools-v117/4.14.1/selenium-devtools-v117-4.14.1.jar:/Users/ruslanfursa/.m2/repository/org/seleniumhq/selenium/selenium-devtools-v118/4.14.1/selenium-devtools-v118-4.14.1.jar:/Users/ruslanfursa/.m2/repository/org/seleniumhq/selenium/selenium-devtools-v85/4.14.1/selenium-devtools-v85-4.14.1.jar:/Users/ruslanfursa/.m2/repository/org/seleniumhq/selenium/selenium-edge-driver/4.14.1/selenium-edge-driver-4.14.1.jar:/Users/ruslanfursa/.m2/repository/org/seleniumhq/selenium/selenium-firefox-driver/4.14.1/selenium-firefox-driver-4.14.1.jar:/Users/ruslanfursa/.m2/repository/org/seleniumhq/selenium/selenium-http/4.14.1/selenium-http-4.14.1.jar:/Users/ruslanfursa/.m2/repository/dev/failsafe/failsafe/3.3.2/failsafe-3.3.2.jar:/Users/ruslanfursa/.m2/repository/org/seleniumhq/selenium/selenium-ie-driver/4.14.1/selenium-ie-driver-4.14.1.jar:/Users/ruslanfursa/.m2/repository/org/seleniumhq/selenium/selenium-remote-driver/4.14.1/selenium-remote-driver-4.14.1.jar:/Users/ruslanfursa/.m2/repository/io/opentelemetry/opentelemetry-api/1.28.0/opentelemetry-api-1.28.0.jar:/Users/ruslanfursa/.m2/repository/io/opentelemetry/opentelemetry-context/1.28.0/opentelemetry-context-1.28.0.jar:/Users/ruslanfursa/.m2/repository/io/opentelemetry/opentelemetry-exporter-logging/1.28.0/opentelemetry-exporter-logging-1.28.0.jar:/Users/ruslanfursa/.m2/repository/io/opentelemetry/opentelemetry-sdk-metrics/1.28.0/opentelemetry-sdk-metrics-1.28.0.jar:/Users/ruslanfursa/.m2/repository/io/opentelemetry/opentelemetry-extension-incubator/1.28.0-alpha/opentelemetry-extension-incubator-1.28.0-alpha.jar:/Users/ruslanfursa/.m2/repository/io/opentelemetry/opentelemetry-sdk-logs/1.28.0/opentelemetry-sdk-logs-1.28.0.jar:/Users/ruslanfursa/.m2/repository/io/opentelemetry/opentelemetry-sdk-common/1.28.0/opentelemetry-sdk-common-1.28.0.jar:/Users/ruslanfursa/.m2/repository/io/opentelemetry/opentelemetry-sdk-extension-autoconfigure-spi/1.28.0/opentelemetry-sdk-extension-autoconfigure-spi-1.28.0.jar:/Users/ruslanfursa/.m2/repository/io/opentelemetry/opentelemetry-sdk-extension-autoconfigure/1.28.0/opentelemetry-sdk-extension-autoconfigure-1.28.0.jar:/Users/ruslanfursa/.m2/repository/io/opentelemetry/opentelemetry-api-events/1.28.0-alpha/opentelemetry-api-events-1.28.0-alpha.jar:/Users/ruslanfursa/.m2/repository/io/opentelemetry/opentelemetry-sdk-trace/1.28.0/opentelemetry-sdk-trace-1.28.0.jar:/Users/ruslanfursa/.m2/repository/io/opentelemetry/opentelemetry-sdk/1.28.0/opentelemetry-sdk-1.28.0.jar:/Users/ruslanfursa/.m2/repository/io/opentelemetry/opentelemetry-semconv/1.28.0-alpha/opentelemetry-semconv-1.28.0-alpha.jar:/Users/ruslanfursa/.m2/repository/net/bytebuddy/byte-buddy/1.14.5/byte-buddy-1.14.5.jar:/Users/ruslanfursa/.m2/repository/org/seleniumhq/selenium/selenium-os/4.14.1/selenium-os-4.14.1.jar:/Users/ruslanfursa/.m2/repository/org/seleniumhq/selenium/selenium-safari-driver/4.14.1/selenium-safari-driver-4.14.1.jar:/Users/ruslanfursa/.m2/repository/org/seleniumhq/selenium/selenium-support/4.14.1/selenium-support-4.14.1.jar:/Users/ruslanfursa/.m2/repository/io/github/bonigarcia/webdrivermanager/5.5.3/webdrivermanager-5.5.3.jar:/Users/ruslanfursa/.m2/repository/com/google/code/gson/gson/2.10.1/gson-2.10.1.jar:/Users/ruslanfursa/.m2/repository/com/github/docker-java/docker-java/3.3.3/docker-java-3.3.3.jar:/Users/ruslanfursa/.m2/repository/com/github/docker-java/docker-java-core/3.3.3/docker-java-core-3.3.3.jar:/Users/ruslanfursa/.m2/repository/com/github/docker-java/docker-java-api/3.3.3/docker-java-api-3.3.3.jar:/Users/ruslanfursa/.m2/repository/org/apache/commons/commons-compress/1.21/commons-compress-1.21.jar:/Users/ruslanfursa/.m2/repository/org/bouncycastle/bcpkix-jdk18on/1.75/bcpkix-jdk18on-1.75.jar:/Users/ruslanfursa/.m2/repository/org/bouncycastle/bcprov-jdk18on/1.75/bcprov-jdk18on-1.75.jar:/Users/ruslanfursa/.m2/repository/org/bouncycastle/bcutil-jdk18on/1.75/bcutil-jdk18on-1.75.jar:/Users/ruslanfursa/.m2/repository/org/slf4j/jcl-over-slf4j/1.7.30/jcl-over-slf4j-1.7.30.jar:/Users/ruslanfursa/.m2/repository/com/github/docker-java/docker-java-transport-httpclient5/3.3.3/docker-java-transport-httpclient5-3.3.3.jar:/Users/ruslanfursa/.m2/repository/com/github/docker-java/docker-java-transport/3.3.3/docker-java-transport-3.3.3.jar:/Users/ruslanfursa/.m2/repository/net/java/dev/jna/jna/5.12.1/jna-5.12.1.jar:/Users/ruslanfursa/.m2/repository/org/brotli/dec/0.1.2/dec-0.1.2.jar:/Users/ruslanfursa/.m2/repository/org/apache/httpcomponents/client5/httpclient5/5.2.1/httpclient5-5.2.1.jar:/Users/ruslanfursa/.m2/repository/org/apache/httpcomponents/core5/httpcore5/5.2/httpcore5-5.2.jar:/Users/ruslanfursa/.m2/repository/org/apache/httpcomponents/core5/httpcore5-h2/5.2/httpcore5-h2-5.2.jar:/Users/ruslanfursa/.m2/repository/io/qameta/allure/allure-testng/2.23.0/allure-testng-2.23.0.jar:/Users/ruslanfursa/.m2/repository/io/qameta/allure/allure-java-commons/2.23.0/allure-java-commons-2.23.0.jar:/Users/ruslanfursa/.m2/repository/io/qameta/allure/allure-model/2.23.0/allure-model-2.23.0.jar:/Users/ruslanfursa/.m2/repository/io/qameta/allure/allure-test-filter/2.23.0/allure-test-filter-2.23.0.jar:/Users/ruslanfursa/.m2/repository/io/qameta/allure/allure-maven/2.12.0/allure-maven-2.12.0.jar:/Users/ruslanfursa/.m2/repository/org/apache/httpcomponents/httpclient/4.5.13/httpclient-4.5.13.jar:/Users/ruslanfursa/.m2/repository/org/apache/httpcomponents/httpcore/4.4.13/httpcore-4.4.13.jar:/Users/ruslanfursa/.m2/repository/commons-logging/commons-logging/1.2/commons-logging-1.2.jar:/Users/ruslanfursa/.m2/repository/commons-codec/commons-codec/1.11/commons-codec-1.11.jar:/Users/ruslanfursa/.m2/repository/com/fasterxml/jackson/core/jackson-databind/2.14.0/jackson-databind-2.14.0.jar:/Users/ruslanfursa/.m2/repository/com/fasterxml/jackson/core/jackson-annotations/2.14.0/jackson-annotations-2.14.0.jar:/Users/ruslanfursa/.m2/repository/com/fasterxml/jackson/core/jackson-core/2.14.0/jackson-core-2.14.0.jar:/Users/ruslanfursa/.m2/repository/org/apache/maven/maven-plugin-api/3.8.6/maven-plugin-api-3.8.6.jar:/Users/ruslanfursa/.m2/repository/org/codehaus/plexus/plexus-utils/3.3.1/plexus-utils-3.3.1.jar:/Users/ruslanfursa/.m2/repository/org/codehaus/plexus/plexus-classworlds/2.6.0/plexus-classworlds-2.6.0.jar:/Users/ruslanfursa/.m2/repository/org/apache/maven/maven-core/3.8.6/maven-core-3.8.6.jar:/Users/ruslanfursa/.m2/repository/org/apache/maven/maven-model/3.8.6/maven-model-3.8.6.jar:/Users/ruslanfursa/.m2/repository/org/apache/maven/maven-settings/3.8.6/maven-settings-3.8.6.jar:/Users/ruslanfursa/.m2/repository/org/apache/maven/maven-settings-builder/3.8.6/maven-settings-builder-3.8.6.jar:/Users/ruslanfursa/.m2/repository/org/codehaus/plexus/plexus-sec-dispatcher/2.0/plexus-sec-dispatcher-2.0.jar:/Users/ruslanfursa/.m2/repository/org/codehaus/plexus/plexus-cipher/2.0/plexus-cipher-2.0.jar:/Users/ruslanfursa/.m2/repository/org/apache/maven/maven-builder-support/3.8.6/maven-builder-support-3.8.6.jar:/Users/ruslanfursa/.m2/repository/org/apache/maven/maven-repository-metadata/3.8.6/maven-repository-metadata-3.8.6.jar:/Users/ruslanfursa/.m2/repository/org/apache/maven/maven-artifact/3.8.6/maven-artifact-3.8.6.jar:/Users/ruslanfursa/.m2/repository/org/apache/maven/maven-model-builder/3.8.6/maven-model-builder-3.8.6.jar:/Users/ruslanfursa/.m2/repository/org/apache/maven/maven-resolver-provider/3.8.6/maven-resolver-provider-3.8.6.jar:/Users/ruslanfursa/.m2/repository/org/apache/maven/resolver/maven-resolver-impl/1.6.3/maven-resolver-impl-1.6.3.jar:/Users/ruslanfursa/.m2/repository/org/apache/maven/resolver/maven-resolver-api/1.6.3/maven-resolver-api-1.6.3.jar:/Users/ruslanfursa/.m2/repository/org/apache/maven/resolver/maven-resolver-spi/1.6.3/maven-resolver-spi-1.6.3.jar:/Users/ruslanfursa/.m2/repository/org/apache/maven/resolver/maven-resolver-util/1.6.3/maven-resolver-util-1.6.3.jar:/Users/ruslanfursa/.m2/repository/org/apache/maven/shared/maven-shared-utils/3.3.4/maven-shared-utils-3.3.4.jar:/Users/ruslanfursa/.m2/repository/org/eclipse/sisu/org.eclipse.sisu.plexus/0.3.5/org.eclipse.sisu.plexus-0.3.5.jar:/Users/ruslanfursa/.m2/repository/javax/annotation/javax.annotation-api/1.2/javax.annotation-api-1.2.jar:/Users/ruslanfursa/.m2/repository/org/eclipse/sisu/org.eclipse.sisu.inject/0.3.5/org.eclipse.sisu.inject-0.3.5.jar:/Users/ruslanfursa/.m2/repository/com/google/inject/guice/4.2.2/guice-4.2.2-no_aop.jar:/Users/ruslanfursa/.m2/repository/aopalliance/aopalliance/1.0/aopalliance-1.0.jar:/Users/ruslanfursa/.m2/repository/javax/inject/javax.inject/1/javax.inject-1.jar:/Users/ruslanfursa/.m2/repository/org/codehaus/plexus/plexus-interpolation/1.26/plexus-interpolation-1.26.jar:/Users/ruslanfursa/.m2/repository/org/codehaus/plexus/plexus-component-annotations/2.1.0/plexus-component-annotations-2.1.0.jar:/Users/ruslanfursa/.m2/repository/org/apache/maven/reporting/maven-reporting-impl/3.0.0/maven-reporting-impl-3.0.0.jar:/Users/ruslanfursa/.m2/repository/org/apache/maven/reporting/maven-reporting-api/3.0/maven-reporting-api-3.0.jar:/Users/ruslanfursa/.m2/repository/org/apache/maven/doxia/doxia-sink-api/1.7/doxia-sink-api-1.7.jar:/Users/ruslanfursa/.m2/repository/org/apache/maven/doxia/doxia-logging-api/1.7/doxia-logging-api-1.7.jar:/Users/ruslanfursa/.m2/repository/org/apache/maven/doxia/doxia-decoration-model/1.7.4/doxia-decoration-model-1.7.4.jar:/Users/ruslanfursa/.m2/repository/org/apache/maven/doxia/doxia-core/1.7/doxia-core-1.7.jar:/Users/ruslanfursa/.m2/repository/org/codehaus/plexus/plexus-container-default/1.0-alpha-30/plexus-container-default-1.0-alpha-30.jar:/Users/ruslanfursa/.m2/repository/junit/junit/3.8.1/junit-3.8.1.jar:/Users/ruslanfursa/.m2/repository/commons-lang/commons-lang/2.4/commons-lang-2.4.jar:/Users/ruslanfursa/.m2/repository/xmlunit/xmlunit/1.5/xmlunit-1.5.jar:/Users/ruslanfursa/.m2/repository/org/apache/maven/doxia/doxia-site-renderer/1.7.4/doxia-site-renderer-1.7.4.jar:/Users/ruslanfursa/.m2/repository/org/apache/maven/doxia/doxia-skin-model/1.7.4/doxia-skin-model-1.7.4.jar:/Users/ruslanfursa/.m2/repository/org/apache/maven/doxia/doxia-module-xhtml/1.7/doxia-module-xhtml-1.7.jar:/Users/ruslanfursa/.m2/repository/org/codehaus/plexus/plexus-i18n/1.0-beta-7/plexus-i18n-1.0-beta-7.jar:/Users/ruslanfursa/.m2/repository/org/codehaus/plexus/plexus-velocity/1.2/plexus-velocity-1.2.jar:/Users/ruslanfursa/.m2/repository/org/apache/velocity/velocity/1.7/velocity-1.7.jar:/Users/ruslanfursa/.m2/repository/org/apache/velocity/velocity-tools/2.0/velocity-tools-2.0.jar:/Users/ruslanfursa/.m2/repository/commons-digester/commons-digester/1.8/commons-digester-1.8.jar:/Users/ruslanfursa/.m2/repository/commons-chain/commons-chain/1.1/commons-chain-1.1.jar:/Users/ruslanfursa/.m2/repository/commons-validator/commons-validator/1.3.1/commons-validator-1.3.1.jar:/Users/ruslanfursa/.m2/repository/dom4j/dom4j/1.1/dom4j-1.1.jar:/Users/ruslanfursa/.m2/repository/oro/oro/2.0.8/oro-2.0.8.jar:/Users/ruslanfursa/.m2/repository/sslext/sslext/1.2-0/sslext-1.2-0.jar:/Users/ruslanfursa/.m2/repository/org/apache/struts/struts-core/1.3.8/struts-core-1.3.8.jar:/Users/ruslanfursa/.m2/repository/antlr/antlr/2.7.2/antlr-2.7.2.jar:/Users/ruslanfursa/.m2/repository/org/apache/struts/struts-taglib/1.3.8/struts-taglib-1.3.8.jar:/Users/ruslanfursa/.m2/repository/org/apache/struts/struts-tiles/1.3.8/struts-tiles-1.3.8.jar:/Users/ruslanfursa/.m2/repository/org/apache/maven/shared/maven-artifact-transfer/0.13.1/maven-artifact-transfer-0.13.1.jar:/Users/ruslanfursa/.m2/repository/org/apache/maven/shared/maven-common-artifact-filters/3.1.0/maven-common-artifact-filters-3.1.0.jar:/Users/ruslanfursa/.m2/repository/org/sonatype/sisu/sisu-inject-plexus/1.4.2/sisu-inject-plexus-1.4.2.jar:/Users/ruslanfursa/.m2/repository/org/sonatype/sisu/sisu-inject-bean/1.4.2/sisu-inject-bean-1.4.2.jar:/Users/ruslanfursa/.m2/repository/org/sonatype/sisu/sisu-guice/2.1.7/sisu-guice-2.1.7-noaop.jar:/Users/ruslanfursa/.m2/repository/commons-beanutils/commons-beanutils/1.9.4/commons-beanutils-1.9.4.jar:/Users/ruslanfursa/.m2/repository/commons-collections/commons-collections/3.2.2/commons-collections-3.2.2.jar:/Users/ruslanfursa/.m2/repository/net/lingala/zip4j/zip4j/1.3.3/zip4j-1.3.3.jar:/Users/ruslanfursa/.m2/repository/org/apache/commons/commons-exec/1.3/commons-exec-1.3.jar:/Users/ruslanfursa/.m2/repository/org/apache/maven/plugin-tools/maven-plugin-annotations/3.7.0/maven-plugin-annotations-3.7.0.jar:/Users/ruslanfursa/.m2/repository/org/apache/maven/plugins/maven-jxr-plugin/3.3.0/maven-jxr-plugin-3.3.0.jar:/Users/ruslanfursa/.m2/repository/org/apache/maven/maven-jxr/3.3.0/maven-jxr-3.3.0.jar:/Users/ruslanfursa/.m2/repository/org/apache/maven/wagon/wagon-provider-api/2.8/wagon-provider-api-2.8.jar:/Users/ruslanfursa/.m2/repository/org/codehaus/plexus/plexus-java/1.1.1/plexus-java-1.1.1.jar:/Users/ruslanfursa/.m2/repository/org/ow2/asm/asm/9.2/asm-9.2.jar:/Users/ruslanfursa/.m2/repository/com/thoughtworks/qdox/qdox/2.0.1/qdox-2.0.1.jar:/Users/ruslanfursa/.m2/repository/org/slf4j/slf4j-api/2.0.9/slf4j-api-2.0.9.jar:/Users/ruslanfursa/.m2/repository/org/slf4j/slf4j-reload4j/2.0.9/slf4j-reload4j-2.0.9.jar:/Users/ruslanfursa/.m2/repository/ch/qos/reload4j/reload4j/1.2.22/reload4j-1.2.22.jar:/Users/ruslanfursa/.m2/repository/org/apache/maven/plugins/maven-surefire-plugin/3.1.2/maven-surefire-plugin-3.1.2.jar:/Users/ruslanfursa/.m2/repository/org/apache/maven/surefire/maven-surefire-common/3.1.2/maven-surefire-common-3.1.2.jar:/Users/ruslanfursa/.m2/repository/org/apache/maven/surefire/surefire-api/3.1.2/surefire-api-3.1.2.jar:/Users/ruslanfursa/.m2/repository/org/apache/maven/surefire/surefire-logger-api/3.1.2/surefire-logger-api-3.1.2.jar:/Users/ruslanfursa/.m2/repository/org/apache/maven/surefire/surefire-extensions-api/3.1.2/surefire-extensions-api-3.1.2.jar:/Users/ruslanfursa/.m2/repository/org/apache/maven/surefire/surefire-booter/3.1.2/surefire-booter-3.1.2.jar:/Users/ruslanfursa/.m2/repository/org/apache/maven/surefire/surefire-extensions-spi/3.1.2/surefire-extensions-spi-3.1.2.jar:/Users/ruslanfursa/.m2/repository/org/eclipse/aether/aether-util/1.0.0.v20140518/aether-util-1.0.0.v20140518.jar:/Users/ruslanfursa/.m2/repository/org/eclipse/aether/aether-api/1.0.0.v20140518/aether-api-1.0.0.v20140518.jar:/Users/ruslanfursa/.m2/repository/org/apache/maven/surefire/surefire-shared-utils/3.1.2/surefire-shared-utils-3.1.2.jar:/Users/ruslanfursa/.m2/repository/commons-io/commons-io/2.14.0/commons-io-2.14.0.jar:"/>
    <property name="java.vm.vendor" value="Amazon.com Inc."/>
    <property name="sun.arch.data.model" value="64"/>
    <property name="java.vendor.url" value="https://aws.amazon.com/corretto/"/>
    <property name="user.timezone" value="Europe/Minsk"/>
    <property name="os.name" value="Mac OS X"/>
    <property name="java.vm.specification.version" value="19"/>
    <property name="sun.java.launcher" value="SUN_STANDARD"/>
    <property name="user.country" value="BY"/>
    <property name="sun.boot.library.path" value="/Users/ruslanfursa/Library/Java/JavaVirtualMachines/corretto-19.0.2/Contents/Home/lib"/>
    <property name="sun.java.command" value="/Users/ruslanfursa/IdeaProjects/Orange/target/surefire/surefirebooter-20231028222041164_3.jar /Users/ruslanfursa/IdeaProjects/Orange/target/surefire 2023-10-28T22-20-40_842-jvmRun1 surefire-20231028222041164_1tmp surefire_0-20231028222041164_2tmp"/>
    <property name="http.nonProxyHosts" value="local|*.local|169.254/16|*.169.254/16"/>
    <property name="jdk.debug" value="release"/>
    <property name="surefire.test.class.path" value="/Users/ruslanfursa/IdeaProjects/Orange/target/test-classes:/Users/ruslanfursa/IdeaProjects/Orange/target/classes:/Users/ruslanfursa/.m2/repository/com/github/javafaker/javafaker/1.0.2/javafaker-1.0.2.jar:/Users/ruslanfursa/.m2/repository/org/apache/commons/commons-lang3/3.5/commons-lang3-3.5.jar:/Users/ruslanfursa/.m2/repository/org/yaml/snakeyaml/1.23/snakeyaml-1.23-android.jar:/Users/ruslanfursa/.m2/repository/com/github/mifmif/generex/1.0.2/generex-1.0.2.jar:/Users/ruslanfursa/.m2/repository/dk/brics/automaton/automaton/1.11-8/automaton-1.11-8.jar:/Users/ruslanfursa/.m2/repository/org/testng/testng/7.7.1/testng-7.7.1.jar:/Users/ruslanfursa/.m2/repository/com/beust/jcommander/1.82/jcommander-1.82.jar:/Users/ruslanfursa/.m2/repository/org/webjars/jquery/3.6.1/jquery-3.6.1.jar:/Users/ruslanfursa/.m2/repository/org/seleniumhq/selenium/selenium-java/4.14.1/selenium-java-4.14.1.jar:/Users/ruslanfursa/.m2/repository/org/seleniumhq/selenium/selenium-api/4.14.1/selenium-api-4.14.1.jar:/Users/ruslanfursa/.m2/repository/org/seleniumhq/selenium/selenium-chrome-driver/4.14.1/selenium-chrome-driver-4.14.1.jar:/Users/ruslanfursa/.m2/repository/com/google/auto/service/auto-service-annotations/1.1.1/auto-service-annotations-1.1.1.jar:/Users/ruslanfursa/.m2/repository/com/google/guava/guava/32.1.2-jre/guava-32.1.2-jre.jar:/Users/ruslanfursa/.m2/repository/com/google/guava/failureaccess/1.0.1/failureaccess-1.0.1.jar:/Users/ruslanfursa/.m2/repository/com/google/guava/listenablefuture/9999.0-empty-to-avoid-conflict-with-guava/listenablefuture-9999.0-empty-to-avoid-conflict-with-guava.jar:/Users/ruslanfursa/.m2/repository/com/google/code/findbugs/jsr305/3.0.2/jsr305-3.0.2.jar:/Users/ruslanfursa/.m2/repository/org/checkerframework/checker-qual/3.33.0/checker-qual-3.33.0.jar:/Users/ruslanfursa/.m2/repository/com/google/errorprone/error_prone_annotations/2.18.0/error_prone_annotations-2.18.0.jar:/Users/ruslanfursa/.m2/repository/com/google/j2objc/j2objc-annotations/2.8/j2objc-annotations-2.8.jar:/Users/ruslanfursa/.m2/repository/org/seleniumhq/selenium/selenium-chromium-driver/4.14.1/selenium-chromium-driver-4.14.1.jar:/Users/ruslanfursa/.m2/repository/org/seleniumhq/selenium/selenium-json/4.14.1/selenium-json-4.14.1.jar:/Users/ruslanfursa/.m2/repository/org/seleniumhq/selenium/selenium-manager/4.14.1/selenium-manager-4.14.1.jar:/Users/ruslanfursa/.m2/repository/org/seleniumhq/selenium/selenium-devtools-v116/4.14.1/selenium-devtools-v116-4.14.1.jar:/Users/ruslanfursa/.m2/repository/org/seleniumhq/selenium/selenium-devtools-v117/4.14.1/selenium-devtools-v117-4.14.1.jar:/Users/ruslanfursa/.m2/repository/org/seleniumhq/selenium/selenium-devtools-v118/4.14.1/selenium-devtools-v118-4.14.1.jar:/Users/ruslanfursa/.m2/repository/org/seleniumhq/selenium/selenium-devtools-v85/4.14.1/selenium-devtools-v85-4.14.1.jar:/Users/ruslanfursa/.m2/repository/org/seleniumhq/selenium/selenium-edge-driver/4.14.1/selenium-edge-driver-4.14.1.jar:/Users/ruslanfursa/.m2/repository/org/seleniumhq/selenium/selenium-firefox-driver/4.14.1/selenium-firefox-driver-4.14.1.jar:/Users/ruslanfursa/.m2/repository/org/seleniumhq/selenium/selenium-http/4.14.1/selenium-http-4.14.1.jar:/Users/ruslanfursa/.m2/repository/dev/failsafe/failsafe/3.3.2/failsafe-3.3.2.jar:/Users/ruslanfursa/.m2/repository/org/seleniumhq/selenium/selenium-ie-driver/4.14.1/selenium-ie-driver-4.14.1.jar:/Users/ruslanfursa/.m2/repository/org/seleniumhq/selenium/selenium-remote-driver/4.14.1/selenium-remote-driver-4.14.1.jar:/Users/ruslanfursa/.m2/repository/io/opentelemetry/opentelemetry-api/1.28.0/opentelemetry-api-1.28.0.jar:/Users/ruslanfursa/.m2/repository/io/opentelemetry/opentelemetry-context/1.28.0/opentelemetry-context-1.28.0.jar:/Users/ruslanfursa/.m2/repository/io/opentelemetry/opentelemetry-exporter-logging/1.28.0/opentelemetry-exporter-logging-1.28.0.jar:/Users/ruslanfursa/.m2/repository/io/opentelemetry/opentelemetry-sdk-metrics/1.28.0/opentelemetry-sdk-metrics-1.28.0.jar:/Users/ruslanfursa/.m2/repository/io/opentelemetry/opentelemetry-extension-incubator/1.28.0-alpha/opentelemetry-extension-incubator-1.28.0-alpha.jar:/Users/ruslanfursa/.m2/repository/io/opentelemetry/opentelemetry-sdk-logs/1.28.0/opentelemetry-sdk-logs-1.28.0.jar:/Users/ruslanfursa/.m2/repository/io/opentelemetry/opentelemetry-sdk-common/1.28.0/opentelemetry-sdk-common-1.28.0.jar:/Users/ruslanfursa/.m2/repository/io/opentelemetry/opentelemetry-sdk-extension-autoconfigure-spi/1.28.0/opentelemetry-sdk-extension-autoconfigure-spi-1.28.0.jar:/Users/ruslanfursa/.m2/repository/io/opentelemetry/opentelemetry-sdk-extension-autoconfigure/1.28.0/opentelemetry-sdk-extension-autoconfigure-1.28.0.jar:/Users/ruslanfursa/.m2/repository/io/opentelemetry/opentelemetry-api-events/1.28.0-alpha/opentelemetry-api-events-1.28.0-alpha.jar:/Users/ruslanfursa/.m2/repository/io/opentelemetry/opentelemetry-sdk-trace/1.28.0/opentelemetry-sdk-trace-1.28.0.jar:/Users/ruslanfursa/.m2/repository/io/opentelemetry/opentelemetry-sdk/1.28.0/opentelemetry-sdk-1.28.0.jar:/Users/ruslanfursa/.m2/repository/io/opentelemetry/opentelemetry-semconv/1.28.0-alpha/opentelemetry-semconv-1.28.0-alpha.jar:/Users/ruslanfursa/.m2/repository/net/bytebuddy/byte-buddy/1.14.5/byte-buddy-1.14.5.jar:/Users/ruslanfursa/.m2/repository/org/seleniumhq/selenium/selenium-os/4.14.1/selenium-os-4.14.1.jar:/Users/ruslanfursa/.m2/repository/org/seleniumhq/selenium/selenium-safari-driver/4.14.1/selenium-safari-driver-4.14.1.jar:/Users/ruslanfursa/.m2/repository/org/seleniumhq/selenium/selenium-support/4.14.1/selenium-support-4.14.1.jar:/Users/ruslanfursa/.m2/repository/io/github/bonigarcia/webdrivermanager/5.5.3/webdrivermanager-5.5.3.jar:/Users/ruslanfursa/.m2/repository/com/google/code/gson/gson/2.10.1/gson-2.10.1.jar:/Users/ruslanfursa/.m2/repository/com/github/docker-java/docker-java/3.3.3/docker-java-3.3.3.jar:/Users/ruslanfursa/.m2/repository/com/github/docker-java/docker-java-core/3.3.3/docker-java-core-3.3.3.jar:/Users/ruslanfursa/.m2/repository/com/github/docker-java/docker-java-api/3.3.3/docker-java-api-3.3.3.jar:/Users/ruslanfursa/.m2/repository/org/apache/commons/commons-compress/1.21/commons-compress-1.21.jar:/Users/ruslanfursa/.m2/repository/org/bouncycastle/bcpkix-jdk18on/1.75/bcpkix-jdk18on-1.75.jar:/Users/ruslanfursa/.m2/repository/org/bouncycastle/bcprov-jdk18on/1.75/bcprov-jdk18on-1.75.jar:/Users/ruslanfursa/.m2/repository/org/bouncycastle/bcutil-jdk18on/1.75/bcutil-jdk18on-1.75.jar:/Users/ruslanfursa/.m2/repository/org/slf4j/jcl-over-slf4j/1.7.30/jcl-over-slf4j-1.7.30.jar:/Users/ruslanfursa/.m2/repository/com/github/docker-java/docker-java-transport-httpclient5/3.3.3/docker-java-transport-httpclient5-3.3.3.jar:/Users/ruslanfursa/.m2/repository/com/github/docker-java/docker-java-transport/3.3.3/docker-java-transport-3.3.3.jar:/Users/ruslanfursa/.m2/repository/net/java/dev/jna/jna/5.12.1/jna-5.12.1.jar:/Users/ruslanfursa/.m2/repository/org/brotli/dec/0.1.2/dec-0.1.2.jar:/Users/ruslanfursa/.m2/repository/org/apache/httpcomponents/client5/httpclient5/5.2.1/httpclient5-5.2.1.jar:/Users/ruslanfursa/.m2/repository/org/apache/httpcomponents/core5/httpcore5/5.2/httpcore5-5.2.jar:/Users/ruslanfursa/.m2/repository/org/apache/httpcomponents/core5/httpcore5-h2/5.2/httpcore5-h2-5.2.jar:/Users/ruslanfursa/.m2/repository/io/qameta/allure/allure-testng/2.23.0/allure-testng-2.23.0.jar:/Users/ruslanfursa/.m2/repository/io/qameta/allure/allure-java-commons/2.23.0/allure-java-commons-2.23.0.jar:/Users/ruslanfursa/.m2/repository/io/qameta/allure/allure-model/2.23.0/allure-model-2.23.0.jar:/Users/ruslanfursa/.m2/repository/io/qameta/allure/allure-test-filter/2.23.0/allure-test-filter-2.23.0.jar:/Users/ruslanfursa/.m2/repository/io/qameta/allure/allure-maven/2.12.0/allure-maven-2.12.0.jar:/Users/ruslanfursa/.m2/repository/org/apache/httpcomponents/httpclient/4.5.13/httpclient-4.5.13.jar:/Users/ruslanfursa/.m2/repository/org/apache/httpcomponents/httpcore/4.4.13/httpcore-4.4.13.jar:/Users/ruslanfursa/.m2/repository/commons-logging/commons-logging/1.2/commons-logging-1.2.jar:/Users/ruslanfursa/.m2/repository/commons-codec/commons-codec/1.11/commons-codec-1.11.jar:/Users/ruslanfursa/.m2/repository/com/fasterxml/jackson/core/jackson-databind/2.14.0/jackson-databind-2.14.0.jar:/Users/ruslanfursa/.m2/repository/com/fasterxml/jackson/core/jackson-annotations/2.14.0/jackson-annotations-2.14.0.jar:/Users/ruslanfursa/.m2/repository/com/fasterxml/jackson/core/jackson-core/2.14.0/jackson-core-2.14.0.jar:/Users/ruslanfursa/.m2/repository/org/apache/maven/maven-plugin-api/3.8.6/maven-plugin-api-3.8.6.jar:/Users/ruslanfursa/.m2/repository/org/codehaus/plexus/plexus-utils/3.3.1/plexus-utils-3.3.1.jar:/Users/ruslanfursa/.m2/repository/org/codehaus/plexus/plexus-classworlds/2.6.0/plexus-classworlds-2.6.0.jar:/Users/ruslanfursa/.m2/repository/org/apache/maven/maven-core/3.8.6/maven-core-3.8.6.jar:/Users/ruslanfursa/.m2/repository/org/apache/maven/maven-model/3.8.6/maven-model-3.8.6.jar:/Users/ruslanfursa/.m2/repository/org/apache/maven/maven-settings/3.8.6/maven-settings-3.8.6.jar:/Users/ruslanfursa/.m2/repository/org/apache/maven/maven-settings-builder/3.8.6/maven-settings-builder-3.8.6.jar:/Users/ruslanfursa/.m2/repository/org/codehaus/plexus/plexus-sec-dispatcher/2.0/plexus-sec-dispatcher-2.0.jar:/Users/ruslanfursa/.m2/repository/org/codehaus/plexus/plexus-cipher/2.0/plexus-cipher-2.0.jar:/Users/ruslanfursa/.m2/repository/org/apache/maven/maven-builder-support/3.8.6/maven-builder-support-3.8.6.jar:/Users/ruslanfursa/.m2/repository/org/apache/maven/maven-repository-metadata/3.8.6/maven-repository-metadata-3.8.6.jar:/Users/ruslanfursa/.m2/repository/org/apache/maven/maven-artifact/3.8.6/maven-artifact-3.8.6.jar:/Users/ruslanfursa/.m2/repository/org/apache/maven/maven-model-builder/3.8.6/maven-model-builder-3.8.6.jar:/Users/ruslanfursa/.m2/repository/org/apache/maven/maven-resolver-provider/3.8.6/maven-resolver-provider-3.8.6.jar:/Users/ruslanfursa/.m2/repository/org/apache/maven/resolver/maven-resolver-impl/1.6.3/maven-resolver-impl-1.6.3.jar:/Users/ruslanfursa/.m2/repository/org/apache/maven/resolver/maven-resolver-api/1.6.3/maven-resolver-api-1.6.3.jar:/Users/ruslanfursa/.m2/repository/org/apache/maven/resolver/maven-resolver-spi/1.6.3/maven-resolver-spi-1.6.3.jar:/Users/ruslanfursa/.m2/repository/org/apache/maven/resolver/maven-resolver-util/1.6.3/maven-resolver-util-1.6.3.jar:/Users/ruslanfursa/.m2/repository/org/apache/maven/shared/maven-shared-utils/3.3.4/maven-shared-utils-3.3.4.jar:/Users/ruslanfursa/.m2/repository/org/eclipse/sisu/org.eclipse.sisu.plexus/0.3.5/org.eclipse.sisu.plexus-0.3.5.jar:/Users/ruslanfursa/.m2/repository/javax/annotation/javax.annotation-api/1.2/javax.annotation-api-1.2.jar:/Users/ruslanfursa/.m2/repository/org/eclipse/sisu/org.eclipse.sisu.inject/0.3.5/org.eclipse.sisu.inject-0.3.5.jar:/Users/ruslanfursa/.m2/repository/com/google/inject/guice/4.2.2/guice-4.2.2-no_aop.jar:/Users/ruslanfursa/.m2/repository/aopalliance/aopalliance/1.0/aopalliance-1.0.jar:/Users/ruslanfursa/.m2/repository/javax/inject/javax.inject/1/javax.inject-1.jar:/Users/ruslanfursa/.m2/repository/org/codehaus/plexus/plexus-interpolation/1.26/plexus-interpolation-1.26.jar:/Users/ruslanfursa/.m2/repository/org/codehaus/plexus/plexus-component-annotations/2.1.0/plexus-component-annotations-2.1.0.jar:/Users/ruslanfursa/.m2/repository/org/apache/maven/reporting/maven-reporting-impl/3.0.0/maven-reporting-impl-3.0.0.jar:/Users/ruslanfursa/.m2/repository/org/apache/maven/reporting/maven-reporting-api/3.0/maven-reporting-api-3.0.jar:/Users/ruslanfursa/.m2/repository/org/apache/maven/doxia/doxia-sink-api/1.7/doxia-sink-api-1.7.jar:/Users/ruslanfursa/.m2/repository/org/apache/maven/doxia/doxia-logging-api/1.7/doxia-logging-api-1.7.jar:/Users/ruslanfursa/.m2/repository/org/apache/maven/doxia/doxia-decoration-model/1.7.4/doxia-decoration-model-1.7.4.jar:/Users/ruslanfursa/.m2/repository/org/apache/maven/doxia/doxia-core/1.7/doxia-core-1.7.jar:/Users/ruslanfursa/.m2/repository/org/codehaus/plexus/plexus-container-default/1.0-alpha-30/plexus-container-default-1.0-alpha-30.jar:/Users/ruslanfursa/.m2/repository/junit/junit/3.8.1/junit-3.8.1.jar:/Users/ruslanfursa/.m2/repository/commons-lang/commons-lang/2.4/commons-lang-2.4.jar:/Users/ruslanfursa/.m2/repository/xmlunit/xmlunit/1.5/xmlunit-1.5.jar:/Users/ruslanfursa/.m2/repository/org/apache/maven/doxia/doxia-site-renderer/1.7.4/doxia-site-renderer-1.7.4.jar:/Users/ruslanfursa/.m2/repository/org/apache/maven/doxia/doxia-skin-model/1.7.4/doxia-skin-model-1.7.4.jar:/Users/ruslanfursa/.m2/repository/org/apache/maven/doxia/doxia-module-xhtml/1.7/doxia-module-xhtml-1.7.jar:/Users/ruslanfursa/.m2/repository/org/codehaus/plexus/plexus-i18n/1.0-beta-7/plexus-i18n-1.0-beta-7.jar:/Users/ruslanfursa/.m2/repository/org/codehaus/plexus/plexus-velocity/1.2/plexus-velocity-1.2.jar:/Users/ruslanfursa/.m2/repository/org/apache/velocity/velocity/1.7/velocity-1.7.jar:/Users/ruslanfursa/.m2/repository/org/apache/velocity/velocity-tools/2.0/velocity-tools-2.0.jar:/Users/ruslanfursa/.m2/repository/commons-digester/commons-digester/1.8/commons-digester-1.8.jar:/Users/ruslanfursa/.m2/repository/commons-chain/commons-chain/1.1/commons-chain-1.1.jar:/Users/ruslanfursa/.m2/repository/commons-validator/commons-validator/1.3.1/commons-validator-1.3.1.jar:/Users/ruslanfursa/.m2/repository/dom4j/dom4j/1.1/dom4j-1.1.jar:/Users/ruslanfursa/.m2/repository/oro/oro/2.0.8/oro-2.0.8.jar:/Users/ruslanfursa/.m2/repository/sslext/sslext/1.2-0/sslext-1.2-0.jar:/Users/ruslanfursa/.m2/repository/org/apache/struts/struts-core/1.3.8/struts-core-1.3.8.jar:/Users/ruslanfursa/.m2/repository/antlr/antlr/2.7.2/antlr-2.7.2.jar:/Users/ruslanfursa/.m2/repository/org/apache/struts/struts-taglib/1.3.8/struts-taglib-1.3.8.jar:/Users/ruslanfursa/.m2/repository/org/apache/struts/struts-tiles/1.3.8/struts-tiles-1.3.8.jar:/Users/ruslanfursa/.m2/repository/org/apache/maven/shared/maven-artifact-transfer/0.13.1/maven-artifact-transfer-0.13.1.jar:/Users/ruslanfursa/.m2/repository/org/apache/maven/shared/maven-common-artifact-filters/3.1.0/maven-common-artifact-filters-3.1.0.jar:/Users/ruslanfursa/.m2/repository/org/sonatype/sisu/sisu-inject-plexus/1.4.2/sisu-inject-plexus-1.4.2.jar:/Users/ruslanfursa/.m2/repository/org/sonatype/sisu/sisu-inject-bean/1.4.2/sisu-inject-bean-1.4.2.jar:/Users/ruslanfursa/.m2/repository/org/sonatype/sisu/sisu-guice/2.1.7/sisu-guice-2.1.7-noaop.jar:/Users/ruslanfursa/.m2/repository/commons-beanutils/commons-beanutils/1.9.4/commons-beanutils-1.9.4.jar:/Users/ruslanfursa/.m2/repository/commons-collections/commons-collections/3.2.2/commons-collections-3.2.2.jar:/Users/ruslanfursa/.m2/repository/net/lingala/zip4j/zip4j/1.3.3/zip4j-1.3.3.jar:/Users/ruslanfursa/.m2/repository/org/apache/commons/commons-exec/1.3/commons-exec-1.3.jar:/Users/ruslanfursa/.m2/repository/org/apache/maven/plugin-tools/maven-plugin-annotations/3.7.0/maven-plugin-annotations-3.7.0.jar:/Users/ruslanfursa/.m2/repository/org/apache/maven/plugins/maven-jxr-plugin/3.3.0/maven-jxr-plugin-3.3.0.jar:/Users/ruslanfursa/.m2/repository/org/apache/maven/maven-jxr/3.3.0/maven-jxr-3.3.0.jar:/Users/ruslanfursa/.m2/repository/org/apache/maven/wagon/wagon-provider-api/2.8/wagon-provider-api-2.8.jar:/Users/ruslanfursa/.m2/repository/org/codehaus/plexus/plexus-java/1.1.1/plexus-java-1.1.1.jar:/Users/ruslanfursa/.m2/repository/org/ow2/asm/asm/9.2/asm-9.2.jar:/Users/ruslanfursa/.m2/repository/com/thoughtworks/qdox/qdox/2.0.1/qdox-2.0.1.jar:/Users/ruslanfursa/.m2/repository/org/slf4j/slf4j-api/2.0.9/slf4j-api-2.0.9.jar:/Users/ruslanfursa/.m2/repository/org/slf4j/slf4j-reload4j/2.0.9/slf4j-reload4j-2.0.9.jar:/Users/ruslanfursa/.m2/repository/ch/qos/reload4j/reload4j/1.2.22/reload4j-1.2.22.jar:/Users/ruslanfursa/.m2/repository/org/apache/maven/plugins/maven-surefire-plugin/3.1.2/maven-surefire-plugin-3.1.2.jar:/Users/ruslanfursa/.m2/repository/org/apache/maven/surefire/maven-surefire-common/3.1.2/maven-surefire-common-3.1.2.jar:/Users/ruslanfursa/.m2/repository/org/apache/maven/surefire/surefire-api/3.1.2/surefire-api-3.1.2.jar:/Users/ruslanfursa/.m2/repository/org/apache/maven/surefire/surefire-logger-api/3.1.2/surefire-logger-api-3.1.2.jar:/Users/ruslanfursa/.m2/repository/org/apache/maven/surefire/surefire-extensions-api/3.1.2/surefire-extensions-api-3.1.2.jar:/Users/ruslanfursa/.m2/repository/org/apache/maven/surefire/surefire-booter/3.1.2/surefire-booter-3.1.2.jar:/Users/ruslanfursa/.m2/repository/org/apache/maven/surefire/surefire-extensions-spi/3.1.2/surefire-extensions-spi-3.1.2.jar:/Users/ruslanfursa/.m2/repository/org/eclipse/aether/aether-util/1.0.0.v20140518/aether-util-1.0.0.v20140518.jar:/Users/ruslanfursa/.m2/repository/org/eclipse/aether/aether-api/1.0.0.v20140518/aether-api-1.0.0.v20140518.jar:/Users/ruslanfursa/.m2/repository/org/apache/maven/surefire/surefire-shared-utils/3.1.2/surefire-shared-utils-3.1.2.jar:/Users/ruslanfursa/.m2/repository/commons-io/commons-io/2.14.0/commons-io-2.14.0.jar:"/>
    <property name="sun.cpu.endian" value="little"/>
    <property name="user.home" value="/Users/ruslanfursa"/>
    <property name="user.language" value="ru"/>
    <property name="java.specification.vendor" value="Oracle Corporation"/>
    <property name="java.version.date" value="2023-01-17"/>
    <property name="java.home" value="/Users/ruslanfursa/Library/Java/JavaVirtualMachines/corretto-19.0.2/Contents/Home"/>
    <property name="file.separator" value="/"/>
    <property name="basedir" value="/Users/ruslanfursa/IdeaProjects/Orange"/>
    <property name="java.vm.compressedOopsMode" value="Zero based"/>
    <property name="line.separator" value="&#10;"/>
    <property name="java.vm.specification.vendor" value="Oracle Corporation"/>
    <property name="java.specification.name" value="Java Platform API Specification"/>
    <property name="apple.awt.application.name" value="ForkedBooter"/>
    <property name="surefire.real.class.path" value="/Users/ruslanfursa/IdeaProjects/Orange/target/surefire/surefirebooter-20231028222041164_3.jar"/>
    <property name="sun.management.compiler" value="HotSpot 64-Bit Tiered Compilers"/>
    <property name="ftp.nonProxyHosts" value="local|*.local|169.254/16|*.169.254/16"/>
    <property name="java.runtime.version" value="19.0.2+7-FR"/>
    <property name="user.name" value="ruslanfursa"/>
    <property name="stdout.encoding" value="US-ASCII"/>
    <property name="path.separator" value=":"/>
    <property name="os.version" value="14.0"/>
    <property name="java.runtime.name" value="OpenJDK Runtime Environment"/>
    <property name="file.encoding" value="UTF-8"/>
    <property name="java.vm.name" value="OpenJDK 64-Bit Server VM"/>
    <property name="java.vendor.version" value="Corretto-19.0.2.7.1"/>
    <property name="localRepository" value="/Users/ruslanfursa/.m2/repository"/>
    <property name="java.vendor.url.bug" value="https://github.com/corretto/corretto-19/issues/"/>
    <property name="java.io.tmpdir" value="/var/folders/_p/m636hhn95hb_1_x27twsw72w0000gn/T/"/>
    <property name="java.version" value="19.0.2"/>
    <property name="user.dir" value="/Users/ruslanfursa/IdeaProjects/Orange"/>
    <property name="os.arch" value="x86_64"/>
    <property name="java.vm.specification.name" value="Java Virtual Machine Specification"/>
    <property name="native.encoding" value="US-ASCII"/>
    <property name="java.library.path" value="/Users/ruslanfursa/Library/Java/Extensions:/Library/Java/Extensions:/Network/Library/Java/Extensions:/System/Library/Java/Extensions:/usr/lib/java:."/>
    <property name="java.vm.info" value="mixed mode, sharing"/>
    <property name="stderr.encoding" value="US-ASCII"/>
    <property name="java.vendor" value="Amazon.com Inc."/>
    <property name="java.vm.version" value="19.0.2+7-FR"/>
    <property name="sun.io.unicode.encoding" value="UnicodeBig"/>
    <property name="socksNonProxyHosts" value="local|*.local|169.254/16|*.169.254/16"/>
    <property name="java.class.version" value="63.0"/>
  </properties>
  <testcase name="testDashboardSheetsNames[Time at Work](1)" classname="runner.DashboardTest" time="17.369">
    <system-out><![CDATA[0    [main] DEBUG org.testng.TestNG  - suiteXmlPath: "/Users/ruslanfursa/IdeaProjects/Orange/src/test/resources/testng.xml"
987  [main] INFO  org.testng.internal.Utils  - [Utils] MethodGroupsHelper.collectMethodsByGroup() took 0 ms.
992  [main] INFO  org.testng.internal.Utils  - [Utils] MethodGroupsHelper.sortMethods() took 1 ms.
994  [main] INFO  org.testng.internal.Utils  - [Utils] MethodGroupsHelper.collectMethodsByGroup() took 0 ms.
994  [main] INFO  org.testng.internal.Utils  - [Utils] MethodGroupsHelper.sortMethods() took 0 ms.
996  [main] INFO  org.testng.internal.Utils  - [Utils] MethodGroupsHelper.collectMethodsByGroup() took 0 ms.
996  [main] INFO  org.testng.internal.Utils  - [Utils] MethodGroupsHelper.sortMethods() took 0 ms.
997  [main] INFO  org.testng.internal.Utils  - [Utils] MethodGroupsHelper.collectMethodsByGroup() took 0 ms.
997  [main] INFO  org.testng.internal.Utils  - [Utils] MethodGroupsHelper.sortMethods() took 0 ms.
1005 [main] INFO  org.testng.internal.Utils  - [Utils] MethodGroupsHelper.collectMethodsByGroup() took 4 ms.
1027 [main] INFO  org.testng.internal.Utils  - [Utils] MethodGroupsHelper.sortMethods() took 21 ms.
1029 [main] INFO  org.testng.internal.Utils  - [Utils] MethodGroupsHelper.collectMethodsByGroup() took 0 ms.
1030 [main] INFO  org.testng.internal.Utils  - [Utils] MethodGroupsHelper.sortMethods() took 0 ms.
1032 [main] INFO  org.testng.internal.Utils  - [Utils] MethodGroupsHelper.collectMethodsByGroup() took 0 ms.
1032 [main] INFO  org.testng.internal.Utils  - [Utils] MethodGroupsHelper.sortMethods() took 0 ms.
1033 [main] INFO  org.testng.internal.Utils  - [Utils] MethodGroupsHelper.collectMethodsByGroup() took 0 ms.
1033 [main] INFO  org.testng.internal.Utils  - [Utils] MethodGroupsHelper.sortMethods() took 0 ms.
1057 [main] INFO  org.testng.internal.Utils  - [Utils] MethodGroupsHelper.collectMethodsByGroup() took 0 ms.
1059 [main] INFO  org.testng.internal.Utils  - [Utils] MethodGroupsHelper.sortMethods() took 1 ms.
1061 [main] INFO  org.testng.internal.Utils  - [Utils] MethodGroupsHelper.collectMethodsByGroup() took 0 ms.
1061 [main] INFO  org.testng.internal.Utils  - [Utils] MethodGroupsHelper.sortMethods() took 0 ms.
1073 [main] INFO  org.testng.internal.Utils  - [Utils] MethodGroupsHelper.collectMethodsByGroup() took 0 ms.
1073 [main] INFO  org.testng.internal.Utils  - [Utils] MethodGroupsHelper.sortMethods() took 0 ms.
1078 [main] INFO  org.testng.internal.Utils  - [Utils] MethodGroupsHelper.collectMethodsByGroup() took 0 ms.
1078 [main] INFO  org.testng.internal.Utils  - [Utils] MethodGroupsHelper.sortMethods() took 0 ms.
1078 [main] INFO  org.testng.internal.Utils  - [Utils] MethodGroupsHelper.collectMethodsByGroup() took 0 ms.
1079 [main] INFO  org.testng.internal.Utils  - [Utils] MethodGroupsHelper.sortMethods() took 0 ms.
1079 [main] INFO  org.testng.internal.Utils  - [Utils] MethodGroupsHelper.collectMethodsByGroup() took 0 ms.
1079 [main] INFO  org.testng.internal.Utils  - [Utils] MethodGroupsHelper.sortMethods() took 0 ms.
1081 [main] INFO  org.testng.internal.Utils  - [Utils] MethodGroupsHelper.collectMethodsByGroup() took 0 ms.
1082 [main] INFO  org.testng.internal.Utils  - [Utils] MethodGroupsHelper.sortMethods() took 0 ms.
1084 [main] INFO  org.testng.internal.Utils  - [Utils] MethodGroupsHelper.collectMethodsByGroup() took 0 ms.
1085 [main] INFO  org.testng.internal.Utils  - [Utils] MethodGroupsHelper.sortMethods() took 0 ms.
1085 [main] INFO  org.testng.internal.Utils  - [Utils] MethodGroupsHelper.collectMethodsByGroup() took 0 ms.
1086 [main] INFO  org.testng.internal.Utils  - [Utils] MethodGroupsHelper.sortMethods() took 0 ms.
1086 [main] INFO  org.testng.internal.Utils  - [Utils] MethodGroupsHelper.collectMethodsByGroup() took 0 ms.
1086 [main] INFO  org.testng.internal.Utils  - [Utils] MethodGroupsHelper.sortMethods() took 0 ms.
1087 [main] INFO  org.testng.internal.Utils  - [Utils] MethodGroupsHelper.collectMethodsByGroup() took 0 ms.
1087 [main] INFO  org.testng.internal.Utils  - [Utils] MethodGroupsHelper.sortMethods() took 0 ms.
1091 [main] INFO  org.testng.internal.Utils  - [Utils] MethodGroupsHelper.collectMethodsByGroup() took 0 ms.
1091 [main] INFO  org.testng.internal.Utils  - [Utils] MethodGroupsHelper.sortMethods() took 0 ms.
1094 [main] INFO  org.testng.internal.Utils  - [Utils] MethodGroupsHelper.collectMethodsByGroup() took 0 ms.
1094 [main] INFO  org.testng.internal.Utils  - [Utils] MethodGroupsHelper.sortMethods() took 0 ms.
1095 [main] INFO  org.testng.internal.Utils  - [Utils] MethodGroupsHelper.collectMethodsByGroup() took 0 ms.
1102 [main] INFO  org.testng.internal.Utils  - [Utils] MethodGroupsHelper.sortMethods() took 0 ms.
1105 [main] INFO  org.testng.internal.Utils  - [Utils] MethodGroupsHelper.collectMethodsByGroup() took 0 ms.
1105 [main] INFO  org.testng.internal.Utils  - [Utils] MethodGroupsHelper.sortMethods() took 0 ms.
1106 [main] INFO  org.testng.internal.Utils  - [Utils] MethodGroupsHelper.collectMethodsByGroup() took 0 ms.
1106 [main] INFO  org.testng.internal.Utils  - [Utils] MethodGroupsHelper.sortMethods() took 0 ms.
1106 [main] INFO  org.testng.internal.Utils  - [Utils] MethodGroupsHelper.collectMethodsByGroup() took 0 ms.
1107 [main] INFO  org.testng.internal.Utils  - [Utils] MethodGroupsHelper.sortMethods() took 0 ms.
1109 [main] INFO  org.testng.internal.Utils  - [Utils] MethodGroupsHelper.collectMethodsByGroup() took 0 ms.
1110 [main] INFO  org.testng.internal.Utils  - [Utils] MethodGroupsHelper.sortMethods() took 0 ms.
1110 [main] INFO  org.testng.internal.Utils  - [Utils] MethodGroupsHelper.collectMethodsByGroup() took 0 ms.
1111 [main] INFO  org.testng.internal.Utils  - [Utils] MethodGroupsHelper.sortMethods() took 0 ms.
1111 [main] INFO  org.testng.internal.Utils  - [Utils] MethodGroupsHelper.collectMethodsByGroup() took 0 ms.
1113 [main] INFO  org.testng.internal.Utils  - [Utils] MethodGroupsHelper.sortMethods() took 0 ms.
1114 [main] INFO  org.testng.internal.Utils  - [Utils] MethodGroupsHelper.collectMethodsByGroup() took 0 ms.
1114 [main] INFO  org.testng.internal.Utils  - [Utils] MethodGroupsHelper.sortMethods() took 0 ms.
1121 [main] INFO  org.testng.internal.Utils  - [Utils] MethodGroupsHelper.collectMethodsByGroup() took 0 ms.
1123 [main] INFO  org.testng.internal.Utils  - [Utils] MethodGroupsHelper.sortMethods() took 0 ms.
1126 [main] INFO  org.testng.internal.Utils  - [Utils] MethodGroupsHelper.collectMethodsByGroup() took 0 ms.
1126 [main] INFO  org.testng.internal.Utils  - [Utils] MethodGroupsHelper.sortMethods() took 0 ms.
1127 [main] INFO  org.testng.internal.Utils  - [Utils] MethodGroupsHelper.collectMethodsByGroup() took 0 ms.
1127 [main] INFO  org.testng.internal.Utils  - [Utils] MethodGroupsHelper.sortMethods() took 0 ms.
1127 [main] INFO  org.testng.internal.Utils  - [Utils] MethodGroupsHelper.collectMethodsByGroup() took 0 ms.
1127 [main] INFO  org.testng.internal.Utils  - [Utils] MethodGroupsHelper.sortMethods() took 0 ms.
1128 [main] INFO  org.testng.internal.Utils  - [Utils] MethodGroupsHelper.collectMethodsByGroup() took 0 ms.
1129 [main] INFO  org.testng.internal.Utils  - [Utils] MethodGroupsHelper.sortMethods() took 0 ms.
1130 [main] INFO  org.testng.internal.Utils  - [Utils] MethodGroupsHelper.collectMethodsByGroup() took 0 ms.
1131 [main] INFO  org.testng.internal.Utils  - [Utils] MethodGroupsHelper.sortMethods() took 0 ms.
1131 [main] INFO  org.testng.internal.Utils  - [Utils] MethodGroupsHelper.collectMethodsByGroup() took 0 ms.
1131 [main] INFO  org.testng.internal.Utils  - [Utils] MethodGroupsHelper.sortMethods() took 0 ms.
1132 [main] INFO  org.testng.internal.Utils  - [Utils] MethodGroupsHelper.collectMethodsByGroup() took 0 ms.
1133 [main] INFO  org.testng.internal.Utils  - [Utils] MethodGroupsHelper.sortMethods() took 0 ms.
1133 [main] INFO  org.testng.internal.Utils  - [Utils] MethodGroupsHelper.collectMethodsByGroup() took 0 ms.
1133 [main] INFO  org.testng.internal.Utils  - [Utils] MethodGroupsHelper.sortMethods() took 0 ms.
1134 [main] INFO  org.testng.internal.Utils  - [Utils] MethodGroupsHelper.collectMethodsByGroup() took 0 ms.
1135 [main] INFO  org.testng.internal.Utils  - [Utils] MethodGroupsHelper.sortMethods() took 0 ms.
1136 [main] INFO  org.testng.internal.Utils  - [Utils] MethodGroupsHelper.collectMethodsByGroup() took 0 ms.
1136 [main] INFO  org.testng.internal.Utils  - [Utils] MethodGroupsHelper.sortMethods() took 0 ms.
1139 [main] INFO  org.testng.internal.Utils  - [Utils] MethodGroupsHelper.collectMethodsByGroup() took 0 ms.
1139 [main] INFO  org.testng.internal.Utils  - [Utils] MethodGroupsHelper.sortMethods() took 0 ms.
1140 [main] INFO  org.testng.internal.Utils  - [Utils] MethodGroupsHelper.collectMethodsByGroup() took 0 ms.
1140 [main] INFO  org.testng.internal.Utils  - [Utils] MethodGroupsHelper.sortMethods() took 0 ms.
1140 [main] INFO  org.testng.internal.Utils  - [Utils] MethodGroupsHelper.collectMethodsByGroup() took 0 ms.
1140 [main] INFO  org.testng.internal.Utils  - [Utils] MethodGroupsHelper.sortMethods() took 0 ms.
1140 [main] INFO  org.testng.internal.Utils  - [Utils] MethodGroupsHelper.collectMethodsByGroup() took 0 ms.
1141 [main] INFO  org.testng.internal.Utils  - [Utils] MethodGroupsHelper.sortMethods() took 0 ms.
1141 [main] INFO  org.testng.internal.Utils  - [Utils] MethodGroupsHelper.collectMethodsByGroup() took 0 ms.
1142 [main] INFO  org.testng.internal.Utils  - [Utils] MethodGroupsHelper.sortMethods() took 0 ms.
1142 [main] INFO  org.testng.internal.Utils  - [Utils] MethodGroupsHelper.collectMethodsByGroup() took 0 ms.
1142 [main] INFO  org.testng.internal.Utils  - [Utils] MethodGroupsHelper.sortMethods() took 0 ms.
1143 [main] INFO  org.testng.internal.Utils  - [Utils] MethodGroupsHelper.collectMethodsByGroup() took 0 ms.
1143 [main] INFO  org.testng.internal.Utils  - [Utils] MethodGroupsHelper.sortMethods() took 0 ms.
1143 [main] INFO  org.testng.internal.Utils  - [Utils] MethodGroupsHelper.collectMethodsByGroup() took 0 ms.
1143 [main] INFO  org.testng.internal.Utils  - [Utils] MethodGroupsHelper.sortMethods() took 0 ms.
1144 [main] INFO  org.testng.internal.Utils  - [Utils] MethodGroupsHelper.collectMethodsByGroup() took 0 ms.
1144 [main] INFO  org.testng.internal.Utils  - [Utils] MethodGroupsHelper.sortMethods() took 0 ms.
1145 [main] INFO  org.testng.internal.Utils  - [Utils] MethodGroupsHelper.collectMethodsByGroup() took 0 ms.
1146 [main] INFO  org.testng.internal.Utils  - [Utils] MethodGroupsHelper.sortMethods() took 0 ms.
1149 [main] INFO  org.testng.internal.Utils  - [Utils] MethodGroupsHelper.collectMethodsByGroup() took 0 ms.
1149 [main] INFO  org.testng.internal.Utils  - [Utils] MethodGroupsHelper.sortMethods() took 0 ms.
1150 [main] INFO  org.testng.internal.Utils  - [Utils] MethodGroupsHelper.collectMethodsByGroup() took 0 ms.
1150 [main] INFO  org.testng.internal.Utils  - [Utils] MethodGroupsHelper.sortMethods() took 0 ms.
1150 [main] INFO  org.testng.internal.Utils  - [Utils] MethodGroupsHelper.collectMethodsByGroup() took 0 ms.
1150 [main] INFO  org.testng.internal.Utils  - [Utils] MethodGroupsHelper.sortMethods() took 0 ms.
1150 [main] INFO  org.testng.internal.Utils  - [Utils] MethodGroupsHelper.collectMethodsByGroup() took 0 ms.
1150 [main] INFO  org.testng.internal.Utils  - [Utils] MethodGroupsHelper.sortMethods() took 0 ms.
1151 [main] INFO  org.testng.internal.Utils  - [Utils] MethodGroupsHelper.collectMethodsByGroup() took 0 ms.
1152 [main] INFO  org.testng.internal.Utils  - [Utils] MethodGroupsHelper.sortMethods() took 0 ms.
1153 [main] INFO  org.testng.internal.Utils  - [Utils] MethodGroupsHelper.collectMethodsByGroup() took 0 ms.
1153 [main] INFO  org.testng.internal.Utils  - [Utils] MethodGroupsHelper.sortMethods() took 0 ms.
1154 [main] INFO  org.testng.internal.Utils  - [Utils] MethodGroupsHelper.collectMethodsByGroup() took 0 ms.
1154 [main] INFO  org.testng.internal.Utils  - [Utils] MethodGroupsHelper.sortMethods() took 0 ms.
1154 [main] INFO  org.testng.internal.Utils  - [Utils] MethodGroupsHelper.collectMethodsByGroup() took 0 ms.
1154 [main] INFO  org.testng.internal.Utils  - [Utils] MethodGroupsHelper.sortMethods() took 0 ms.
1154 [main] INFO  org.testng.internal.Utils  - [Utils] MethodGroupsHelper.collectMethodsByGroup() took 0 ms.
1155 [main] INFO  org.testng.internal.Utils  - [Utils] MethodGroupsHelper.sortMethods() took 0 ms.
1156 [main] INFO  org.testng.internal.Utils  - [Utils] MethodGroupsHelper.collectMethodsByGroup() took 0 ms.
1156 [main] INFO  org.testng.internal.Utils  - [Utils] MethodGroupsHelper.sortMethods() took 0 ms.
1160 [main] INFO  org.testng.internal.Utils  - [Utils] MethodGroupsHelper.collectMethodsByGroup() took 0 ms.
1161 [main] INFO  org.testng.internal.Utils  - [Utils] MethodGroupsHelper.sortMethods() took 0 ms.
1162 [main] INFO  org.testng.internal.Utils  - [Utils] MethodGroupsHelper.collectMethodsByGroup() took 0 ms.
1162 [main] INFO  org.testng.internal.Utils  - [Utils] MethodGroupsHelper.sortMethods() took 0 ms.
1162 [main] INFO  org.testng.internal.Utils  - [Utils] MethodGroupsHelper.collectMethodsByGroup() took 0 ms.
1162 [main] INFO  org.testng.internal.Utils  - [Utils] MethodGroupsHelper.sortMethods() took 0 ms.
1162 [main] INFO  org.testng.internal.Utils  - [Utils] MethodGroupsHelper.collectMethodsByGroup() took 0 ms.
1163 [main] INFO  org.testng.internal.Utils  - [Utils] MethodGroupsHelper.sortMethods() took 0 ms.
1163 [main] INFO  org.testng.internal.Utils  - [Utils] MethodGroupsHelper.collectMethodsByGroup() took 0 ms.
1163 [main] INFO  org.testng.internal.Utils  - [Utils] MethodGroupsHelper.sortMethods() took 0 ms.
1164 [main] INFO  org.testng.internal.Utils  - [Utils] MethodGroupsHelper.collectMethodsByGroup() took 0 ms.
1165 [main] INFO  org.testng.internal.Utils  - [Utils] MethodGroupsHelper.sortMethods() took 0 ms.
1166 [main] INFO  org.testng.internal.Utils  - [Utils] MethodGroupsHelper.collectMethodsByGroup() took 0 ms.
1166 [main] INFO  org.testng.internal.Utils  - [Utils] MethodGroupsHelper.sortMethods() took 0 ms.
1167 [main] INFO  org.testng.internal.Utils  - [Utils] MethodGroupsHelper.collectMethodsByGroup() took 0 ms.
1167 [main] INFO  org.testng.internal.Utils  - [Utils] MethodGroupsHelper.sortMethods() took 0 ms.
1167 [main] INFO  org.testng.internal.Utils  - [Utils] MethodGroupsHelper.collectMethodsByGroup() took 0 ms.
1168 [main] INFO  org.testng.internal.Utils  - [Utils] MethodGroupsHelper.sortMethods() took 0 ms.
1169 [main] INFO  org.testng.internal.Utils  - [Utils] MethodGroupsHelper.collectMethodsByGroup() took 0 ms.
1169 [main] INFO  org.testng.internal.Utils  - [Utils] MethodGroupsHelper.sortMethods() took 0 ms.
1172 [main] INFO  org.testng.internal.Utils  - [Utils] MethodGroupsHelper.collectMethodsByGroup() took 0 ms.
1172 [main] INFO  org.testng.internal.Utils  - [Utils] MethodGroupsHelper.sortMethods() took 0 ms.
1172 [main] INFO  org.testng.internal.Utils  - [Utils] MethodGroupsHelper.collectMethodsByGroup() took 0 ms.
1172 [main] INFO  org.testng.internal.Utils  - [Utils] MethodGroupsHelper.sortMethods() took 0 ms.
1172 [main] INFO  org.testng.internal.Utils  - [Utils] MethodGroupsHelper.collectMethodsByGroup() took 0 ms.
1173 [main] INFO  org.testng.internal.Utils  - [Utils] MethodGroupsHelper.sortMethods() took 0 ms.
1174 [main] INFO  org.testng.internal.Utils  - [Utils] MethodGroupsHelper.collectMethodsByGroup() took 0 ms.
1174 [main] INFO  org.testng.internal.Utils  - [Utils] MethodGroupsHelper.sortMethods() took 0 ms.
1174 [main] INFO  org.testng.internal.Utils  - [Utils] MethodGroupsHelper.collectMethodsByGroup() took 0 ms.
1175 [main] INFO  org.testng.internal.Utils  - [Utils] MethodGroupsHelper.sortMethods() took 0 ms.
1175 [main] INFO  org.testng.internal.Utils  - [Utils] MethodGroupsHelper.collectMethodsByGroup() took 0 ms.
1175 [main] INFO  org.testng.internal.Utils  - [Utils] MethodGroupsHelper.sortMethods() took 0 ms.
1176 [main] INFO  org.testng.internal.Utils  - [Utils] MethodGroupsHelper.collectMethodsByGroup() took 0 ms.
1176 [main] INFO  org.testng.internal.Utils  - [Utils] MethodGroupsHelper.sortMethods() took 0 ms.
1176 [main] INFO  org.testng.internal.Utils  - [Utils] MethodGroupsHelper.collectMethodsByGroup() took 0 ms.
1176 [main] INFO  org.testng.internal.Utils  - [Utils] MethodGroupsHelper.sortMethods() took 0 ms.
1177 [main] INFO  org.testng.internal.Utils  - [Utils] MethodGroupsHelper.collectMethodsByGroup() took 0 ms.
1177 [main] INFO  org.testng.internal.Utils  - [Utils] MethodGroupsHelper.sortMethods() took 0 ms.
1178 [main] INFO  org.testng.internal.Utils  - [Utils] MethodGroupsHelper.collectMethodsByGroup() took 0 ms.
1178 [main] INFO  org.testng.internal.Utils  - [Utils] MethodGroupsHelper.sortMethods() took 0 ms.
1179 [main] INFO  org.testng.internal.Utils  - [Utils] MethodGroupsHelper.collectMethodsByGroup() took 0 ms.
1180 [main] INFO  org.testng.internal.Utils  - [Utils] MethodGroupsHelper.sortMethods() took 0 ms.
1180 [main] INFO  org.testng.internal.Utils  - [Utils] MethodGroupsHelper.collectMethodsByGroup() took 0 ms.
1180 [main] INFO  org.testng.internal.Utils  - [Utils] MethodGroupsHelper.sortMethods() took 0 ms.
1180 [main] INFO  org.testng.internal.Utils  - [Utils] MethodGroupsHelper.collectMethodsByGroup() took 0 ms.
1180 [main] INFO  org.testng.internal.Utils  - [Utils] MethodGroupsHelper.sortMethods() took 0 ms.
1180 [main] INFO  org.testng.internal.Utils  - [Utils] MethodGroupsHelper.collectMethodsByGroup() took 0 ms.
1180 [main] INFO  org.testng.internal.Utils  - [Utils] MethodGroupsHelper.sortMethods() took 0 ms.
1181 [main] INFO  org.testng.internal.Utils  - [Utils] MethodGroupsHelper.collectMethodsByGroup() took 0 ms.
1181 [main] INFO  org.testng.internal.Utils  - [Utils] MethodGroupsHelper.sortMethods() took 0 ms.
1181 [main] INFO  org.testng.internal.Utils  - [Utils] MethodGroupsHelper.collectMethodsByGroup() took 0 ms.
1182 [main] INFO  org.testng.internal.Utils  - [Utils] MethodGroupsHelper.sortMethods() took 0 ms.
1183 [main] INFO  org.testng.internal.Utils  - [Utils] MethodGroupsHelper.collectMethodsByGroup() took 0 ms.
1183 [main] INFO  org.testng.internal.Utils  - [Utils] MethodGroupsHelper.sortMethods() took 0 ms.
1184 [main] INFO  org.testng.internal.Utils  - [Utils] MethodGroupsHelper.collectMethodsByGroup() took 0 ms.
1184 [main] INFO  org.testng.internal.Utils  - [Utils] MethodGroupsHelper.sortMethods() took 0 ms.
1184 [main] INFO  org.testng.internal.Utils  - [Utils] MethodGroupsHelper.collectMethodsByGroup() took 0 ms.
1184 [main] INFO  org.testng.internal.Utils  - [Utils] MethodGroupsHelper.sortMethods() took 0 ms.
1185 [main] INFO  org.testng.internal.Utils  - [Utils] MethodGroupsHelper.collectMethodsByGroup() took 0 ms.
1185 [main] INFO  org.testng.internal.Utils  - [Utils] MethodGroupsHelper.sortMethods() took 0 ms.
1189 [main] INFO  org.testng.internal.Utils  - [Utils] MethodGroupsHelper.collectMethodsByGroup() took 0 ms.
1190 [main] INFO  org.testng.internal.Utils  - [Utils] MethodGroupsHelper.sortMethods() took 0 ms.
1190 [main] INFO  org.testng.internal.Utils  - [Utils] MethodGroupsHelper.collectMethodsByGroup() took 0 ms.
1190 [main] INFO  org.testng.internal.Utils  - [Utils] MethodGroupsHelper.sortMethods() took 0 ms.
1195 [main] INFO  org.testng.internal.Utils  - [Utils] MethodGroupsHelper.collectMethodsByGroup() took 3 ms.
1213 [main] INFO  org.testng.internal.Utils  - [Utils] MethodGroupsHelper.sortMethods() took 15 ms.
1222 [main] INFO  org.testng.internal.Utils  - [Utils] MethodGroupsHelper.collectMethodsByGroup() took 0 ms.
1222 [main] INFO  org.testng.internal.Utils  - [Utils] MethodGroupsHelper.sortMethods() took 0 ms.
1222 [main] INFO  org.testng.internal.Utils  - [Utils] MethodGroupsHelper.collectMethodsByGroup() took 0 ms.
1223 [main] INFO  org.testng.internal.Utils  - [Utils] MethodGroupsHelper.sortMethods() took 0 ms.
1303 [main] INFO  org.testng.internal.Utils  - [Utils] DynamicGraphHelper.createDynamicGraph() took 4 ms.
1315 [main] INFO  org.testng.internal.Utils  - [TestRunner] Starting executor for test /Users/ruslanfursa/IdeaProjects/Orange with time out:2147483647 milliseconds.
init runner.DashboardTest@508dec2b
openSite runner.DashboardTest@508dec2b
]]></system-out>
  </testcase>
  <testcase name="testDashboardSheetsNames[My Actions](2)" classname="runner.DashboardTest" time="4.791">
    <system-out><![CDATA[Logged out
openSite runner.DashboardTest@508dec2b
]]></system-out>
  </testcase>
  <testcase name="testDashboardSheetsNames[Quick Launch](3)" classname="runner.DashboardTest" time="4.94">
    <system-out><![CDATA[Logged out
openSite runner.DashboardTest@508dec2b
]]></system-out>
  </testcase>
  <testcase name="testDashboardSheetsNames[Employee Distribution by Sub Unit](4)" classname="runner.DashboardTest" time="4.042">
    <system-out><![CDATA[Logged out
openSite runner.DashboardTest@508dec2b
]]></system-out>
  </testcase>
  <testcase name="testDashboardSheetsNames[Buzz Latest Posts](5)" classname="runner.DashboardTest" time="1.679">
    <system-out><![CDATA[Logged out
openSite runner.DashboardTest@508dec2b
]]></system-out>
  </testcase>
  <testcase name="testDashboardSheetsNames[Employees on Leave Today](6)" classname="runner.DashboardTest" time="7.995">
    <system-out><![CDATA[Logged out
openSite runner.DashboardTest@508dec2b
]]></system-out>
  </testcase>
  <testcase name="testDashboardSheetsNames[Employee Distribution by Location](7)" classname="runner.DashboardTest" time="1.658">
    <system-out><![CDATA[Logged out
openSite runner.DashboardTest@508dec2b
]]></system-out>
  </testcase>
  <testcase name="testQuestionIcon" classname="runner.DashboardTest" time="9.967">
    <system-out><![CDATA[Logged out
openSite runner.DashboardTest@508dec2b
]]></system-out>
  </testcase>
  <testcase name="testOrangeLinkInFooter" classname="runner.DashboardTest" time="32.318">
    <system-out><![CDATA[Logged out
openSite runner.DashboardTest@508dec2b
]]></system-out>
  </testcase>
  <testcase name="testSearchInSidebarMenu[a](1)" classname="runner.DashboardTest" time="6.574">
    <system-out><![CDATA[Logged out
openSite runner.DashboardTest@508dec2b
]]></system-out>
  </testcase>
  <testcase name="testSearchInSidebarMenu[m](2)" classname="runner.DashboardTest" time="3.243">
    <system-out><![CDATA[Logged out
openSite runner.DashboardTest@508dec2b
]]></system-out>
  </testcase>
  <testcase name="testSearchInSidebarMenu[o](3)" classname="runner.DashboardTest" time="2.161">
    <system-out><![CDATA[Logged out
openSite runner.DashboardTest@508dec2b
]]></system-out>
  </testcase>
  <testcase name="testTransitionToAdminPage" classname="runner.DashboardTest" time="5.041">
    <system-out><![CDATA[Logged out
openSite runner.DashboardTest@508dec2b
]]></system-out>
  </testcase>
  <testcase name="testTransitionToPIMpage" classname="runner.DashboardTest" time="8.151">
    <system-out><![CDATA[Logged out
openSite runner.DashboardTest@508dec2b
]]></system-out>
  </testcase>
  <testcase name="testTransitionToLeavePage" classname="runner.DashboardTest" time="5.671">
    <system-out><![CDATA[Logged out
openSite runner.DashboardTest@508dec2b
]]></system-out>
  </testcase>
  <testcase name="testTransitionToTimePage" classname="runner.DashboardTest" time="4.437">
    <system-out><![CDATA[Logged out
openSite runner.DashboardTest@508dec2b
]]></system-out>
  </testcase>
  <testcase name="testTransitionToRecruitmentPage" classname="runner.DashboardTest" time="8.615">
    <system-out><![CDATA[Logged out
openSite runner.DashboardTest@508dec2b
]]></system-out>
  </testcase>
  <testcase name="testTransitionToMyInfoPage" classname="runner.DashboardTest" time="7.117">
    <system-out><![CDATA[Logged out
openSite runner.DashboardTest@508dec2b
]]></system-out>
  </testcase>
  <testcase name="testTransitionToPerformancePage" classname="runner.DashboardTest" time="4.529">
    <system-out><![CDATA[Logged out
openSite runner.DashboardTest@508dec2b
]]></system-out>
  </testcase>
  <testcase name="testTransitionToDashboardPage" classname="runner.DashboardTest" time="3.597">
    <system-out><![CDATA[Logged out
openSite runner.DashboardTest@508dec2b
]]></system-out>
  </testcase>
  <testcase name="testTransitionToDirectoryPage" classname="runner.DashboardTest" time="6.849">
    <system-out><![CDATA[Logged out
openSite runner.DashboardTest@508dec2b
]]></system-out>
  </testcase>
  <testcase name="testTransitionToMaintenancePage" classname="runner.DashboardTest" time="5.836">
    <system-out><![CDATA[Logged out
openSite runner.DashboardTest@508dec2b
]]></system-out>
  </testcase>
  <testcase name="testTransitionToClaimPage" classname="runner.DashboardTest" time="4.164">
    <system-out><![CDATA[Logged out
openSite runner.DashboardTest@508dec2b
]]></system-out>
  </testcase>
  <testcase name="testTransitionToBuzzPage" classname="runner.DashboardTest" time="3.678">
    <system-out><![CDATA[Logged out
openSite runner.DashboardTest@508dec2b
]]></system-out>
  </testcase>
  <testcase name="testLoginWithValidCredentials" classname="runner.LoginTest" time="25.402">
    <system-out><![CDATA[Logged out
closeDriver runner.DashboardTest@508dec2b
init runner.LoginTest@5d908d47
openSite runner.LoginTest@5d908d47
This is LoginTest
]]></system-out>
  </testcase>
  <testcase name="testLoginWithInvalidUsername" classname="runner.LoginTest" time="2.88">
    <system-out><![CDATA[This is LoginTest afterMethod
openSite runner.LoginTest@5d908d47
This is LoginTest
]]></system-out>
  </testcase>
  <testcase name="testLoginWithInvalidPassword" classname="runner.LoginTest" time="2.57">
    <system-out><![CDATA[This is LoginTest afterMethod
openSite runner.LoginTest@5d908d47
This is LoginTest
]]></system-out>
  </testcase>
  <testcase name="testLoginWithoutFillingInUserNameAndPasswordFields" classname="runner.LoginTest" time="0.933">
    <system-out><![CDATA[This is LoginTest afterMethod
openSite runner.LoginTest@5d908d47
This is LoginTest
]]></system-out>
  </testcase>
  <testcase name="testForgotYourPassword" classname="runner.LoginTest" time="2.576">
    <system-out><![CDATA[This is LoginTest afterMethod
openSite runner.LoginTest@5d908d47
This is LoginTest
]]></system-out>
  </testcase>
  <testcase name="testTransitionToLinkedinPage" classname="runner.LoginTest" time="12.92">
    <system-out><![CDATA[This is LoginTest afterMethod
openSite runner.LoginTest@5d908d47
This is LoginTest
]]></system-out>
  </testcase>
  <testcase name="testTransitionToFacebookPage" classname="runner.LoginTest" time="8.798">
    <system-out><![CDATA[This is LoginTest afterMethod
openSite runner.LoginTest@5d908d47
This is LoginTest
]]></system-out>
  </testcase>
  <testcase name="testTransitionToTwitterPage" classname="runner.LoginTest" time="1.388">
    <system-out><![CDATA[This is LoginTest afterMethod
openSite runner.LoginTest@5d908d47
This is LoginTest
]]></system-out>
  </testcase>
  <testcase name="testTransitionToYoutubePage" classname="runner.LoginTest" time="19.396">
    <system-out><![CDATA[This is LoginTest afterMethod
openSite runner.LoginTest@5d908d47
This is LoginTest
]]></system-out>
  </testcase>
  <testcase name="testAddEmployee" classname="runner.PimTest" time="26.602">
    <failure message="expected [true] but found [false]" type="java.lang.AssertionError"><![CDATA[java.lang.AssertionError: expected [true] but found [false]
	at org.testng.Assert.fail(Assert.java:110)
	at org.testng.Assert.failNotEquals(Assert.java:1577)
	at org.testng.Assert.assertTrue(Assert.java:56)
	at org.testng.Assert.assertTrue(Assert.java:66)
	at runner.PimTest.testAddEmployee(PimTest.java:24)
	at java.base/jdk.internal.reflect.DirectMethodHandleAccessor.invoke(DirectMethodHandleAccessor.java:104)
	at java.base/java.lang.reflect.Method.invoke(Method.java:578)
	at org.testng.internal.invokers.MethodInvocationHelper.invokeMethod(MethodInvocationHelper.java:139)
	at org.testng.internal.invokers.TestInvoker.invokeMethod(TestInvoker.java:677)
	at org.testng.internal.invokers.TestInvoker.invokeTestMethod(TestInvoker.java:221)
	at org.testng.internal.invokers.MethodRunner.runInSequence(MethodRunner.java:50)
	at org.testng.internal.invokers.TestInvoker$MethodInvocationAgent.invoke(TestInvoker.java:969)
	at org.testng.internal.invokers.TestInvoker.invokeTestMethods(TestInvoker.java:194)
	at org.testng.internal.invokers.TestMethodWorker.invokeTestMethods(TestMethodWorker.java:148)
	at org.testng.internal.invokers.TestMethodWorker.run(TestMethodWorker.java:128)
	at java.base/java.util.concurrent.ThreadPoolExecutor.runWorker(ThreadPoolExecutor.java:1144)
	at java.base/java.util.concurrent.ThreadPoolExecutor$Worker.run(ThreadPoolExecutor.java:642)
	at java.base/java.lang.Thread.run(Thread.java:1589)
]]></failure>
    <system-out><![CDATA[This is LoginTest afterMethod
closeDriver runner.LoginTest@5d908d47
init runner.PimTest@5efa40fe
openSite runner.PimTest@5efa40fe
Vernell Hettinger---expected name
---actual name
]]></system-out>
  </testcase>
  <testcase name="testRenameHoliday" classname="runner.LeaveTest" time="25.045">
    <failure message="Expected condition failed: waiting for visibility of Proxy element for: DefaultElementLocator &apos;By.xpath: //span[text() = &apos;Configure &apos;]&apos; (tried for 10 second(s) with 500 milliseconds interval)" type="org.openqa.selenium.TimeoutException"><![CDATA[org.openqa.selenium.TimeoutException: Expected condition failed: waiting for visibility of Proxy element for: DefaultElementLocator 'By.xpath: //span[text() = 'Configure ']' (tried for 10 second(s) with 500 milliseconds interval)
	at org.openqa.selenium.support.ui.WebDriverWait.timeoutException(WebDriverWait.java:84)
	at org.openqa.selenium.support.ui.FluentWait.until(FluentWait.java:230)
	at model.page.LeavePage.clickConfigureTab(LeavePage.java:51)
	at runner.LeaveTest.testRenameHoliday(LeaveTest.java:19)
	at java.base/jdk.internal.reflect.DirectMethodHandleAccessor.invoke(DirectMethodHandleAccessor.java:104)
	at java.base/java.lang.reflect.Method.invoke(Method.java:578)
	at org.testng.internal.invokers.MethodInvocationHelper.invokeMethod(MethodInvocationHelper.java:139)
	at org.testng.internal.invokers.TestInvoker.invokeMethod(TestInvoker.java:677)
	at org.testng.internal.invokers.TestInvoker.invokeTestMethod(TestInvoker.java:221)
	at org.testng.internal.invokers.MethodRunner.runInSequence(MethodRunner.java:50)
	at org.testng.internal.invokers.TestInvoker$MethodInvocationAgent.invoke(TestInvoker.java:969)
	at org.testng.internal.invokers.TestInvoker.invokeTestMethods(TestInvoker.java:194)
	at org.testng.internal.invokers.TestMethodWorker.invokeTestMethods(TestMethodWorker.java:148)
	at org.testng.internal.invokers.TestMethodWorker.run(TestMethodWorker.java:128)
	at java.base/java.util.concurrent.ThreadPoolExecutor.runWorker(ThreadPoolExecutor.java:1144)
	at java.base/java.util.concurrent.ThreadPoolExecutor$Worker.run(ThreadPoolExecutor.java:642)
	at java.base/java.lang.Thread.run(Thread.java:1589)
Caused by: org.openqa.selenium.NoSuchElementException: no such element: Unable to locate element: {"method":"xpath","selector":"//span[text() = 'Configure ']"}
  (Session info: headless chrome=118.0.5993.117)
For documentation on this error, please visit: https://www.selenium.dev/documentation/webdriver/troubleshooting/errors#no-such-element-exception
Build info: version: '4.14.1', revision: '03f8ede370'
System info: os.name: 'Mac OS X', os.arch: 'x86_64', os.version: '14.0', java.version: '19.0.2'
Driver info: org.openqa.selenium.chrome.ChromeDriver
Command: [6ab1f57f252349fc2452a453a6e17bc3, findElement {using=xpath, value=//span[text() = 'Configure ']}]
Capabilities {acceptInsecureCerts: false, browserName: chrome, browserVersion: 118.0.5993.117, chrome: {chromedriverVersion: 118.0.5993.70 (e52f33f30b91..., userDataDir: /var/folders/_p/m636hhn95hb...}, fedcm:accounts: true, goog:chromeOptions: {debuggerAddress: localhost:53871}, networkConnectionEnabled: false, pageLoadStrategy: normal, platformName: mac, proxy: Proxy(), se:cdp: ws://localhost:53871/devtoo..., se:cdpVersion: 118.0.5993.117, setWindowRect: true, strictFileInteractability: false, timeouts: {implicit: 0, pageLoad: 300000, script: 30000}, unhandledPromptBehavior: dismiss and notify, webauthn:extension:credBlob: true, webauthn:extension:largeBlob: true, webauthn:extension:minPinLength: true, webauthn:extension:prf: true, webauthn:virtualAuthenticators: true}
Session ID: 6ab1f57f252349fc2452a453a6e17bc3
	at java.base/jdk.internal.reflect.DirectConstructorHandleAccessor.newInstance(DirectConstructorHandleAccessor.java:67)
	at java.base/java.lang.reflect.Constructor.newInstanceWithCaller(Constructor.java:500)
	at java.base/java.lang.reflect.Constructor.newInstance(Constructor.java:484)
	at org.openqa.selenium.remote.codec.w3c.W3CHttpResponseCodec.createException(W3CHttpResponseCodec.java:200)
	at org.openqa.selenium.remote.codec.w3c.W3CHttpResponseCodec.decode(W3CHttpResponseCodec.java:133)
	at org.openqa.selenium.remote.codec.w3c.W3CHttpResponseCodec.decode(W3CHttpResponseCodec.java:52)
	at org.openqa.selenium.remote.HttpCommandExecutor.execute(HttpCommandExecutor.java:191)
	at org.openqa.selenium.remote.service.DriverCommandExecutor.invokeExecute(DriverCommandExecutor.java:200)
	at org.openqa.selenium.remote.service.DriverCommandExecutor.execute(DriverCommandExecutor.java:175)
	at org.openqa.selenium.remote.RemoteWebDriver.execute(RemoteWebDriver.java:602)
	at org.openqa.selenium.remote.ElementLocation$ElementFinder$2.findElement(ElementLocation.java:165)
	at org.openqa.selenium.remote.ElementLocation.findElement(ElementLocation.java:59)
	at org.openqa.selenium.remote.RemoteWebDriver.findElement(RemoteWebDriver.java:359)
	at org.openqa.selenium.remote.RemoteWebDriver.findElement(RemoteWebDriver.java:353)
	at org.openqa.selenium.support.pagefactory.DefaultElementLocator.findElement(DefaultElementLocator.java:68)
	at org.openqa.selenium.support.pagefactory.internal.LocatingElementHandler.invoke(LocatingElementHandler.java:38)
	at jdk.proxy2/jdk.proxy2.$Proxy18.isDisplayed(Unknown Source)
	at org.openqa.selenium.support.ui.ExpectedConditions.elementIfVisible(ExpectedConditions.java:304)
	at org.openqa.selenium.support.ui.ExpectedConditions$10.apply(ExpectedConditions.java:290)
	at org.openqa.selenium.support.ui.ExpectedConditions$10.apply(ExpectedConditions.java:287)
	at org.openqa.selenium.support.ui.FluentWait.until(FluentWait.java:205)
	... 15 more
]]></failure>
    <system-out><![CDATA[Logged out
closeDriver runner.PimTest@5efa40fe
init runner.LeaveTest@1f9f6368
openSite runner.LeaveTest@1f9f6368
]]></system-out>
  </testcase>
  <testcase name="testToggles" classname="runner.TimeTest" time="27.278">
    <system-out><![CDATA[Logged out
closeDriver runner.LeaveTest@1f9f6368
init runner.TimeTest@1c9b0314
openSite runner.TimeTest@1c9b0314
]]></system-out>
  </testcase>
  <testcase name="testUsernameChange" classname="runner.MyInfoTest" time="30.586">
    <system-out><![CDATA[Logged out
closeDriver runner.TimeTest@1c9b0314
init runner.MyInfoTest@45385f75
openSite runner.MyInfoTest@45385f75
]]></system-out>
  </testcase>
  <testcase name="testAddLog" classname="runner.PerformanceTest" time="20.946">
    <failure message="Expected condition failed: waiting for element to be clickable: Proxy element for: DefaultElementLocator &apos;By.xpath: //a[text() = &apos;My Trackers&apos;]&apos; (tried for 5 second(s) with 500 milliseconds interval)" type="org.openqa.selenium.TimeoutException"><![CDATA[org.openqa.selenium.TimeoutException: Expected condition failed: waiting for element to be clickable: Proxy element for: DefaultElementLocator 'By.xpath: //a[text() = 'My Trackers']' (tried for 5 second(s) with 500 milliseconds interval)
	at org.openqa.selenium.support.ui.WebDriverWait.timeoutException(WebDriverWait.java:84)
	at org.openqa.selenium.support.ui.FluentWait.until(FluentWait.java:230)
	at model.page.PerformancePage.clickMyTrackersTab(PerformancePage.java:47)
	at runner.PerformanceTest.testAddLog(PerformanceTest.java:19)
	at java.base/jdk.internal.reflect.DirectMethodHandleAccessor.invoke(DirectMethodHandleAccessor.java:104)
	at java.base/java.lang.reflect.Method.invoke(Method.java:578)
	at org.testng.internal.invokers.MethodInvocationHelper.invokeMethod(MethodInvocationHelper.java:139)
	at org.testng.internal.invokers.TestInvoker.invokeMethod(TestInvoker.java:677)
	at org.testng.internal.invokers.TestInvoker.invokeTestMethod(TestInvoker.java:221)
	at org.testng.internal.invokers.MethodRunner.runInSequence(MethodRunner.java:50)
	at org.testng.internal.invokers.TestInvoker$MethodInvocationAgent.invoke(TestInvoker.java:969)
	at org.testng.internal.invokers.TestInvoker.invokeTestMethods(TestInvoker.java:194)
	at org.testng.internal.invokers.TestMethodWorker.invokeTestMethods(TestMethodWorker.java:148)
	at org.testng.internal.invokers.TestMethodWorker.run(TestMethodWorker.java:128)
	at java.base/java.util.concurrent.ThreadPoolExecutor.runWorker(ThreadPoolExecutor.java:1144)
	at java.base/java.util.concurrent.ThreadPoolExecutor$Worker.run(ThreadPoolExecutor.java:642)
	at java.base/java.lang.Thread.run(Thread.java:1589)
Caused by: org.openqa.selenium.NoSuchElementException: no such element: Unable to locate element: {"method":"xpath","selector":"//a[text() = 'My Trackers']"}
  (Session info: headless chrome=118.0.5993.117)
For documentation on this error, please visit: https://www.selenium.dev/documentation/webdriver/troubleshooting/errors#no-such-element-exception
Build info: version: '4.14.1', revision: '03f8ede370'
System info: os.name: 'Mac OS X', os.arch: 'x86_64', os.version: '14.0', java.version: '19.0.2'
Driver info: org.openqa.selenium.chrome.ChromeDriver
Command: [deed866deab57af5b5a4ed194a34fef7, findElement {using=xpath, value=//a[text() = 'My Trackers']}]
Capabilities {acceptInsecureCerts: false, browserName: chrome, browserVersion: 118.0.5993.117, chrome: {chromedriverVersion: 118.0.5993.70 (e52f33f30b91..., userDataDir: /var/folders/_p/m636hhn95hb...}, fedcm:accounts: true, goog:chromeOptions: {debuggerAddress: localhost:54037}, networkConnectionEnabled: false, pageLoadStrategy: normal, platformName: mac, proxy: Proxy(), se:cdp: ws://localhost:54037/devtoo..., se:cdpVersion: 118.0.5993.117, setWindowRect: true, strictFileInteractability: false, timeouts: {implicit: 0, pageLoad: 300000, script: 30000}, unhandledPromptBehavior: dismiss and notify, webauthn:extension:credBlob: true, webauthn:extension:largeBlob: true, webauthn:extension:minPinLength: true, webauthn:extension:prf: true, webauthn:virtualAuthenticators: true}
Session ID: deed866deab57af5b5a4ed194a34fef7
	at java.base/jdk.internal.reflect.DirectConstructorHandleAccessor.newInstance(DirectConstructorHandleAccessor.java:67)
	at java.base/java.lang.reflect.Constructor.newInstanceWithCaller(Constructor.java:500)
	at java.base/java.lang.reflect.Constructor.newInstance(Constructor.java:484)
	at org.openqa.selenium.remote.codec.w3c.W3CHttpResponseCodec.createException(W3CHttpResponseCodec.java:200)
	at org.openqa.selenium.remote.codec.w3c.W3CHttpResponseCodec.decode(W3CHttpResponseCodec.java:133)
	at org.openqa.selenium.remote.codec.w3c.W3CHttpResponseCodec.decode(W3CHttpResponseCodec.java:52)
	at org.openqa.selenium.remote.HttpCommandExecutor.execute(HttpCommandExecutor.java:191)
	at org.openqa.selenium.remote.service.DriverCommandExecutor.invokeExecute(DriverCommandExecutor.java:200)
	at org.openqa.selenium.remote.service.DriverCommandExecutor.execute(DriverCommandExecutor.java:175)
	at org.openqa.selenium.remote.RemoteWebDriver.execute(RemoteWebDriver.java:602)
	at org.openqa.selenium.remote.ElementLocation$ElementFinder$2.findElement(ElementLocation.java:165)
	at org.openqa.selenium.remote.ElementLocation.findElement(ElementLocation.java:59)
	at org.openqa.selenium.remote.RemoteWebDriver.findElement(RemoteWebDriver.java:359)
	at org.openqa.selenium.remote.RemoteWebDriver.findElement(RemoteWebDriver.java:353)
	at org.openqa.selenium.support.pagefactory.DefaultElementLocator.findElement(DefaultElementLocator.java:68)
	at org.openqa.selenium.support.pagefactory.internal.LocatingElementHandler.invoke(LocatingElementHandler.java:38)
	at jdk.proxy2/jdk.proxy2.$Proxy18.isDisplayed(Unknown Source)
	at org.openqa.selenium.support.ui.ExpectedConditions.elementIfVisible(ExpectedConditions.java:304)
	at org.openqa.selenium.support.ui.ExpectedConditions$10.apply(ExpectedConditions.java:290)
	at org.openqa.selenium.support.ui.ExpectedConditions$10.apply(ExpectedConditions.java:287)
	at org.openqa.selenium.support.ui.ExpectedConditions$23.apply(ExpectedConditions.java:656)
	at org.openqa.selenium.support.ui.ExpectedConditions$23.apply(ExpectedConditions.java:652)
	at org.openqa.selenium.support.ui.FluentWait.until(FluentWait.java:205)
	... 15 more
]]></failure>
    <system-out><![CDATA[Logged out
closeDriver runner.MyInfoTest@45385f75
init runner.PerformanceTest@49c90a9c
openSite runner.PerformanceTest@49c90a9c
]]></system-out>
  </testcase>
  <testcase name="testAddNewVacancy" classname="runner.RecruitmentTest" time="33.273">
    <failure message="Expected condition failed: waiting for visibility of element located by By.xpath: //div[@class = &apos;oxd-table-cell oxd-padding-cell&apos;][4] (tried for 10 second(s) with 500 milliseconds interval)&#10;Build info: version: &apos;4.14.1&apos;, revision: &apos;03f8ede370&apos;&#10;System info: os.name: &apos;Mac OS X&apos;, os.arch: &apos;x86_64&apos;, os.version: &apos;14.0&apos;, java.version: &apos;19.0.2&apos;&#10;Driver info: org.openqa.selenium.chrome.ChromeDriver&#10;Capabilities {acceptInsecureCerts: false, browserName: chrome, browserVersion: 118.0.5993.117, chrome: {chromedriverVersion: 118.0.5993.70 (e52f33f30b91..., userDataDir: /var/folders/_p/m636hhn95hb...}, fedcm:accounts: true, goog:chromeOptions: {debuggerAddress: localhost:54086}, networkConnectionEnabled: false, pageLoadStrategy: normal, platformName: mac, proxy: Proxy(), se:cdp: ws://localhost:54086/devtoo..., se:cdpVersion: 118.0.5993.117, setWindowRect: true, strictFileInteractability: false, timeouts: {implicit: 0, pageLoad: 300000, script: 30000}, unhandledPromptBehavior: dismiss and notify, webauthn:extension:credBlob: true, webauthn:extension:largeBlob: true, webauthn:extension:minPinLength: true, webauthn:extension:prf: true, webauthn:virtualAuthenticators: true}&#10;Session ID: 3a6a7e1c23b10f579f5b48a2fac74bc4" type="org.openqa.selenium.TimeoutException"><![CDATA[org.openqa.selenium.TimeoutException: 
Expected condition failed: waiting for visibility of element located by By.xpath: //div[@class = 'oxd-table-cell oxd-padding-cell'][4] (tried for 10 second(s) with 500 milliseconds interval)
Build info: version: '4.14.1', revision: '03f8ede370'
System info: os.name: 'Mac OS X', os.arch: 'x86_64', os.version: '14.0', java.version: '19.0.2'
Driver info: org.openqa.selenium.chrome.ChromeDriver
Capabilities {acceptInsecureCerts: false, browserName: chrome, browserVersion: 118.0.5993.117, chrome: {chromedriverVersion: 118.0.5993.70 (e52f33f30b91..., userDataDir: /var/folders/_p/m636hhn95hb...}, fedcm:accounts: true, goog:chromeOptions: {debuggerAddress: localhost:54086}, networkConnectionEnabled: false, pageLoadStrategy: normal, platformName: mac, proxy: Proxy(), se:cdp: ws://localhost:54086/devtoo..., se:cdpVersion: 118.0.5993.117, setWindowRect: true, strictFileInteractability: false, timeouts: {implicit: 0, pageLoad: 300000, script: 30000}, unhandledPromptBehavior: dismiss and notify, webauthn:extension:credBlob: true, webauthn:extension:largeBlob: true, webauthn:extension:minPinLength: true, webauthn:extension:prf: true, webauthn:virtualAuthenticators: true}
Session ID: 3a6a7e1c23b10f579f5b48a2fac74bc4
	at org.openqa.selenium.support.ui.WebDriverWait.timeoutException(WebDriverWait.java:84)
	at org.openqa.selenium.support.ui.FluentWait.until(FluentWait.java:230)
	at model.page.RecruitmentPage.clickVacanciesTab(RecruitmentPage.java:63)
	at model.page.RecruitmentPage.createNewVacancy(RecruitmentPage.java:125)
	at runner.RecruitmentTest.testAddNewVacancy(RecruitmentTest.java:19)
	at java.base/jdk.internal.reflect.DirectMethodHandleAccessor.invoke(DirectMethodHandleAccessor.java:104)
	at java.base/java.lang.reflect.Method.invoke(Method.java:578)
	at org.testng.internal.invokers.MethodInvocationHelper.invokeMethod(MethodInvocationHelper.java:139)
	at org.testng.internal.invokers.TestInvoker.invokeMethod(TestInvoker.java:677)
	at org.testng.internal.invokers.TestInvoker.invokeTestMethod(TestInvoker.java:221)
	at org.testng.internal.invokers.MethodRunner.runInSequence(MethodRunner.java:50)
	at org.testng.internal.invokers.TestInvoker$MethodInvocationAgent.invoke(TestInvoker.java:969)
	at org.testng.internal.invokers.TestInvoker.invokeTestMethods(TestInvoker.java:194)
	at org.testng.internal.invokers.TestMethodWorker.invokeTestMethods(TestMethodWorker.java:148)
	at org.testng.internal.invokers.TestMethodWorker.run(TestMethodWorker.java:128)
	at java.base/java.util.concurrent.ThreadPoolExecutor.runWorker(ThreadPoolExecutor.java:1144)
	at java.base/java.util.concurrent.ThreadPoolExecutor$Worker.run(ThreadPoolExecutor.java:642)
	at java.base/java.lang.Thread.run(Thread.java:1589)
]]></failure>
    <system-out><![CDATA[Logged out
closeDriver runner.PerformanceTest@49c90a9c
init runner.RecruitmentTest@2d29b4ee
openSite runner.RecruitmentTest@2d29b4ee
]]></system-out>
  </testcase>
  <testcase name="testDeleteVacancy" classname="runner.RecruitmentTest" time="18.522">
    <failure message="Expected condition failed: waiting for visibility of element located by By.xpath: //div[@class = &apos;oxd-table-cell oxd-padding-cell&apos;][4] (tried for 10 second(s) with 500 milliseconds interval)&#10;Build info: version: &apos;4.14.1&apos;, revision: &apos;03f8ede370&apos;&#10;System info: os.name: &apos;Mac OS X&apos;, os.arch: &apos;x86_64&apos;, os.version: &apos;14.0&apos;, java.version: &apos;19.0.2&apos;&#10;Driver info: org.openqa.selenium.chrome.ChromeDriver&#10;Capabilities {acceptInsecureCerts: false, browserName: chrome, browserVersion: 118.0.5993.117, chrome: {chromedriverVersion: 118.0.5993.70 (e52f33f30b91..., userDataDir: /var/folders/_p/m636hhn95hb...}, fedcm:accounts: true, goog:chromeOptions: {debuggerAddress: localhost:54086}, networkConnectionEnabled: false, pageLoadStrategy: normal, platformName: mac, proxy: Proxy(), se:cdp: ws://localhost:54086/devtoo..., se:cdpVersion: 118.0.5993.117, setWindowRect: true, strictFileInteractability: false, timeouts: {implicit: 0, pageLoad: 300000, script: 30000}, unhandledPromptBehavior: dismiss and notify, webauthn:extension:credBlob: true, webauthn:extension:largeBlob: true, webauthn:extension:minPinLength: true, webauthn:extension:prf: true, webauthn:virtualAuthenticators: true}&#10;Session ID: 3a6a7e1c23b10f579f5b48a2fac74bc4" type="org.openqa.selenium.TimeoutException"><![CDATA[org.openqa.selenium.TimeoutException: 
Expected condition failed: waiting for visibility of element located by By.xpath: //div[@class = 'oxd-table-cell oxd-padding-cell'][4] (tried for 10 second(s) with 500 milliseconds interval)
Build info: version: '4.14.1', revision: '03f8ede370'
System info: os.name: 'Mac OS X', os.arch: 'x86_64', os.version: '14.0', java.version: '19.0.2'
Driver info: org.openqa.selenium.chrome.ChromeDriver
Capabilities {acceptInsecureCerts: false, browserName: chrome, browserVersion: 118.0.5993.117, chrome: {chromedriverVersion: 118.0.5993.70 (e52f33f30b91..., userDataDir: /var/folders/_p/m636hhn95hb...}, fedcm:accounts: true, goog:chromeOptions: {debuggerAddress: localhost:54086}, networkConnectionEnabled: false, pageLoadStrategy: normal, platformName: mac, proxy: Proxy(), se:cdp: ws://localhost:54086/devtoo..., se:cdpVersion: 118.0.5993.117, setWindowRect: true, strictFileInteractability: false, timeouts: {implicit: 0, pageLoad: 300000, script: 30000}, unhandledPromptBehavior: dismiss and notify, webauthn:extension:credBlob: true, webauthn:extension:largeBlob: true, webauthn:extension:minPinLength: true, webauthn:extension:prf: true, webauthn:virtualAuthenticators: true}
Session ID: 3a6a7e1c23b10f579f5b48a2fac74bc4
	at org.openqa.selenium.support.ui.WebDriverWait.timeoutException(WebDriverWait.java:84)
	at org.openqa.selenium.support.ui.FluentWait.until(FluentWait.java:230)
	at model.page.RecruitmentPage.clickVacanciesTab(RecruitmentPage.java:63)
	at model.page.RecruitmentPage.createNewVacancy(RecruitmentPage.java:125)
	at runner.RecruitmentTest.testDeleteVacancy(RecruitmentTest.java:32)
	at java.base/jdk.internal.reflect.DirectMethodHandleAccessor.invoke(DirectMethodHandleAccessor.java:104)
	at java.base/java.lang.reflect.Method.invoke(Method.java:578)
	at org.testng.internal.invokers.MethodInvocationHelper.invokeMethod(MethodInvocationHelper.java:139)
	at org.testng.internal.invokers.TestInvoker.invokeMethod(TestInvoker.java:677)
	at org.testng.internal.invokers.TestInvoker.invokeTestMethod(TestInvoker.java:221)
	at org.testng.internal.invokers.MethodRunner.runInSequence(MethodRunner.java:50)
	at org.testng.internal.invokers.TestInvoker$MethodInvocationAgent.invoke(TestInvoker.java:969)
	at org.testng.internal.invokers.TestInvoker.invokeTestMethods(TestInvoker.java:194)
	at org.testng.internal.invokers.TestMethodWorker.invokeTestMethods(TestMethodWorker.java:148)
	at org.testng.internal.invokers.TestMethodWorker.run(TestMethodWorker.java:128)
	at java.base/java.util.concurrent.ThreadPoolExecutor.runWorker(ThreadPoolExecutor.java:1144)
	at java.base/java.util.concurrent.ThreadPoolExecutor$Worker.run(ThreadPoolExecutor.java:642)
	at java.base/java.lang.Thread.run(Thread.java:1589)
]]></failure>
    <system-out><![CDATA[Logged out
openSite runner.RecruitmentTest@2d29b4ee
]]></system-out>
  </testcase>
  <testcase name="testSearchJobTitleFilter[Account Assistant](1)" classname="runner.DirectoryTest" time="25.816">
    <failure message="Expected condition failed: waiting for visibility of [[ChromeDriver: chrome on mac (40648f077f81af236f15398049b7fa9f)] -&gt; xpath: //div[@class = &apos;oxd-grid-item oxd-grid-item--gutters&apos;][2]//child::div[text() = &apos;-- Select --&apos;]] (tried for 10 second(s) with 500 milliseconds interval)&#10;Build info: version: &apos;4.14.1&apos;, revision: &apos;03f8ede370&apos;&#10;System info: os.name: &apos;Mac OS X&apos;, os.arch: &apos;x86_64&apos;, os.version: &apos;14.0&apos;, java.version: &apos;19.0.2&apos;&#10;Driver info: org.openqa.selenium.chrome.ChromeDriver&#10;Capabilities {acceptInsecureCerts: false, browserName: chrome, browserVersion: 118.0.5993.117, chrome: {chromedriverVersion: 118.0.5993.70 (e52f33f30b91..., userDataDir: /var/folders/_p/m636hhn95hb...}, fedcm:accounts: true, goog:chromeOptions: {debuggerAddress: localhost:54163}, networkConnectionEnabled: false, pageLoadStrategy: normal, platformName: mac, proxy: Proxy(), se:cdp: ws://localhost:54163/devtoo..., se:cdpVersion: 118.0.5993.117, setWindowRect: true, strictFileInteractability: false, timeouts: {implicit: 0, pageLoad: 300000, script: 30000}, unhandledPromptBehavior: dismiss and notify, webauthn:extension:credBlob: true, webauthn:extension:largeBlob: true, webauthn:extension:minPinLength: true, webauthn:extension:prf: true, webauthn:virtualAuthenticators: true}&#10;Session ID: 40648f077f81af236f15398049b7fa9f" type="org.openqa.selenium.TimeoutException"><![CDATA[org.openqa.selenium.TimeoutException: 
Expected condition failed: waiting for visibility of [[ChromeDriver: chrome on mac (40648f077f81af236f15398049b7fa9f)] -> xpath: //div[@class = 'oxd-grid-item oxd-grid-item--gutters'][2]//child::div[text() = '-- Select --']] (tried for 10 second(s) with 500 milliseconds interval)
Build info: version: '4.14.1', revision: '03f8ede370'
System info: os.name: 'Mac OS X', os.arch: 'x86_64', os.version: '14.0', java.version: '19.0.2'
Driver info: org.openqa.selenium.chrome.ChromeDriver
Capabilities {acceptInsecureCerts: false, browserName: chrome, browserVersion: 118.0.5993.117, chrome: {chromedriverVersion: 118.0.5993.70 (e52f33f30b91..., userDataDir: /var/folders/_p/m636hhn95hb...}, fedcm:accounts: true, goog:chromeOptions: {debuggerAddress: localhost:54163}, networkConnectionEnabled: false, pageLoadStrategy: normal, platformName: mac, proxy: Proxy(), se:cdp: ws://localhost:54163/devtoo..., se:cdpVersion: 118.0.5993.117, setWindowRect: true, strictFileInteractability: false, timeouts: {implicit: 0, pageLoad: 300000, script: 30000}, unhandledPromptBehavior: dismiss and notify, webauthn:extension:credBlob: true, webauthn:extension:largeBlob: true, webauthn:extension:minPinLength: true, webauthn:extension:prf: true, webauthn:virtualAuthenticators: true}
Session ID: 40648f077f81af236f15398049b7fa9f
	at org.openqa.selenium.support.ui.WebDriverWait.timeoutException(WebDriverWait.java:84)
	at org.openqa.selenium.support.ui.FluentWait.until(FluentWait.java:230)
	at model.page.DirectoryPage.fillInJobTitle(DirectoryPage.java:39)
	at runner.DirectoryTest.testSearchJobTitleFilter(DirectoryTest.java:31)
	at java.base/jdk.internal.reflect.DirectMethodHandleAccessor.invoke(DirectMethodHandleAccessor.java:104)
	at java.base/java.lang.reflect.Method.invoke(Method.java:578)
	at org.testng.internal.invokers.MethodInvocationHelper.invokeMethod(MethodInvocationHelper.java:139)
	at org.testng.internal.invokers.TestInvoker.invokeMethod(TestInvoker.java:677)
	at org.testng.internal.invokers.TestInvoker.invokeTestMethod(TestInvoker.java:221)
	at org.testng.internal.invokers.MethodRunner.runInSequence(MethodRunner.java:50)
	at org.testng.internal.invokers.TestInvoker$MethodInvocationAgent.invoke(TestInvoker.java:969)
	at org.testng.internal.invokers.TestInvoker.invokeTestMethods(TestInvoker.java:194)
	at org.testng.internal.invokers.TestMethodWorker.invokeTestMethods(TestMethodWorker.java:148)
	at org.testng.internal.invokers.TestMethodWorker.run(TestMethodWorker.java:128)
	at java.base/java.util.concurrent.ThreadPoolExecutor.runWorker(ThreadPoolExecutor.java:1144)
	at java.base/java.util.concurrent.ThreadPoolExecutor$Worker.run(ThreadPoolExecutor.java:642)
	at java.base/java.lang.Thread.run(Thread.java:1589)
]]></failure>
    <system-out><![CDATA[Logged out
closeDriver runner.RecruitmentTest@2d29b4ee
init runner.DirectoryTest@69ee81fc
openSite runner.DirectoryTest@69ee81fc
]]></system-out>
  </testcase>
  <testcase name="testSearchJobTitleFilter[Chief Executive Officer](2)" classname="runner.DirectoryTest" time="17.467">
    <failure message="Expected condition failed: waiting for visibility of [[ChromeDriver: chrome on mac (40648f077f81af236f15398049b7fa9f)] -&gt; xpath: //div[@class = &apos;oxd-grid-item oxd-grid-item--gutters&apos;][2]//child::div[text() = &apos;-- Select --&apos;]] (tried for 10 second(s) with 500 milliseconds interval)&#10;Build info: version: &apos;4.14.1&apos;, revision: &apos;03f8ede370&apos;&#10;System info: os.name: &apos;Mac OS X&apos;, os.arch: &apos;x86_64&apos;, os.version: &apos;14.0&apos;, java.version: &apos;19.0.2&apos;&#10;Driver info: org.openqa.selenium.chrome.ChromeDriver&#10;Capabilities {acceptInsecureCerts: false, browserName: chrome, browserVersion: 118.0.5993.117, chrome: {chromedriverVersion: 118.0.5993.70 (e52f33f30b91..., userDataDir: /var/folders/_p/m636hhn95hb...}, fedcm:accounts: true, goog:chromeOptions: {debuggerAddress: localhost:54163}, networkConnectionEnabled: false, pageLoadStrategy: normal, platformName: mac, proxy: Proxy(), se:cdp: ws://localhost:54163/devtoo..., se:cdpVersion: 118.0.5993.117, setWindowRect: true, strictFileInteractability: false, timeouts: {implicit: 0, pageLoad: 300000, script: 30000}, unhandledPromptBehavior: dismiss and notify, webauthn:extension:credBlob: true, webauthn:extension:largeBlob: true, webauthn:extension:minPinLength: true, webauthn:extension:prf: true, webauthn:virtualAuthenticators: true}&#10;Session ID: 40648f077f81af236f15398049b7fa9f" type="org.openqa.selenium.TimeoutException"><![CDATA[org.openqa.selenium.TimeoutException: 
Expected condition failed: waiting for visibility of [[ChromeDriver: chrome on mac (40648f077f81af236f15398049b7fa9f)] -> xpath: //div[@class = 'oxd-grid-item oxd-grid-item--gutters'][2]//child::div[text() = '-- Select --']] (tried for 10 second(s) with 500 milliseconds interval)
Build info: version: '4.14.1', revision: '03f8ede370'
System info: os.name: 'Mac OS X', os.arch: 'x86_64', os.version: '14.0', java.version: '19.0.2'
Driver info: org.openqa.selenium.chrome.ChromeDriver
Capabilities {acceptInsecureCerts: false, browserName: chrome, browserVersion: 118.0.5993.117, chrome: {chromedriverVersion: 118.0.5993.70 (e52f33f30b91..., userDataDir: /var/folders/_p/m636hhn95hb...}, fedcm:accounts: true, goog:chromeOptions: {debuggerAddress: localhost:54163}, networkConnectionEnabled: false, pageLoadStrategy: normal, platformName: mac, proxy: Proxy(), se:cdp: ws://localhost:54163/devtoo..., se:cdpVersion: 118.0.5993.117, setWindowRect: true, strictFileInteractability: false, timeouts: {implicit: 0, pageLoad: 300000, script: 30000}, unhandledPromptBehavior: dismiss and notify, webauthn:extension:credBlob: true, webauthn:extension:largeBlob: true, webauthn:extension:minPinLength: true, webauthn:extension:prf: true, webauthn:virtualAuthenticators: true}
Session ID: 40648f077f81af236f15398049b7fa9f
	at org.openqa.selenium.support.ui.WebDriverWait.timeoutException(WebDriverWait.java:84)
	at org.openqa.selenium.support.ui.FluentWait.until(FluentWait.java:230)
	at model.page.DirectoryPage.fillInJobTitle(DirectoryPage.java:39)
	at runner.DirectoryTest.testSearchJobTitleFilter(DirectoryTest.java:31)
	at java.base/jdk.internal.reflect.DirectMethodHandleAccessor.invoke(DirectMethodHandleAccessor.java:104)
	at java.base/java.lang.reflect.Method.invoke(Method.java:578)
	at org.testng.internal.invokers.MethodInvocationHelper.invokeMethod(MethodInvocationHelper.java:139)
	at org.testng.internal.invokers.TestInvoker.invokeMethod(TestInvoker.java:677)
	at org.testng.internal.invokers.TestInvoker.invokeTestMethod(TestInvoker.java:221)
	at org.testng.internal.invokers.MethodRunner.runInSequence(MethodRunner.java:50)
	at org.testng.internal.invokers.TestInvoker$MethodInvocationAgent.invoke(TestInvoker.java:969)
	at org.testng.internal.invokers.TestInvoker.invokeTestMethods(TestInvoker.java:194)
	at org.testng.internal.invokers.TestMethodWorker.invokeTestMethods(TestMethodWorker.java:148)
	at org.testng.internal.invokers.TestMethodWorker.run(TestMethodWorker.java:128)
	at java.base/java.util.concurrent.ThreadPoolExecutor.runWorker(ThreadPoolExecutor.java:1144)
	at java.base/java.util.concurrent.ThreadPoolExecutor$Worker.run(ThreadPoolExecutor.java:642)
	at java.base/java.lang.Thread.run(Thread.java:1589)
]]></failure>
    <system-out><![CDATA[Logged out
openSite runner.DirectoryTest@69ee81fc
]]></system-out>
  </testcase>
  <testcase name="testSearchJobTitleFilter[Chief Financial Officer](3)" classname="runner.DirectoryTest" time="14.047">
    <failure message="Expected condition failed: waiting for visibility of [[ChromeDriver: chrome on mac (40648f077f81af236f15398049b7fa9f)] -&gt; xpath: //div[@class = &apos;oxd-grid-item oxd-grid-item--gutters&apos;][2]//child::div[text() = &apos;-- Select --&apos;]] (tried for 10 second(s) with 500 milliseconds interval)&#10;Build info: version: &apos;4.14.1&apos;, revision: &apos;03f8ede370&apos;&#10;System info: os.name: &apos;Mac OS X&apos;, os.arch: &apos;x86_64&apos;, os.version: &apos;14.0&apos;, java.version: &apos;19.0.2&apos;&#10;Driver info: org.openqa.selenium.chrome.ChromeDriver&#10;Capabilities {acceptInsecureCerts: false, browserName: chrome, browserVersion: 118.0.5993.117, chrome: {chromedriverVersion: 118.0.5993.70 (e52f33f30b91..., userDataDir: /var/folders/_p/m636hhn95hb...}, fedcm:accounts: true, goog:chromeOptions: {debuggerAddress: localhost:54163}, networkConnectionEnabled: false, pageLoadStrategy: normal, platformName: mac, proxy: Proxy(), se:cdp: ws://localhost:54163/devtoo..., se:cdpVersion: 118.0.5993.117, setWindowRect: true, strictFileInteractability: false, timeouts: {implicit: 0, pageLoad: 300000, script: 30000}, unhandledPromptBehavior: dismiss and notify, webauthn:extension:credBlob: true, webauthn:extension:largeBlob: true, webauthn:extension:minPinLength: true, webauthn:extension:prf: true, webauthn:virtualAuthenticators: true}&#10;Session ID: 40648f077f81af236f15398049b7fa9f" type="org.openqa.selenium.TimeoutException"><![CDATA[org.openqa.selenium.TimeoutException: 
Expected condition failed: waiting for visibility of [[ChromeDriver: chrome on mac (40648f077f81af236f15398049b7fa9f)] -> xpath: //div[@class = 'oxd-grid-item oxd-grid-item--gutters'][2]//child::div[text() = '-- Select --']] (tried for 10 second(s) with 500 milliseconds interval)
Build info: version: '4.14.1', revision: '03f8ede370'
System info: os.name: 'Mac OS X', os.arch: 'x86_64', os.version: '14.0', java.version: '19.0.2'
Driver info: org.openqa.selenium.chrome.ChromeDriver
Capabilities {acceptInsecureCerts: false, browserName: chrome, browserVersion: 118.0.5993.117, chrome: {chromedriverVersion: 118.0.5993.70 (e52f33f30b91..., userDataDir: /var/folders/_p/m636hhn95hb...}, fedcm:accounts: true, goog:chromeOptions: {debuggerAddress: localhost:54163}, networkConnectionEnabled: false, pageLoadStrategy: normal, platformName: mac, proxy: Proxy(), se:cdp: ws://localhost:54163/devtoo..., se:cdpVersion: 118.0.5993.117, setWindowRect: true, strictFileInteractability: false, timeouts: {implicit: 0, pageLoad: 300000, script: 30000}, unhandledPromptBehavior: dismiss and notify, webauthn:extension:credBlob: true, webauthn:extension:largeBlob: true, webauthn:extension:minPinLength: true, webauthn:extension:prf: true, webauthn:virtualAuthenticators: true}
Session ID: 40648f077f81af236f15398049b7fa9f
	at org.openqa.selenium.support.ui.WebDriverWait.timeoutException(WebDriverWait.java:84)
	at org.openqa.selenium.support.ui.FluentWait.until(FluentWait.java:230)
	at model.page.DirectoryPage.fillInJobTitle(DirectoryPage.java:39)
	at runner.DirectoryTest.testSearchJobTitleFilter(DirectoryTest.java:31)
	at java.base/jdk.internal.reflect.DirectMethodHandleAccessor.invoke(DirectMethodHandleAccessor.java:104)
	at java.base/java.lang.reflect.Method.invoke(Method.java:578)
	at org.testng.internal.invokers.MethodInvocationHelper.invokeMethod(MethodInvocationHelper.java:139)
	at org.testng.internal.invokers.TestInvoker.invokeMethod(TestInvoker.java:677)
	at org.testng.internal.invokers.TestInvoker.invokeTestMethod(TestInvoker.java:221)
	at org.testng.internal.invokers.MethodRunner.runInSequence(MethodRunner.java:50)
	at org.testng.internal.invokers.TestInvoker$MethodInvocationAgent.invoke(TestInvoker.java:969)
	at org.testng.internal.invokers.TestInvoker.invokeTestMethods(TestInvoker.java:194)
	at org.testng.internal.invokers.TestMethodWorker.invokeTestMethods(TestMethodWorker.java:148)
	at org.testng.internal.invokers.TestMethodWorker.run(TestMethodWorker.java:128)
	at java.base/java.util.concurrent.ThreadPoolExecutor.runWorker(ThreadPoolExecutor.java:1144)
	at java.base/java.util.concurrent.ThreadPoolExecutor$Worker.run(ThreadPoolExecutor.java:642)
	at java.base/java.lang.Thread.run(Thread.java:1589)
]]></failure>
    <system-out><![CDATA[Logged out
openSite runner.DirectoryTest@69ee81fc
]]></system-out>
  </testcase>
  <testcase name="testSearchJobTitleFilter[Chief Technical Officer](4)" classname="runner.DirectoryTest" time="12.583">
    <failure message="Expected condition failed: waiting for visibility of [[ChromeDriver: chrome on mac (40648f077f81af236f15398049b7fa9f)] -&gt; xpath: //div[@class = &apos;oxd-grid-item oxd-grid-item--gutters&apos;][2]//child::div[text() = &apos;-- Select --&apos;]] (tried for 10 second(s) with 500 milliseconds interval)&#10;Build info: version: &apos;4.14.1&apos;, revision: &apos;03f8ede370&apos;&#10;System info: os.name: &apos;Mac OS X&apos;, os.arch: &apos;x86_64&apos;, os.version: &apos;14.0&apos;, java.version: &apos;19.0.2&apos;&#10;Driver info: org.openqa.selenium.chrome.ChromeDriver&#10;Capabilities {acceptInsecureCerts: false, browserName: chrome, browserVersion: 118.0.5993.117, chrome: {chromedriverVersion: 118.0.5993.70 (e52f33f30b91..., userDataDir: /var/folders/_p/m636hhn95hb...}, fedcm:accounts: true, goog:chromeOptions: {debuggerAddress: localhost:54163}, networkConnectionEnabled: false, pageLoadStrategy: normal, platformName: mac, proxy: Proxy(), se:cdp: ws://localhost:54163/devtoo..., se:cdpVersion: 118.0.5993.117, setWindowRect: true, strictFileInteractability: false, timeouts: {implicit: 0, pageLoad: 300000, script: 30000}, unhandledPromptBehavior: dismiss and notify, webauthn:extension:credBlob: true, webauthn:extension:largeBlob: true, webauthn:extension:minPinLength: true, webauthn:extension:prf: true, webauthn:virtualAuthenticators: true}&#10;Session ID: 40648f077f81af236f15398049b7fa9f" type="org.openqa.selenium.TimeoutException"><![CDATA[org.openqa.selenium.TimeoutException: 
Expected condition failed: waiting for visibility of [[ChromeDriver: chrome on mac (40648f077f81af236f15398049b7fa9f)] -> xpath: //div[@class = 'oxd-grid-item oxd-grid-item--gutters'][2]//child::div[text() = '-- Select --']] (tried for 10 second(s) with 500 milliseconds interval)
Build info: version: '4.14.1', revision: '03f8ede370'
System info: os.name: 'Mac OS X', os.arch: 'x86_64', os.version: '14.0', java.version: '19.0.2'
Driver info: org.openqa.selenium.chrome.ChromeDriver
Capabilities {acceptInsecureCerts: false, browserName: chrome, browserVersion: 118.0.5993.117, chrome: {chromedriverVersion: 118.0.5993.70 (e52f33f30b91..., userDataDir: /var/folders/_p/m636hhn95hb...}, fedcm:accounts: true, goog:chromeOptions: {debuggerAddress: localhost:54163}, networkConnectionEnabled: false, pageLoadStrategy: normal, platformName: mac, proxy: Proxy(), se:cdp: ws://localhost:54163/devtoo..., se:cdpVersion: 118.0.5993.117, setWindowRect: true, strictFileInteractability: false, timeouts: {implicit: 0, pageLoad: 300000, script: 30000}, unhandledPromptBehavior: dismiss and notify, webauthn:extension:credBlob: true, webauthn:extension:largeBlob: true, webauthn:extension:minPinLength: true, webauthn:extension:prf: true, webauthn:virtualAuthenticators: true}
Session ID: 40648f077f81af236f15398049b7fa9f
	at org.openqa.selenium.support.ui.WebDriverWait.timeoutException(WebDriverWait.java:84)
	at org.openqa.selenium.support.ui.FluentWait.until(FluentWait.java:230)
	at model.page.DirectoryPage.fillInJobTitle(DirectoryPage.java:39)
	at runner.DirectoryTest.testSearchJobTitleFilter(DirectoryTest.java:31)
	at java.base/jdk.internal.reflect.DirectMethodHandleAccessor.invoke(DirectMethodHandleAccessor.java:104)
	at java.base/java.lang.reflect.Method.invoke(Method.java:578)
	at org.testng.internal.invokers.MethodInvocationHelper.invokeMethod(MethodInvocationHelper.java:139)
	at org.testng.internal.invokers.TestInvoker.invokeMethod(TestInvoker.java:677)
	at org.testng.internal.invokers.TestInvoker.invokeTestMethod(TestInvoker.java:221)
	at org.testng.internal.invokers.MethodRunner.runInSequence(MethodRunner.java:50)
	at org.testng.internal.invokers.TestInvoker$MethodInvocationAgent.invoke(TestInvoker.java:969)
	at org.testng.internal.invokers.TestInvoker.invokeTestMethods(TestInvoker.java:194)
	at org.testng.internal.invokers.TestMethodWorker.invokeTestMethods(TestMethodWorker.java:148)
	at org.testng.internal.invokers.TestMethodWorker.run(TestMethodWorker.java:128)
	at java.base/java.util.concurrent.ThreadPoolExecutor.runWorker(ThreadPoolExecutor.java:1144)
	at java.base/java.util.concurrent.ThreadPoolExecutor$Worker.run(ThreadPoolExecutor.java:642)
	at java.base/java.lang.Thread.run(Thread.java:1589)
]]></failure>
    <system-out><![CDATA[Logged out
openSite runner.DirectoryTest@69ee81fc
]]></system-out>
  </testcase>
  <testcase name="testSearchJobTitleFilter[Content Specialist](5)" classname="runner.DirectoryTest" time="13.339">
    <failure message="Expected condition failed: waiting for visibility of [[ChromeDriver: chrome on mac (40648f077f81af236f15398049b7fa9f)] -&gt; xpath: //div[@class = &apos;oxd-grid-item oxd-grid-item--gutters&apos;][2]//child::div[text() = &apos;-- Select --&apos;]] (tried for 10 second(s) with 500 milliseconds interval)&#10;Build info: version: &apos;4.14.1&apos;, revision: &apos;03f8ede370&apos;&#10;System info: os.name: &apos;Mac OS X&apos;, os.arch: &apos;x86_64&apos;, os.version: &apos;14.0&apos;, java.version: &apos;19.0.2&apos;&#10;Driver info: org.openqa.selenium.chrome.ChromeDriver&#10;Capabilities {acceptInsecureCerts: false, browserName: chrome, browserVersion: 118.0.5993.117, chrome: {chromedriverVersion: 118.0.5993.70 (e52f33f30b91..., userDataDir: /var/folders/_p/m636hhn95hb...}, fedcm:accounts: true, goog:chromeOptions: {debuggerAddress: localhost:54163}, networkConnectionEnabled: false, pageLoadStrategy: normal, platformName: mac, proxy: Proxy(), se:cdp: ws://localhost:54163/devtoo..., se:cdpVersion: 118.0.5993.117, setWindowRect: true, strictFileInteractability: false, timeouts: {implicit: 0, pageLoad: 300000, script: 30000}, unhandledPromptBehavior: dismiss and notify, webauthn:extension:credBlob: true, webauthn:extension:largeBlob: true, webauthn:extension:minPinLength: true, webauthn:extension:prf: true, webauthn:virtualAuthenticators: true}&#10;Session ID: 40648f077f81af236f15398049b7fa9f" type="org.openqa.selenium.TimeoutException"><![CDATA[org.openqa.selenium.TimeoutException: 
Expected condition failed: waiting for visibility of [[ChromeDriver: chrome on mac (40648f077f81af236f15398049b7fa9f)] -> xpath: //div[@class = 'oxd-grid-item oxd-grid-item--gutters'][2]//child::div[text() = '-- Select --']] (tried for 10 second(s) with 500 milliseconds interval)
Build info: version: '4.14.1', revision: '03f8ede370'
System info: os.name: 'Mac OS X', os.arch: 'x86_64', os.version: '14.0', java.version: '19.0.2'
Driver info: org.openqa.selenium.chrome.ChromeDriver
Capabilities {acceptInsecureCerts: false, browserName: chrome, browserVersion: 118.0.5993.117, chrome: {chromedriverVersion: 118.0.5993.70 (e52f33f30b91..., userDataDir: /var/folders/_p/m636hhn95hb...}, fedcm:accounts: true, goog:chromeOptions: {debuggerAddress: localhost:54163}, networkConnectionEnabled: false, pageLoadStrategy: normal, platformName: mac, proxy: Proxy(), se:cdp: ws://localhost:54163/devtoo..., se:cdpVersion: 118.0.5993.117, setWindowRect: true, strictFileInteractability: false, timeouts: {implicit: 0, pageLoad: 300000, script: 30000}, unhandledPromptBehavior: dismiss and notify, webauthn:extension:credBlob: true, webauthn:extension:largeBlob: true, webauthn:extension:minPinLength: true, webauthn:extension:prf: true, webauthn:virtualAuthenticators: true}
Session ID: 40648f077f81af236f15398049b7fa9f
	at org.openqa.selenium.support.ui.WebDriverWait.timeoutException(WebDriverWait.java:84)
	at org.openqa.selenium.support.ui.FluentWait.until(FluentWait.java:230)
	at model.page.DirectoryPage.fillInJobTitle(DirectoryPage.java:39)
	at runner.DirectoryTest.testSearchJobTitleFilter(DirectoryTest.java:31)
	at java.base/jdk.internal.reflect.DirectMethodHandleAccessor.invoke(DirectMethodHandleAccessor.java:104)
	at java.base/java.lang.reflect.Method.invoke(Method.java:578)
	at org.testng.internal.invokers.MethodInvocationHelper.invokeMethod(MethodInvocationHelper.java:139)
	at org.testng.internal.invokers.TestInvoker.invokeMethod(TestInvoker.java:677)
	at org.testng.internal.invokers.TestInvoker.invokeTestMethod(TestInvoker.java:221)
	at org.testng.internal.invokers.MethodRunner.runInSequence(MethodRunner.java:50)
	at org.testng.internal.invokers.TestInvoker$MethodInvocationAgent.invoke(TestInvoker.java:969)
	at org.testng.internal.invokers.TestInvoker.invokeTestMethods(TestInvoker.java:194)
	at org.testng.internal.invokers.TestMethodWorker.invokeTestMethods(TestMethodWorker.java:148)
	at org.testng.internal.invokers.TestMethodWorker.run(TestMethodWorker.java:128)
	at java.base/java.util.concurrent.ThreadPoolExecutor.runWorker(ThreadPoolExecutor.java:1144)
	at java.base/java.util.concurrent.ThreadPoolExecutor$Worker.run(ThreadPoolExecutor.java:642)
	at java.base/java.lang.Thread.run(Thread.java:1589)
]]></failure>
    <system-out><![CDATA[Logged out
openSite runner.DirectoryTest@69ee81fc
]]></system-out>
  </testcase>
  <testcase name="testSearchJobTitleFilter[Customer Success Manager](6)" classname="runner.DirectoryTest" time="13.452">
    <failure message="Expected condition failed: waiting for visibility of [[ChromeDriver: chrome on mac (40648f077f81af236f15398049b7fa9f)] -&gt; xpath: //div[@class = &apos;oxd-grid-item oxd-grid-item--gutters&apos;][2]//child::div[text() = &apos;-- Select --&apos;]] (tried for 10 second(s) with 500 milliseconds interval)&#10;Build info: version: &apos;4.14.1&apos;, revision: &apos;03f8ede370&apos;&#10;System info: os.name: &apos;Mac OS X&apos;, os.arch: &apos;x86_64&apos;, os.version: &apos;14.0&apos;, java.version: &apos;19.0.2&apos;&#10;Driver info: org.openqa.selenium.chrome.ChromeDriver&#10;Capabilities {acceptInsecureCerts: false, browserName: chrome, browserVersion: 118.0.5993.117, chrome: {chromedriverVersion: 118.0.5993.70 (e52f33f30b91..., userDataDir: /var/folders/_p/m636hhn95hb...}, fedcm:accounts: true, goog:chromeOptions: {debuggerAddress: localhost:54163}, networkConnectionEnabled: false, pageLoadStrategy: normal, platformName: mac, proxy: Proxy(), se:cdp: ws://localhost:54163/devtoo..., se:cdpVersion: 118.0.5993.117, setWindowRect: true, strictFileInteractability: false, timeouts: {implicit: 0, pageLoad: 300000, script: 30000}, unhandledPromptBehavior: dismiss and notify, webauthn:extension:credBlob: true, webauthn:extension:largeBlob: true, webauthn:extension:minPinLength: true, webauthn:extension:prf: true, webauthn:virtualAuthenticators: true}&#10;Session ID: 40648f077f81af236f15398049b7fa9f" type="org.openqa.selenium.TimeoutException"><![CDATA[org.openqa.selenium.TimeoutException: 
Expected condition failed: waiting for visibility of [[ChromeDriver: chrome on mac (40648f077f81af236f15398049b7fa9f)] -> xpath: //div[@class = 'oxd-grid-item oxd-grid-item--gutters'][2]//child::div[text() = '-- Select --']] (tried for 10 second(s) with 500 milliseconds interval)
Build info: version: '4.14.1', revision: '03f8ede370'
System info: os.name: 'Mac OS X', os.arch: 'x86_64', os.version: '14.0', java.version: '19.0.2'
Driver info: org.openqa.selenium.chrome.ChromeDriver
Capabilities {acceptInsecureCerts: false, browserName: chrome, browserVersion: 118.0.5993.117, chrome: {chromedriverVersion: 118.0.5993.70 (e52f33f30b91..., userDataDir: /var/folders/_p/m636hhn95hb...}, fedcm:accounts: true, goog:chromeOptions: {debuggerAddress: localhost:54163}, networkConnectionEnabled: false, pageLoadStrategy: normal, platformName: mac, proxy: Proxy(), se:cdp: ws://localhost:54163/devtoo..., se:cdpVersion: 118.0.5993.117, setWindowRect: true, strictFileInteractability: false, timeouts: {implicit: 0, pageLoad: 300000, script: 30000}, unhandledPromptBehavior: dismiss and notify, webauthn:extension:credBlob: true, webauthn:extension:largeBlob: true, webauthn:extension:minPinLength: true, webauthn:extension:prf: true, webauthn:virtualAuthenticators: true}
Session ID: 40648f077f81af236f15398049b7fa9f
	at org.openqa.selenium.support.ui.WebDriverWait.timeoutException(WebDriverWait.java:84)
	at org.openqa.selenium.support.ui.FluentWait.until(FluentWait.java:230)
	at model.page.DirectoryPage.fillInJobTitle(DirectoryPage.java:39)
	at runner.DirectoryTest.testSearchJobTitleFilter(DirectoryTest.java:31)
	at java.base/jdk.internal.reflect.DirectMethodHandleAccessor.invoke(DirectMethodHandleAccessor.java:104)
	at java.base/java.lang.reflect.Method.invoke(Method.java:578)
	at org.testng.internal.invokers.MethodInvocationHelper.invokeMethod(MethodInvocationHelper.java:139)
	at org.testng.internal.invokers.TestInvoker.invokeMethod(TestInvoker.java:677)
	at org.testng.internal.invokers.TestInvoker.invokeTestMethod(TestInvoker.java:221)
	at org.testng.internal.invokers.MethodRunner.runInSequence(MethodRunner.java:50)
	at org.testng.internal.invokers.TestInvoker$MethodInvocationAgent.invoke(TestInvoker.java:969)
	at org.testng.internal.invokers.TestInvoker.invokeTestMethods(TestInvoker.java:194)
	at org.testng.internal.invokers.TestMethodWorker.invokeTestMethods(TestMethodWorker.java:148)
	at org.testng.internal.invokers.TestMethodWorker.run(TestMethodWorker.java:128)
	at java.base/java.util.concurrent.ThreadPoolExecutor.runWorker(ThreadPoolExecutor.java:1144)
	at java.base/java.util.concurrent.ThreadPoolExecutor$Worker.run(ThreadPoolExecutor.java:642)
	at java.base/java.lang.Thread.run(Thread.java:1589)
]]></failure>
    <system-out><![CDATA[Logged out
openSite runner.DirectoryTest@69ee81fc
]]></system-out>
  </testcase>
  <testcase name="testSearchJobTitleFilter[Database Administrator](7)" classname="runner.DirectoryTest" time="16.621">
    <failure message="Expected condition failed: waiting for visibility of [[ChromeDriver: chrome on mac (40648f077f81af236f15398049b7fa9f)] -&gt; xpath: //div[@class = &apos;oxd-grid-item oxd-grid-item--gutters&apos;][2]//child::div[text() = &apos;-- Select --&apos;]] (tried for 10 second(s) with 500 milliseconds interval)&#10;Build info: version: &apos;4.14.1&apos;, revision: &apos;03f8ede370&apos;&#10;System info: os.name: &apos;Mac OS X&apos;, os.arch: &apos;x86_64&apos;, os.version: &apos;14.0&apos;, java.version: &apos;19.0.2&apos;&#10;Driver info: org.openqa.selenium.chrome.ChromeDriver&#10;Capabilities {acceptInsecureCerts: false, browserName: chrome, browserVersion: 118.0.5993.117, chrome: {chromedriverVersion: 118.0.5993.70 (e52f33f30b91..., userDataDir: /var/folders/_p/m636hhn95hb...}, fedcm:accounts: true, goog:chromeOptions: {debuggerAddress: localhost:54163}, networkConnectionEnabled: false, pageLoadStrategy: normal, platformName: mac, proxy: Proxy(), se:cdp: ws://localhost:54163/devtoo..., se:cdpVersion: 118.0.5993.117, setWindowRect: true, strictFileInteractability: false, timeouts: {implicit: 0, pageLoad: 300000, script: 30000}, unhandledPromptBehavior: dismiss and notify, webauthn:extension:credBlob: true, webauthn:extension:largeBlob: true, webauthn:extension:minPinLength: true, webauthn:extension:prf: true, webauthn:virtualAuthenticators: true}&#10;Session ID: 40648f077f81af236f15398049b7fa9f" type="org.openqa.selenium.TimeoutException"><![CDATA[org.openqa.selenium.TimeoutException: 
Expected condition failed: waiting for visibility of [[ChromeDriver: chrome on mac (40648f077f81af236f15398049b7fa9f)] -> xpath: //div[@class = 'oxd-grid-item oxd-grid-item--gutters'][2]//child::div[text() = '-- Select --']] (tried for 10 second(s) with 500 milliseconds interval)
Build info: version: '4.14.1', revision: '03f8ede370'
System info: os.name: 'Mac OS X', os.arch: 'x86_64', os.version: '14.0', java.version: '19.0.2'
Driver info: org.openqa.selenium.chrome.ChromeDriver
Capabilities {acceptInsecureCerts: false, browserName: chrome, browserVersion: 118.0.5993.117, chrome: {chromedriverVersion: 118.0.5993.70 (e52f33f30b91..., userDataDir: /var/folders/_p/m636hhn95hb...}, fedcm:accounts: true, goog:chromeOptions: {debuggerAddress: localhost:54163}, networkConnectionEnabled: false, pageLoadStrategy: normal, platformName: mac, proxy: Proxy(), se:cdp: ws://localhost:54163/devtoo..., se:cdpVersion: 118.0.5993.117, setWindowRect: true, strictFileInteractability: false, timeouts: {implicit: 0, pageLoad: 300000, script: 30000}, unhandledPromptBehavior: dismiss and notify, webauthn:extension:credBlob: true, webauthn:extension:largeBlob: true, webauthn:extension:minPinLength: true, webauthn:extension:prf: true, webauthn:virtualAuthenticators: true}
Session ID: 40648f077f81af236f15398049b7fa9f
	at org.openqa.selenium.support.ui.WebDriverWait.timeoutException(WebDriverWait.java:84)
	at org.openqa.selenium.support.ui.FluentWait.until(FluentWait.java:230)
	at model.page.DirectoryPage.fillInJobTitle(DirectoryPage.java:39)
	at runner.DirectoryTest.testSearchJobTitleFilter(DirectoryTest.java:31)
	at java.base/jdk.internal.reflect.DirectMethodHandleAccessor.invoke(DirectMethodHandleAccessor.java:104)
	at java.base/java.lang.reflect.Method.invoke(Method.java:578)
	at org.testng.internal.invokers.MethodInvocationHelper.invokeMethod(MethodInvocationHelper.java:139)
	at org.testng.internal.invokers.TestInvoker.invokeMethod(TestInvoker.java:677)
	at org.testng.internal.invokers.TestInvoker.invokeTestMethod(TestInvoker.java:221)
	at org.testng.internal.invokers.MethodRunner.runInSequence(MethodRunner.java:50)
	at org.testng.internal.invokers.TestInvoker$MethodInvocationAgent.invoke(TestInvoker.java:969)
	at org.testng.internal.invokers.TestInvoker.invokeTestMethods(TestInvoker.java:194)
	at org.testng.internal.invokers.TestMethodWorker.invokeTestMethods(TestMethodWorker.java:148)
	at org.testng.internal.invokers.TestMethodWorker.run(TestMethodWorker.java:128)
	at java.base/java.util.concurrent.ThreadPoolExecutor.runWorker(ThreadPoolExecutor.java:1144)
	at java.base/java.util.concurrent.ThreadPoolExecutor$Worker.run(ThreadPoolExecutor.java:642)
	at java.base/java.lang.Thread.run(Thread.java:1589)
]]></failure>
    <system-out><![CDATA[Logged out
openSite runner.DirectoryTest@69ee81fc
]]></system-out>
  </testcase>
  <testcase name="testSearchJobTitleFilter[Finance Manager](8)" classname="runner.DirectoryTest" time="12.947">
    <failure message="Expected condition failed: waiting for visibility of [[ChromeDriver: chrome on mac (40648f077f81af236f15398049b7fa9f)] -&gt; xpath: //div[@class = &apos;oxd-grid-item oxd-grid-item--gutters&apos;][2]//child::div[text() = &apos;-- Select --&apos;]] (tried for 10 second(s) with 500 milliseconds interval)&#10;Build info: version: &apos;4.14.1&apos;, revision: &apos;03f8ede370&apos;&#10;System info: os.name: &apos;Mac OS X&apos;, os.arch: &apos;x86_64&apos;, os.version: &apos;14.0&apos;, java.version: &apos;19.0.2&apos;&#10;Driver info: org.openqa.selenium.chrome.ChromeDriver&#10;Capabilities {acceptInsecureCerts: false, browserName: chrome, browserVersion: 118.0.5993.117, chrome: {chromedriverVersion: 118.0.5993.70 (e52f33f30b91..., userDataDir: /var/folders/_p/m636hhn95hb...}, fedcm:accounts: true, goog:chromeOptions: {debuggerAddress: localhost:54163}, networkConnectionEnabled: false, pageLoadStrategy: normal, platformName: mac, proxy: Proxy(), se:cdp: ws://localhost:54163/devtoo..., se:cdpVersion: 118.0.5993.117, setWindowRect: true, strictFileInteractability: false, timeouts: {implicit: 0, pageLoad: 300000, script: 30000}, unhandledPromptBehavior: dismiss and notify, webauthn:extension:credBlob: true, webauthn:extension:largeBlob: true, webauthn:extension:minPinLength: true, webauthn:extension:prf: true, webauthn:virtualAuthenticators: true}&#10;Session ID: 40648f077f81af236f15398049b7fa9f" type="org.openqa.selenium.TimeoutException"><![CDATA[org.openqa.selenium.TimeoutException: 
Expected condition failed: waiting for visibility of [[ChromeDriver: chrome on mac (40648f077f81af236f15398049b7fa9f)] -> xpath: //div[@class = 'oxd-grid-item oxd-grid-item--gutters'][2]//child::div[text() = '-- Select --']] (tried for 10 second(s) with 500 milliseconds interval)
Build info: version: '4.14.1', revision: '03f8ede370'
System info: os.name: 'Mac OS X', os.arch: 'x86_64', os.version: '14.0', java.version: '19.0.2'
Driver info: org.openqa.selenium.chrome.ChromeDriver
Capabilities {acceptInsecureCerts: false, browserName: chrome, browserVersion: 118.0.5993.117, chrome: {chromedriverVersion: 118.0.5993.70 (e52f33f30b91..., userDataDir: /var/folders/_p/m636hhn95hb...}, fedcm:accounts: true, goog:chromeOptions: {debuggerAddress: localhost:54163}, networkConnectionEnabled: false, pageLoadStrategy: normal, platformName: mac, proxy: Proxy(), se:cdp: ws://localhost:54163/devtoo..., se:cdpVersion: 118.0.5993.117, setWindowRect: true, strictFileInteractability: false, timeouts: {implicit: 0, pageLoad: 300000, script: 30000}, unhandledPromptBehavior: dismiss and notify, webauthn:extension:credBlob: true, webauthn:extension:largeBlob: true, webauthn:extension:minPinLength: true, webauthn:extension:prf: true, webauthn:virtualAuthenticators: true}
Session ID: 40648f077f81af236f15398049b7fa9f
	at org.openqa.selenium.support.ui.WebDriverWait.timeoutException(WebDriverWait.java:84)
	at org.openqa.selenium.support.ui.FluentWait.until(FluentWait.java:230)
	at model.page.DirectoryPage.fillInJobTitle(DirectoryPage.java:39)
	at runner.DirectoryTest.testSearchJobTitleFilter(DirectoryTest.java:31)
	at java.base/jdk.internal.reflect.DirectMethodHandleAccessor.invoke(DirectMethodHandleAccessor.java:104)
	at java.base/java.lang.reflect.Method.invoke(Method.java:578)
	at org.testng.internal.invokers.MethodInvocationHelper.invokeMethod(MethodInvocationHelper.java:139)
	at org.testng.internal.invokers.TestInvoker.invokeMethod(TestInvoker.java:677)
	at org.testng.internal.invokers.TestInvoker.invokeTestMethod(TestInvoker.java:221)
	at org.testng.internal.invokers.MethodRunner.runInSequence(MethodRunner.java:50)
	at org.testng.internal.invokers.TestInvoker$MethodInvocationAgent.invoke(TestInvoker.java:969)
	at org.testng.internal.invokers.TestInvoker.invokeTestMethods(TestInvoker.java:194)
	at org.testng.internal.invokers.TestMethodWorker.invokeTestMethods(TestMethodWorker.java:148)
	at org.testng.internal.invokers.TestMethodWorker.run(TestMethodWorker.java:128)
	at java.base/java.util.concurrent.ThreadPoolExecutor.runWorker(ThreadPoolExecutor.java:1144)
	at java.base/java.util.concurrent.ThreadPoolExecutor$Worker.run(ThreadPoolExecutor.java:642)
	at java.base/java.lang.Thread.run(Thread.java:1589)
]]></failure>
    <system-out><![CDATA[Logged out
openSite runner.DirectoryTest@69ee81fc
]]></system-out>
  </testcase>
  <testcase name="testSearchJobTitleFilter[Financial Analyst](9)" classname="runner.DirectoryTest" time="12.931">
    <failure message="Expected condition failed: waiting for visibility of [[ChromeDriver: chrome on mac (40648f077f81af236f15398049b7fa9f)] -&gt; xpath: //div[@class = &apos;oxd-grid-item oxd-grid-item--gutters&apos;][2]//child::div[text() = &apos;-- Select --&apos;]] (tried for 10 second(s) with 500 milliseconds interval)&#10;Build info: version: &apos;4.14.1&apos;, revision: &apos;03f8ede370&apos;&#10;System info: os.name: &apos;Mac OS X&apos;, os.arch: &apos;x86_64&apos;, os.version: &apos;14.0&apos;, java.version: &apos;19.0.2&apos;&#10;Driver info: org.openqa.selenium.chrome.ChromeDriver&#10;Capabilities {acceptInsecureCerts: false, browserName: chrome, browserVersion: 118.0.5993.117, chrome: {chromedriverVersion: 118.0.5993.70 (e52f33f30b91..., userDataDir: /var/folders/_p/m636hhn95hb...}, fedcm:accounts: true, goog:chromeOptions: {debuggerAddress: localhost:54163}, networkConnectionEnabled: false, pageLoadStrategy: normal, platformName: mac, proxy: Proxy(), se:cdp: ws://localhost:54163/devtoo..., se:cdpVersion: 118.0.5993.117, setWindowRect: true, strictFileInteractability: false, timeouts: {implicit: 0, pageLoad: 300000, script: 30000}, unhandledPromptBehavior: dismiss and notify, webauthn:extension:credBlob: true, webauthn:extension:largeBlob: true, webauthn:extension:minPinLength: true, webauthn:extension:prf: true, webauthn:virtualAuthenticators: true}&#10;Session ID: 40648f077f81af236f15398049b7fa9f" type="org.openqa.selenium.TimeoutException"><![CDATA[org.openqa.selenium.TimeoutException: 
Expected condition failed: waiting for visibility of [[ChromeDriver: chrome on mac (40648f077f81af236f15398049b7fa9f)] -> xpath: //div[@class = 'oxd-grid-item oxd-grid-item--gutters'][2]//child::div[text() = '-- Select --']] (tried for 10 second(s) with 500 milliseconds interval)
Build info: version: '4.14.1', revision: '03f8ede370'
System info: os.name: 'Mac OS X', os.arch: 'x86_64', os.version: '14.0', java.version: '19.0.2'
Driver info: org.openqa.selenium.chrome.ChromeDriver
Capabilities {acceptInsecureCerts: false, browserName: chrome, browserVersion: 118.0.5993.117, chrome: {chromedriverVersion: 118.0.5993.70 (e52f33f30b91..., userDataDir: /var/folders/_p/m636hhn95hb...}, fedcm:accounts: true, goog:chromeOptions: {debuggerAddress: localhost:54163}, networkConnectionEnabled: false, pageLoadStrategy: normal, platformName: mac, proxy: Proxy(), se:cdp: ws://localhost:54163/devtoo..., se:cdpVersion: 118.0.5993.117, setWindowRect: true, strictFileInteractability: false, timeouts: {implicit: 0, pageLoad: 300000, script: 30000}, unhandledPromptBehavior: dismiss and notify, webauthn:extension:credBlob: true, webauthn:extension:largeBlob: true, webauthn:extension:minPinLength: true, webauthn:extension:prf: true, webauthn:virtualAuthenticators: true}
Session ID: 40648f077f81af236f15398049b7fa9f
	at org.openqa.selenium.support.ui.WebDriverWait.timeoutException(WebDriverWait.java:84)
	at org.openqa.selenium.support.ui.FluentWait.until(FluentWait.java:230)
	at model.page.DirectoryPage.fillInJobTitle(DirectoryPage.java:39)
	at runner.DirectoryTest.testSearchJobTitleFilter(DirectoryTest.java:31)
	at java.base/jdk.internal.reflect.DirectMethodHandleAccessor.invoke(DirectMethodHandleAccessor.java:104)
	at java.base/java.lang.reflect.Method.invoke(Method.java:578)
	at org.testng.internal.invokers.MethodInvocationHelper.invokeMethod(MethodInvocationHelper.java:139)
	at org.testng.internal.invokers.TestInvoker.invokeMethod(TestInvoker.java:677)
	at org.testng.internal.invokers.TestInvoker.invokeTestMethod(TestInvoker.java:221)
	at org.testng.internal.invokers.MethodRunner.runInSequence(MethodRunner.java:50)
	at org.testng.internal.invokers.TestInvoker$MethodInvocationAgent.invoke(TestInvoker.java:969)
	at org.testng.internal.invokers.TestInvoker.invokeTestMethods(TestInvoker.java:194)
	at org.testng.internal.invokers.TestMethodWorker.invokeTestMethods(TestMethodWorker.java:148)
	at org.testng.internal.invokers.TestMethodWorker.run(TestMethodWorker.java:128)
	at java.base/java.util.concurrent.ThreadPoolExecutor.runWorker(ThreadPoolExecutor.java:1144)
	at java.base/java.util.concurrent.ThreadPoolExecutor$Worker.run(ThreadPoolExecutor.java:642)
	at java.base/java.lang.Thread.run(Thread.java:1589)
]]></failure>
    <system-out><![CDATA[Logged out
openSite runner.DirectoryTest@69ee81fc
]]></system-out>
  </testcase>
  <testcase name="testSearchJobTitleFilter[Head of Support](10)" classname="runner.DirectoryTest" time="13.083">
    <failure message="Expected condition failed: waiting for visibility of [[ChromeDriver: chrome on mac (40648f077f81af236f15398049b7fa9f)] -&gt; xpath: //div[@class = &apos;oxd-grid-item oxd-grid-item--gutters&apos;][2]//child::div[text() = &apos;-- Select --&apos;]] (tried for 10 second(s) with 500 milliseconds interval)&#10;Build info: version: &apos;4.14.1&apos;, revision: &apos;03f8ede370&apos;&#10;System info: os.name: &apos;Mac OS X&apos;, os.arch: &apos;x86_64&apos;, os.version: &apos;14.0&apos;, java.version: &apos;19.0.2&apos;&#10;Driver info: org.openqa.selenium.chrome.ChromeDriver&#10;Capabilities {acceptInsecureCerts: false, browserName: chrome, browserVersion: 118.0.5993.117, chrome: {chromedriverVersion: 118.0.5993.70 (e52f33f30b91..., userDataDir: /var/folders/_p/m636hhn95hb...}, fedcm:accounts: true, goog:chromeOptions: {debuggerAddress: localhost:54163}, networkConnectionEnabled: false, pageLoadStrategy: normal, platformName: mac, proxy: Proxy(), se:cdp: ws://localhost:54163/devtoo..., se:cdpVersion: 118.0.5993.117, setWindowRect: true, strictFileInteractability: false, timeouts: {implicit: 0, pageLoad: 300000, script: 30000}, unhandledPromptBehavior: dismiss and notify, webauthn:extension:credBlob: true, webauthn:extension:largeBlob: true, webauthn:extension:minPinLength: true, webauthn:extension:prf: true, webauthn:virtualAuthenticators: true}&#10;Session ID: 40648f077f81af236f15398049b7fa9f" type="org.openqa.selenium.TimeoutException"><![CDATA[org.openqa.selenium.TimeoutException: 
Expected condition failed: waiting for visibility of [[ChromeDriver: chrome on mac (40648f077f81af236f15398049b7fa9f)] -> xpath: //div[@class = 'oxd-grid-item oxd-grid-item--gutters'][2]//child::div[text() = '-- Select --']] (tried for 10 second(s) with 500 milliseconds interval)
Build info: version: '4.14.1', revision: '03f8ede370'
System info: os.name: 'Mac OS X', os.arch: 'x86_64', os.version: '14.0', java.version: '19.0.2'
Driver info: org.openqa.selenium.chrome.ChromeDriver
Capabilities {acceptInsecureCerts: false, browserName: chrome, browserVersion: 118.0.5993.117, chrome: {chromedriverVersion: 118.0.5993.70 (e52f33f30b91..., userDataDir: /var/folders/_p/m636hhn95hb...}, fedcm:accounts: true, goog:chromeOptions: {debuggerAddress: localhost:54163}, networkConnectionEnabled: false, pageLoadStrategy: normal, platformName: mac, proxy: Proxy(), se:cdp: ws://localhost:54163/devtoo..., se:cdpVersion: 118.0.5993.117, setWindowRect: true, strictFileInteractability: false, timeouts: {implicit: 0, pageLoad: 300000, script: 30000}, unhandledPromptBehavior: dismiss and notify, webauthn:extension:credBlob: true, webauthn:extension:largeBlob: true, webauthn:extension:minPinLength: true, webauthn:extension:prf: true, webauthn:virtualAuthenticators: true}
Session ID: 40648f077f81af236f15398049b7fa9f
	at org.openqa.selenium.support.ui.WebDriverWait.timeoutException(WebDriverWait.java:84)
	at org.openqa.selenium.support.ui.FluentWait.until(FluentWait.java:230)
	at model.page.DirectoryPage.fillInJobTitle(DirectoryPage.java:39)
	at runner.DirectoryTest.testSearchJobTitleFilter(DirectoryTest.java:31)
	at java.base/jdk.internal.reflect.DirectMethodHandleAccessor.invoke(DirectMethodHandleAccessor.java:104)
	at java.base/java.lang.reflect.Method.invoke(Method.java:578)
	at org.testng.internal.invokers.MethodInvocationHelper.invokeMethod(MethodInvocationHelper.java:139)
	at org.testng.internal.invokers.TestInvoker.invokeMethod(TestInvoker.java:677)
	at org.testng.internal.invokers.TestInvoker.invokeTestMethod(TestInvoker.java:221)
	at org.testng.internal.invokers.MethodRunner.runInSequence(MethodRunner.java:50)
	at org.testng.internal.invokers.TestInvoker$MethodInvocationAgent.invoke(TestInvoker.java:969)
	at org.testng.internal.invokers.TestInvoker.invokeTestMethods(TestInvoker.java:194)
	at org.testng.internal.invokers.TestMethodWorker.invokeTestMethods(TestMethodWorker.java:148)
	at org.testng.internal.invokers.TestMethodWorker.run(TestMethodWorker.java:128)
	at java.base/java.util.concurrent.ThreadPoolExecutor.runWorker(ThreadPoolExecutor.java:1144)
	at java.base/java.util.concurrent.ThreadPoolExecutor$Worker.run(ThreadPoolExecutor.java:642)
	at java.base/java.lang.Thread.run(Thread.java:1589)
]]></failure>
    <system-out><![CDATA[Logged out
openSite runner.DirectoryTest@69ee81fc
]]></system-out>
  </testcase>
  <testcase name="testSearchJobTitleFilter[HR Associate](11)" classname="runner.DirectoryTest" time="12.742">
    <failure message="Expected condition failed: waiting for visibility of [[ChromeDriver: chrome on mac (40648f077f81af236f15398049b7fa9f)] -&gt; xpath: //div[@class = &apos;oxd-grid-item oxd-grid-item--gutters&apos;][2]//child::div[text() = &apos;-- Select --&apos;]] (tried for 10 second(s) with 500 milliseconds interval)&#10;Build info: version: &apos;4.14.1&apos;, revision: &apos;03f8ede370&apos;&#10;System info: os.name: &apos;Mac OS X&apos;, os.arch: &apos;x86_64&apos;, os.version: &apos;14.0&apos;, java.version: &apos;19.0.2&apos;&#10;Driver info: org.openqa.selenium.chrome.ChromeDriver&#10;Capabilities {acceptInsecureCerts: false, browserName: chrome, browserVersion: 118.0.5993.117, chrome: {chromedriverVersion: 118.0.5993.70 (e52f33f30b91..., userDataDir: /var/folders/_p/m636hhn95hb...}, fedcm:accounts: true, goog:chromeOptions: {debuggerAddress: localhost:54163}, networkConnectionEnabled: false, pageLoadStrategy: normal, platformName: mac, proxy: Proxy(), se:cdp: ws://localhost:54163/devtoo..., se:cdpVersion: 118.0.5993.117, setWindowRect: true, strictFileInteractability: false, timeouts: {implicit: 0, pageLoad: 300000, script: 30000}, unhandledPromptBehavior: dismiss and notify, webauthn:extension:credBlob: true, webauthn:extension:largeBlob: true, webauthn:extension:minPinLength: true, webauthn:extension:prf: true, webauthn:virtualAuthenticators: true}&#10;Session ID: 40648f077f81af236f15398049b7fa9f" type="org.openqa.selenium.TimeoutException"><![CDATA[org.openqa.selenium.TimeoutException: 
Expected condition failed: waiting for visibility of [[ChromeDriver: chrome on mac (40648f077f81af236f15398049b7fa9f)] -> xpath: //div[@class = 'oxd-grid-item oxd-grid-item--gutters'][2]//child::div[text() = '-- Select --']] (tried for 10 second(s) with 500 milliseconds interval)
Build info: version: '4.14.1', revision: '03f8ede370'
System info: os.name: 'Mac OS X', os.arch: 'x86_64', os.version: '14.0', java.version: '19.0.2'
Driver info: org.openqa.selenium.chrome.ChromeDriver
Capabilities {acceptInsecureCerts: false, browserName: chrome, browserVersion: 118.0.5993.117, chrome: {chromedriverVersion: 118.0.5993.70 (e52f33f30b91..., userDataDir: /var/folders/_p/m636hhn95hb...}, fedcm:accounts: true, goog:chromeOptions: {debuggerAddress: localhost:54163}, networkConnectionEnabled: false, pageLoadStrategy: normal, platformName: mac, proxy: Proxy(), se:cdp: ws://localhost:54163/devtoo..., se:cdpVersion: 118.0.5993.117, setWindowRect: true, strictFileInteractability: false, timeouts: {implicit: 0, pageLoad: 300000, script: 30000}, unhandledPromptBehavior: dismiss and notify, webauthn:extension:credBlob: true, webauthn:extension:largeBlob: true, webauthn:extension:minPinLength: true, webauthn:extension:prf: true, webauthn:virtualAuthenticators: true}
Session ID: 40648f077f81af236f15398049b7fa9f
	at org.openqa.selenium.support.ui.WebDriverWait.timeoutException(WebDriverWait.java:84)
	at org.openqa.selenium.support.ui.FluentWait.until(FluentWait.java:230)
	at model.page.DirectoryPage.fillInJobTitle(DirectoryPage.java:39)
	at runner.DirectoryTest.testSearchJobTitleFilter(DirectoryTest.java:31)
	at java.base/jdk.internal.reflect.DirectMethodHandleAccessor.invoke(DirectMethodHandleAccessor.java:104)
	at java.base/java.lang.reflect.Method.invoke(Method.java:578)
	at org.testng.internal.invokers.MethodInvocationHelper.invokeMethod(MethodInvocationHelper.java:139)
	at org.testng.internal.invokers.TestInvoker.invokeMethod(TestInvoker.java:677)
	at org.testng.internal.invokers.TestInvoker.invokeTestMethod(TestInvoker.java:221)
	at org.testng.internal.invokers.MethodRunner.runInSequence(MethodRunner.java:50)
	at org.testng.internal.invokers.TestInvoker$MethodInvocationAgent.invoke(TestInvoker.java:969)
	at org.testng.internal.invokers.TestInvoker.invokeTestMethods(TestInvoker.java:194)
	at org.testng.internal.invokers.TestMethodWorker.invokeTestMethods(TestMethodWorker.java:148)
	at org.testng.internal.invokers.TestMethodWorker.run(TestMethodWorker.java:128)
	at java.base/java.util.concurrent.ThreadPoolExecutor.runWorker(ThreadPoolExecutor.java:1144)
	at java.base/java.util.concurrent.ThreadPoolExecutor$Worker.run(ThreadPoolExecutor.java:642)
	at java.base/java.lang.Thread.run(Thread.java:1589)
]]></failure>
    <system-out><![CDATA[Logged out
openSite runner.DirectoryTest@69ee81fc
]]></system-out>
  </testcase>
  <testcase name="testSearchJobTitleFilter[HR Manager](12)" classname="runner.DirectoryTest" time="14.364">
    <failure message="Expected condition failed: waiting for visibility of [[ChromeDriver: chrome on mac (40648f077f81af236f15398049b7fa9f)] -&gt; xpath: //div[@class = &apos;oxd-grid-item oxd-grid-item--gutters&apos;][2]//child::div[text() = &apos;-- Select --&apos;]] (tried for 10 second(s) with 500 milliseconds interval)&#10;Build info: version: &apos;4.14.1&apos;, revision: &apos;03f8ede370&apos;&#10;System info: os.name: &apos;Mac OS X&apos;, os.arch: &apos;x86_64&apos;, os.version: &apos;14.0&apos;, java.version: &apos;19.0.2&apos;&#10;Driver info: org.openqa.selenium.chrome.ChromeDriver&#10;Capabilities {acceptInsecureCerts: false, browserName: chrome, browserVersion: 118.0.5993.117, chrome: {chromedriverVersion: 118.0.5993.70 (e52f33f30b91..., userDataDir: /var/folders/_p/m636hhn95hb...}, fedcm:accounts: true, goog:chromeOptions: {debuggerAddress: localhost:54163}, networkConnectionEnabled: false, pageLoadStrategy: normal, platformName: mac, proxy: Proxy(), se:cdp: ws://localhost:54163/devtoo..., se:cdpVersion: 118.0.5993.117, setWindowRect: true, strictFileInteractability: false, timeouts: {implicit: 0, pageLoad: 300000, script: 30000}, unhandledPromptBehavior: dismiss and notify, webauthn:extension:credBlob: true, webauthn:extension:largeBlob: true, webauthn:extension:minPinLength: true, webauthn:extension:prf: true, webauthn:virtualAuthenticators: true}&#10;Session ID: 40648f077f81af236f15398049b7fa9f" type="org.openqa.selenium.TimeoutException"><![CDATA[org.openqa.selenium.TimeoutException: 
Expected condition failed: waiting for visibility of [[ChromeDriver: chrome on mac (40648f077f81af236f15398049b7fa9f)] -> xpath: //div[@class = 'oxd-grid-item oxd-grid-item--gutters'][2]//child::div[text() = '-- Select --']] (tried for 10 second(s) with 500 milliseconds interval)
Build info: version: '4.14.1', revision: '03f8ede370'
System info: os.name: 'Mac OS X', os.arch: 'x86_64', os.version: '14.0', java.version: '19.0.2'
Driver info: org.openqa.selenium.chrome.ChromeDriver
Capabilities {acceptInsecureCerts: false, browserName: chrome, browserVersion: 118.0.5993.117, chrome: {chromedriverVersion: 118.0.5993.70 (e52f33f30b91..., userDataDir: /var/folders/_p/m636hhn95hb...}, fedcm:accounts: true, goog:chromeOptions: {debuggerAddress: localhost:54163}, networkConnectionEnabled: false, pageLoadStrategy: normal, platformName: mac, proxy: Proxy(), se:cdp: ws://localhost:54163/devtoo..., se:cdpVersion: 118.0.5993.117, setWindowRect: true, strictFileInteractability: false, timeouts: {implicit: 0, pageLoad: 300000, script: 30000}, unhandledPromptBehavior: dismiss and notify, webauthn:extension:credBlob: true, webauthn:extension:largeBlob: true, webauthn:extension:minPinLength: true, webauthn:extension:prf: true, webauthn:virtualAuthenticators: true}
Session ID: 40648f077f81af236f15398049b7fa9f
	at org.openqa.selenium.support.ui.WebDriverWait.timeoutException(WebDriverWait.java:84)
	at org.openqa.selenium.support.ui.FluentWait.until(FluentWait.java:230)
	at model.page.DirectoryPage.fillInJobTitle(DirectoryPage.java:39)
	at runner.DirectoryTest.testSearchJobTitleFilter(DirectoryTest.java:31)
	at java.base/jdk.internal.reflect.DirectMethodHandleAccessor.invoke(DirectMethodHandleAccessor.java:104)
	at java.base/java.lang.reflect.Method.invoke(Method.java:578)
	at org.testng.internal.invokers.MethodInvocationHelper.invokeMethod(MethodInvocationHelper.java:139)
	at org.testng.internal.invokers.TestInvoker.invokeMethod(TestInvoker.java:677)
	at org.testng.internal.invokers.TestInvoker.invokeTestMethod(TestInvoker.java:221)
	at org.testng.internal.invokers.MethodRunner.runInSequence(MethodRunner.java:50)
	at org.testng.internal.invokers.TestInvoker$MethodInvocationAgent.invoke(TestInvoker.java:969)
	at org.testng.internal.invokers.TestInvoker.invokeTestMethods(TestInvoker.java:194)
	at org.testng.internal.invokers.TestMethodWorker.invokeTestMethods(TestMethodWorker.java:148)
	at org.testng.internal.invokers.TestMethodWorker.run(TestMethodWorker.java:128)
	at java.base/java.util.concurrent.ThreadPoolExecutor.runWorker(ThreadPoolExecutor.java:1144)
	at java.base/java.util.concurrent.ThreadPoolExecutor$Worker.run(ThreadPoolExecutor.java:642)
	at java.base/java.lang.Thread.run(Thread.java:1589)
]]></failure>
    <system-out><![CDATA[Logged out
openSite runner.DirectoryTest@69ee81fc
]]></system-out>
  </testcase>
  <testcase name="testSearchJobTitleFilter[IT Manager](13)" classname="runner.DirectoryTest" time="13.408">
    <failure message="Expected condition failed: waiting for visibility of [[ChromeDriver: chrome on mac (40648f077f81af236f15398049b7fa9f)] -&gt; xpath: //div[@class = &apos;oxd-grid-item oxd-grid-item--gutters&apos;][2]//child::div[text() = &apos;-- Select --&apos;]] (tried for 10 second(s) with 500 milliseconds interval)&#10;Build info: version: &apos;4.14.1&apos;, revision: &apos;03f8ede370&apos;&#10;System info: os.name: &apos;Mac OS X&apos;, os.arch: &apos;x86_64&apos;, os.version: &apos;14.0&apos;, java.version: &apos;19.0.2&apos;&#10;Driver info: org.openqa.selenium.chrome.ChromeDriver&#10;Capabilities {acceptInsecureCerts: false, browserName: chrome, browserVersion: 118.0.5993.117, chrome: {chromedriverVersion: 118.0.5993.70 (e52f33f30b91..., userDataDir: /var/folders/_p/m636hhn95hb...}, fedcm:accounts: true, goog:chromeOptions: {debuggerAddress: localhost:54163}, networkConnectionEnabled: false, pageLoadStrategy: normal, platformName: mac, proxy: Proxy(), se:cdp: ws://localhost:54163/devtoo..., se:cdpVersion: 118.0.5993.117, setWindowRect: true, strictFileInteractability: false, timeouts: {implicit: 0, pageLoad: 300000, script: 30000}, unhandledPromptBehavior: dismiss and notify, webauthn:extension:credBlob: true, webauthn:extension:largeBlob: true, webauthn:extension:minPinLength: true, webauthn:extension:prf: true, webauthn:virtualAuthenticators: true}&#10;Session ID: 40648f077f81af236f15398049b7fa9f" type="org.openqa.selenium.TimeoutException"><![CDATA[org.openqa.selenium.TimeoutException: 
Expected condition failed: waiting for visibility of [[ChromeDriver: chrome on mac (40648f077f81af236f15398049b7fa9f)] -> xpath: //div[@class = 'oxd-grid-item oxd-grid-item--gutters'][2]//child::div[text() = '-- Select --']] (tried for 10 second(s) with 500 milliseconds interval)
Build info: version: '4.14.1', revision: '03f8ede370'
System info: os.name: 'Mac OS X', os.arch: 'x86_64', os.version: '14.0', java.version: '19.0.2'
Driver info: org.openqa.selenium.chrome.ChromeDriver
Capabilities {acceptInsecureCerts: false, browserName: chrome, browserVersion: 118.0.5993.117, chrome: {chromedriverVersion: 118.0.5993.70 (e52f33f30b91..., userDataDir: /var/folders/_p/m636hhn95hb...}, fedcm:accounts: true, goog:chromeOptions: {debuggerAddress: localhost:54163}, networkConnectionEnabled: false, pageLoadStrategy: normal, platformName: mac, proxy: Proxy(), se:cdp: ws://localhost:54163/devtoo..., se:cdpVersion: 118.0.5993.117, setWindowRect: true, strictFileInteractability: false, timeouts: {implicit: 0, pageLoad: 300000, script: 30000}, unhandledPromptBehavior: dismiss and notify, webauthn:extension:credBlob: true, webauthn:extension:largeBlob: true, webauthn:extension:minPinLength: true, webauthn:extension:prf: true, webauthn:virtualAuthenticators: true}
Session ID: 40648f077f81af236f15398049b7fa9f
	at org.openqa.selenium.support.ui.WebDriverWait.timeoutException(WebDriverWait.java:84)
	at org.openqa.selenium.support.ui.FluentWait.until(FluentWait.java:230)
	at model.page.DirectoryPage.fillInJobTitle(DirectoryPage.java:39)
	at runner.DirectoryTest.testSearchJobTitleFilter(DirectoryTest.java:31)
	at java.base/jdk.internal.reflect.DirectMethodHandleAccessor.invoke(DirectMethodHandleAccessor.java:104)
	at java.base/java.lang.reflect.Method.invoke(Method.java:578)
	at org.testng.internal.invokers.MethodInvocationHelper.invokeMethod(MethodInvocationHelper.java:139)
	at org.testng.internal.invokers.TestInvoker.invokeMethod(TestInvoker.java:677)
	at org.testng.internal.invokers.TestInvoker.invokeTestMethod(TestInvoker.java:221)
	at org.testng.internal.invokers.MethodRunner.runInSequence(MethodRunner.java:50)
	at org.testng.internal.invokers.TestInvoker$MethodInvocationAgent.invoke(TestInvoker.java:969)
	at org.testng.internal.invokers.TestInvoker.invokeTestMethods(TestInvoker.java:194)
	at org.testng.internal.invokers.TestMethodWorker.invokeTestMethods(TestMethodWorker.java:148)
	at org.testng.internal.invokers.TestMethodWorker.run(TestMethodWorker.java:128)
	at java.base/java.util.concurrent.ThreadPoolExecutor.runWorker(ThreadPoolExecutor.java:1144)
	at java.base/java.util.concurrent.ThreadPoolExecutor$Worker.run(ThreadPoolExecutor.java:642)
	at java.base/java.lang.Thread.run(Thread.java:1589)
]]></failure>
    <system-out><![CDATA[Logged out
openSite runner.DirectoryTest@69ee81fc
]]></system-out>
  </testcase>
  <testcase name="testSearchJobTitleFilter[Network Administrator](14)" classname="runner.DirectoryTest" time="12.4">
    <failure message="Expected condition failed: waiting for visibility of [[ChromeDriver: chrome on mac (40648f077f81af236f15398049b7fa9f)] -&gt; xpath: //div[@class = &apos;oxd-grid-item oxd-grid-item--gutters&apos;][2]//child::div[text() = &apos;-- Select --&apos;]] (tried for 10 second(s) with 500 milliseconds interval)&#10;Build info: version: &apos;4.14.1&apos;, revision: &apos;03f8ede370&apos;&#10;System info: os.name: &apos;Mac OS X&apos;, os.arch: &apos;x86_64&apos;, os.version: &apos;14.0&apos;, java.version: &apos;19.0.2&apos;&#10;Driver info: org.openqa.selenium.chrome.ChromeDriver&#10;Capabilities {acceptInsecureCerts: false, browserName: chrome, browserVersion: 118.0.5993.117, chrome: {chromedriverVersion: 118.0.5993.70 (e52f33f30b91..., userDataDir: /var/folders/_p/m636hhn95hb...}, fedcm:accounts: true, goog:chromeOptions: {debuggerAddress: localhost:54163}, networkConnectionEnabled: false, pageLoadStrategy: normal, platformName: mac, proxy: Proxy(), se:cdp: ws://localhost:54163/devtoo..., se:cdpVersion: 118.0.5993.117, setWindowRect: true, strictFileInteractability: false, timeouts: {implicit: 0, pageLoad: 300000, script: 30000}, unhandledPromptBehavior: dismiss and notify, webauthn:extension:credBlob: true, webauthn:extension:largeBlob: true, webauthn:extension:minPinLength: true, webauthn:extension:prf: true, webauthn:virtualAuthenticators: true}&#10;Session ID: 40648f077f81af236f15398049b7fa9f" type="org.openqa.selenium.TimeoutException"><![CDATA[org.openqa.selenium.TimeoutException: 
Expected condition failed: waiting for visibility of [[ChromeDriver: chrome on mac (40648f077f81af236f15398049b7fa9f)] -> xpath: //div[@class = 'oxd-grid-item oxd-grid-item--gutters'][2]//child::div[text() = '-- Select --']] (tried for 10 second(s) with 500 milliseconds interval)
Build info: version: '4.14.1', revision: '03f8ede370'
System info: os.name: 'Mac OS X', os.arch: 'x86_64', os.version: '14.0', java.version: '19.0.2'
Driver info: org.openqa.selenium.chrome.ChromeDriver
Capabilities {acceptInsecureCerts: false, browserName: chrome, browserVersion: 118.0.5993.117, chrome: {chromedriverVersion: 118.0.5993.70 (e52f33f30b91..., userDataDir: /var/folders/_p/m636hhn95hb...}, fedcm:accounts: true, goog:chromeOptions: {debuggerAddress: localhost:54163}, networkConnectionEnabled: false, pageLoadStrategy: normal, platformName: mac, proxy: Proxy(), se:cdp: ws://localhost:54163/devtoo..., se:cdpVersion: 118.0.5993.117, setWindowRect: true, strictFileInteractability: false, timeouts: {implicit: 0, pageLoad: 300000, script: 30000}, unhandledPromptBehavior: dismiss and notify, webauthn:extension:credBlob: true, webauthn:extension:largeBlob: true, webauthn:extension:minPinLength: true, webauthn:extension:prf: true, webauthn:virtualAuthenticators: true}
Session ID: 40648f077f81af236f15398049b7fa9f
	at org.openqa.selenium.support.ui.WebDriverWait.timeoutException(WebDriverWait.java:84)
	at org.openqa.selenium.support.ui.FluentWait.until(FluentWait.java:230)
	at model.page.DirectoryPage.fillInJobTitle(DirectoryPage.java:39)
	at runner.DirectoryTest.testSearchJobTitleFilter(DirectoryTest.java:31)
	at java.base/jdk.internal.reflect.DirectMethodHandleAccessor.invoke(DirectMethodHandleAccessor.java:104)
	at java.base/java.lang.reflect.Method.invoke(Method.java:578)
	at org.testng.internal.invokers.MethodInvocationHelper.invokeMethod(MethodInvocationHelper.java:139)
	at org.testng.internal.invokers.TestInvoker.invokeMethod(TestInvoker.java:677)
	at org.testng.internal.invokers.TestInvoker.invokeTestMethod(TestInvoker.java:221)
	at org.testng.internal.invokers.MethodRunner.runInSequence(MethodRunner.java:50)
	at org.testng.internal.invokers.TestInvoker$MethodInvocationAgent.invoke(TestInvoker.java:969)
	at org.testng.internal.invokers.TestInvoker.invokeTestMethods(TestInvoker.java:194)
	at org.testng.internal.invokers.TestMethodWorker.invokeTestMethods(TestMethodWorker.java:148)
	at org.testng.internal.invokers.TestMethodWorker.run(TestMethodWorker.java:128)
	at java.base/java.util.concurrent.ThreadPoolExecutor.runWorker(ThreadPoolExecutor.java:1144)
	at java.base/java.util.concurrent.ThreadPoolExecutor$Worker.run(ThreadPoolExecutor.java:642)
	at java.base/java.lang.Thread.run(Thread.java:1589)
]]></failure>
    <system-out><![CDATA[Logged out
openSite runner.DirectoryTest@69ee81fc
]]></system-out>
  </testcase>
  <testcase name="testSearchJobTitleFilter[Payroll Administrator](15)" classname="runner.DirectoryTest" time="15.575">
    <failure message="Expected condition failed: waiting for visibility of [[ChromeDriver: chrome on mac (40648f077f81af236f15398049b7fa9f)] -&gt; xpath: //div[@class = &apos;oxd-grid-item oxd-grid-item--gutters&apos;][2]//child::div[text() = &apos;-- Select --&apos;]] (tried for 10 second(s) with 500 milliseconds interval)&#10;Build info: version: &apos;4.14.1&apos;, revision: &apos;03f8ede370&apos;&#10;System info: os.name: &apos;Mac OS X&apos;, os.arch: &apos;x86_64&apos;, os.version: &apos;14.0&apos;, java.version: &apos;19.0.2&apos;&#10;Driver info: org.openqa.selenium.chrome.ChromeDriver&#10;Capabilities {acceptInsecureCerts: false, browserName: chrome, browserVersion: 118.0.5993.117, chrome: {chromedriverVersion: 118.0.5993.70 (e52f33f30b91..., userDataDir: /var/folders/_p/m636hhn95hb...}, fedcm:accounts: true, goog:chromeOptions: {debuggerAddress: localhost:54163}, networkConnectionEnabled: false, pageLoadStrategy: normal, platformName: mac, proxy: Proxy(), se:cdp: ws://localhost:54163/devtoo..., se:cdpVersion: 118.0.5993.117, setWindowRect: true, strictFileInteractability: false, timeouts: {implicit: 0, pageLoad: 300000, script: 30000}, unhandledPromptBehavior: dismiss and notify, webauthn:extension:credBlob: true, webauthn:extension:largeBlob: true, webauthn:extension:minPinLength: true, webauthn:extension:prf: true, webauthn:virtualAuthenticators: true}&#10;Session ID: 40648f077f81af236f15398049b7fa9f" type="org.openqa.selenium.TimeoutException"><![CDATA[org.openqa.selenium.TimeoutException: 
Expected condition failed: waiting for visibility of [[ChromeDriver: chrome on mac (40648f077f81af236f15398049b7fa9f)] -> xpath: //div[@class = 'oxd-grid-item oxd-grid-item--gutters'][2]//child::div[text() = '-- Select --']] (tried for 10 second(s) with 500 milliseconds interval)
Build info: version: '4.14.1', revision: '03f8ede370'
System info: os.name: 'Mac OS X', os.arch: 'x86_64', os.version: '14.0', java.version: '19.0.2'
Driver info: org.openqa.selenium.chrome.ChromeDriver
Capabilities {acceptInsecureCerts: false, browserName: chrome, browserVersion: 118.0.5993.117, chrome: {chromedriverVersion: 118.0.5993.70 (e52f33f30b91..., userDataDir: /var/folders/_p/m636hhn95hb...}, fedcm:accounts: true, goog:chromeOptions: {debuggerAddress: localhost:54163}, networkConnectionEnabled: false, pageLoadStrategy: normal, platformName: mac, proxy: Proxy(), se:cdp: ws://localhost:54163/devtoo..., se:cdpVersion: 118.0.5993.117, setWindowRect: true, strictFileInteractability: false, timeouts: {implicit: 0, pageLoad: 300000, script: 30000}, unhandledPromptBehavior: dismiss and notify, webauthn:extension:credBlob: true, webauthn:extension:largeBlob: true, webauthn:extension:minPinLength: true, webauthn:extension:prf: true, webauthn:virtualAuthenticators: true}
Session ID: 40648f077f81af236f15398049b7fa9f
	at org.openqa.selenium.support.ui.WebDriverWait.timeoutException(WebDriverWait.java:84)
	at org.openqa.selenium.support.ui.FluentWait.until(FluentWait.java:230)
	at model.page.DirectoryPage.fillInJobTitle(DirectoryPage.java:39)
	at runner.DirectoryTest.testSearchJobTitleFilter(DirectoryTest.java:31)
	at java.base/jdk.internal.reflect.DirectMethodHandleAccessor.invoke(DirectMethodHandleAccessor.java:104)
	at java.base/java.lang.reflect.Method.invoke(Method.java:578)
	at org.testng.internal.invokers.MethodInvocationHelper.invokeMethod(MethodInvocationHelper.java:139)
	at org.testng.internal.invokers.TestInvoker.invokeMethod(TestInvoker.java:677)
	at org.testng.internal.invokers.TestInvoker.invokeTestMethod(TestInvoker.java:221)
	at org.testng.internal.invokers.MethodRunner.runInSequence(MethodRunner.java:50)
	at org.testng.internal.invokers.TestInvoker$MethodInvocationAgent.invoke(TestInvoker.java:969)
	at org.testng.internal.invokers.TestInvoker.invokeTestMethods(TestInvoker.java:194)
	at org.testng.internal.invokers.TestMethodWorker.invokeTestMethods(TestMethodWorker.java:148)
	at org.testng.internal.invokers.TestMethodWorker.run(TestMethodWorker.java:128)
	at java.base/java.util.concurrent.ThreadPoolExecutor.runWorker(ThreadPoolExecutor.java:1144)
	at java.base/java.util.concurrent.ThreadPoolExecutor$Worker.run(ThreadPoolExecutor.java:642)
	at java.base/java.lang.Thread.run(Thread.java:1589)
]]></failure>
    <system-out><![CDATA[Logged out
openSite runner.DirectoryTest@69ee81fc
]]></system-out>
  </testcase>
  <testcase name="testSearchJobTitleFilter[Pre-Sales Coordinator](16)" classname="runner.DirectoryTest" time="12.77">
    <failure message="Expected condition failed: waiting for visibility of [[ChromeDriver: chrome on mac (40648f077f81af236f15398049b7fa9f)] -&gt; xpath: //div[@class = &apos;oxd-grid-item oxd-grid-item--gutters&apos;][2]//child::div[text() = &apos;-- Select --&apos;]] (tried for 10 second(s) with 500 milliseconds interval)&#10;Build info: version: &apos;4.14.1&apos;, revision: &apos;03f8ede370&apos;&#10;System info: os.name: &apos;Mac OS X&apos;, os.arch: &apos;x86_64&apos;, os.version: &apos;14.0&apos;, java.version: &apos;19.0.2&apos;&#10;Driver info: org.openqa.selenium.chrome.ChromeDriver&#10;Capabilities {acceptInsecureCerts: false, browserName: chrome, browserVersion: 118.0.5993.117, chrome: {chromedriverVersion: 118.0.5993.70 (e52f33f30b91..., userDataDir: /var/folders/_p/m636hhn95hb...}, fedcm:accounts: true, goog:chromeOptions: {debuggerAddress: localhost:54163}, networkConnectionEnabled: false, pageLoadStrategy: normal, platformName: mac, proxy: Proxy(), se:cdp: ws://localhost:54163/devtoo..., se:cdpVersion: 118.0.5993.117, setWindowRect: true, strictFileInteractability: false, timeouts: {implicit: 0, pageLoad: 300000, script: 30000}, unhandledPromptBehavior: dismiss and notify, webauthn:extension:credBlob: true, webauthn:extension:largeBlob: true, webauthn:extension:minPinLength: true, webauthn:extension:prf: true, webauthn:virtualAuthenticators: true}&#10;Session ID: 40648f077f81af236f15398049b7fa9f" type="org.openqa.selenium.TimeoutException"><![CDATA[org.openqa.selenium.TimeoutException: 
Expected condition failed: waiting for visibility of [[ChromeDriver: chrome on mac (40648f077f81af236f15398049b7fa9f)] -> xpath: //div[@class = 'oxd-grid-item oxd-grid-item--gutters'][2]//child::div[text() = '-- Select --']] (tried for 10 second(s) with 500 milliseconds interval)
Build info: version: '4.14.1', revision: '03f8ede370'
System info: os.name: 'Mac OS X', os.arch: 'x86_64', os.version: '14.0', java.version: '19.0.2'
Driver info: org.openqa.selenium.chrome.ChromeDriver
Capabilities {acceptInsecureCerts: false, browserName: chrome, browserVersion: 118.0.5993.117, chrome: {chromedriverVersion: 118.0.5993.70 (e52f33f30b91..., userDataDir: /var/folders/_p/m636hhn95hb...}, fedcm:accounts: true, goog:chromeOptions: {debuggerAddress: localhost:54163}, networkConnectionEnabled: false, pageLoadStrategy: normal, platformName: mac, proxy: Proxy(), se:cdp: ws://localhost:54163/devtoo..., se:cdpVersion: 118.0.5993.117, setWindowRect: true, strictFileInteractability: false, timeouts: {implicit: 0, pageLoad: 300000, script: 30000}, unhandledPromptBehavior: dismiss and notify, webauthn:extension:credBlob: true, webauthn:extension:largeBlob: true, webauthn:extension:minPinLength: true, webauthn:extension:prf: true, webauthn:virtualAuthenticators: true}
Session ID: 40648f077f81af236f15398049b7fa9f
	at org.openqa.selenium.support.ui.WebDriverWait.timeoutException(WebDriverWait.java:84)
	at org.openqa.selenium.support.ui.FluentWait.until(FluentWait.java:230)
	at model.page.DirectoryPage.fillInJobTitle(DirectoryPage.java:39)
	at runner.DirectoryTest.testSearchJobTitleFilter(DirectoryTest.java:31)
	at java.base/jdk.internal.reflect.DirectMethodHandleAccessor.invoke(DirectMethodHandleAccessor.java:104)
	at java.base/java.lang.reflect.Method.invoke(Method.java:578)
	at org.testng.internal.invokers.MethodInvocationHelper.invokeMethod(MethodInvocationHelper.java:139)
	at org.testng.internal.invokers.TestInvoker.invokeMethod(TestInvoker.java:677)
	at org.testng.internal.invokers.TestInvoker.invokeTestMethod(TestInvoker.java:221)
	at org.testng.internal.invokers.MethodRunner.runInSequence(MethodRunner.java:50)
	at org.testng.internal.invokers.TestInvoker$MethodInvocationAgent.invoke(TestInvoker.java:969)
	at org.testng.internal.invokers.TestInvoker.invokeTestMethods(TestInvoker.java:194)
	at org.testng.internal.invokers.TestMethodWorker.invokeTestMethods(TestMethodWorker.java:148)
	at org.testng.internal.invokers.TestMethodWorker.run(TestMethodWorker.java:128)
	at java.base/java.util.concurrent.ThreadPoolExecutor.runWorker(ThreadPoolExecutor.java:1144)
	at java.base/java.util.concurrent.ThreadPoolExecutor$Worker.run(ThreadPoolExecutor.java:642)
	at java.base/java.lang.Thread.run(Thread.java:1589)
]]></failure>
    <system-out><![CDATA[Logged out
openSite runner.DirectoryTest@69ee81fc
]]></system-out>
  </testcase>
  <testcase name="testSearchJobTitleFilter[QA Engineer](17)" classname="runner.DirectoryTest" time="12.837">
    <failure message="Expected condition failed: waiting for visibility of [[ChromeDriver: chrome on mac (40648f077f81af236f15398049b7fa9f)] -&gt; xpath: //div[@class = &apos;oxd-grid-item oxd-grid-item--gutters&apos;][2]//child::div[text() = &apos;-- Select --&apos;]] (tried for 10 second(s) with 500 milliseconds interval)&#10;Build info: version: &apos;4.14.1&apos;, revision: &apos;03f8ede370&apos;&#10;System info: os.name: &apos;Mac OS X&apos;, os.arch: &apos;x86_64&apos;, os.version: &apos;14.0&apos;, java.version: &apos;19.0.2&apos;&#10;Driver info: org.openqa.selenium.chrome.ChromeDriver&#10;Capabilities {acceptInsecureCerts: false, browserName: chrome, browserVersion: 118.0.5993.117, chrome: {chromedriverVersion: 118.0.5993.70 (e52f33f30b91..., userDataDir: /var/folders/_p/m636hhn95hb...}, fedcm:accounts: true, goog:chromeOptions: {debuggerAddress: localhost:54163}, networkConnectionEnabled: false, pageLoadStrategy: normal, platformName: mac, proxy: Proxy(), se:cdp: ws://localhost:54163/devtoo..., se:cdpVersion: 118.0.5993.117, setWindowRect: true, strictFileInteractability: false, timeouts: {implicit: 0, pageLoad: 300000, script: 30000}, unhandledPromptBehavior: dismiss and notify, webauthn:extension:credBlob: true, webauthn:extension:largeBlob: true, webauthn:extension:minPinLength: true, webauthn:extension:prf: true, webauthn:virtualAuthenticators: true}&#10;Session ID: 40648f077f81af236f15398049b7fa9f" type="org.openqa.selenium.TimeoutException"><![CDATA[org.openqa.selenium.TimeoutException: 
Expected condition failed: waiting for visibility of [[ChromeDriver: chrome on mac (40648f077f81af236f15398049b7fa9f)] -> xpath: //div[@class = 'oxd-grid-item oxd-grid-item--gutters'][2]//child::div[text() = '-- Select --']] (tried for 10 second(s) with 500 milliseconds interval)
Build info: version: '4.14.1', revision: '03f8ede370'
System info: os.name: 'Mac OS X', os.arch: 'x86_64', os.version: '14.0', java.version: '19.0.2'
Driver info: org.openqa.selenium.chrome.ChromeDriver
Capabilities {acceptInsecureCerts: false, browserName: chrome, browserVersion: 118.0.5993.117, chrome: {chromedriverVersion: 118.0.5993.70 (e52f33f30b91..., userDataDir: /var/folders/_p/m636hhn95hb...}, fedcm:accounts: true, goog:chromeOptions: {debuggerAddress: localhost:54163}, networkConnectionEnabled: false, pageLoadStrategy: normal, platformName: mac, proxy: Proxy(), se:cdp: ws://localhost:54163/devtoo..., se:cdpVersion: 118.0.5993.117, setWindowRect: true, strictFileInteractability: false, timeouts: {implicit: 0, pageLoad: 300000, script: 30000}, unhandledPromptBehavior: dismiss and notify, webauthn:extension:credBlob: true, webauthn:extension:largeBlob: true, webauthn:extension:minPinLength: true, webauthn:extension:prf: true, webauthn:virtualAuthenticators: true}
Session ID: 40648f077f81af236f15398049b7fa9f
	at org.openqa.selenium.support.ui.WebDriverWait.timeoutException(WebDriverWait.java:84)
	at org.openqa.selenium.support.ui.FluentWait.until(FluentWait.java:230)
	at model.page.DirectoryPage.fillInJobTitle(DirectoryPage.java:39)
	at runner.DirectoryTest.testSearchJobTitleFilter(DirectoryTest.java:31)
	at java.base/jdk.internal.reflect.DirectMethodHandleAccessor.invoke(DirectMethodHandleAccessor.java:104)
	at java.base/java.lang.reflect.Method.invoke(Method.java:578)
	at org.testng.internal.invokers.MethodInvocationHelper.invokeMethod(MethodInvocationHelper.java:139)
	at org.testng.internal.invokers.TestInvoker.invokeMethod(TestInvoker.java:677)
	at org.testng.internal.invokers.TestInvoker.invokeTestMethod(TestInvoker.java:221)
	at org.testng.internal.invokers.MethodRunner.runInSequence(MethodRunner.java:50)
	at org.testng.internal.invokers.TestInvoker$MethodInvocationAgent.invoke(TestInvoker.java:969)
	at org.testng.internal.invokers.TestInvoker.invokeTestMethods(TestInvoker.java:194)
	at org.testng.internal.invokers.TestMethodWorker.invokeTestMethods(TestMethodWorker.java:148)
	at org.testng.internal.invokers.TestMethodWorker.run(TestMethodWorker.java:128)
	at java.base/java.util.concurrent.ThreadPoolExecutor.runWorker(ThreadPoolExecutor.java:1144)
	at java.base/java.util.concurrent.ThreadPoolExecutor$Worker.run(ThreadPoolExecutor.java:642)
	at java.base/java.lang.Thread.run(Thread.java:1589)
]]></failure>
    <system-out><![CDATA[Logged out
openSite runner.DirectoryTest@69ee81fc
]]></system-out>
  </testcase>
  <testcase name="testSearchJobTitleFilter[QA Lead](18)" classname="runner.DirectoryTest" time="12.741">
    <failure message="Expected condition failed: waiting for visibility of [[ChromeDriver: chrome on mac (40648f077f81af236f15398049b7fa9f)] -&gt; xpath: //div[@class = &apos;oxd-grid-item oxd-grid-item--gutters&apos;][2]//child::div[text() = &apos;-- Select --&apos;]] (tried for 10 second(s) with 500 milliseconds interval)&#10;Build info: version: &apos;4.14.1&apos;, revision: &apos;03f8ede370&apos;&#10;System info: os.name: &apos;Mac OS X&apos;, os.arch: &apos;x86_64&apos;, os.version: &apos;14.0&apos;, java.version: &apos;19.0.2&apos;&#10;Driver info: org.openqa.selenium.chrome.ChromeDriver&#10;Capabilities {acceptInsecureCerts: false, browserName: chrome, browserVersion: 118.0.5993.117, chrome: {chromedriverVersion: 118.0.5993.70 (e52f33f30b91..., userDataDir: /var/folders/_p/m636hhn95hb...}, fedcm:accounts: true, goog:chromeOptions: {debuggerAddress: localhost:54163}, networkConnectionEnabled: false, pageLoadStrategy: normal, platformName: mac, proxy: Proxy(), se:cdp: ws://localhost:54163/devtoo..., se:cdpVersion: 118.0.5993.117, setWindowRect: true, strictFileInteractability: false, timeouts: {implicit: 0, pageLoad: 300000, script: 30000}, unhandledPromptBehavior: dismiss and notify, webauthn:extension:credBlob: true, webauthn:extension:largeBlob: true, webauthn:extension:minPinLength: true, webauthn:extension:prf: true, webauthn:virtualAuthenticators: true}&#10;Session ID: 40648f077f81af236f15398049b7fa9f" type="org.openqa.selenium.TimeoutException"><![CDATA[org.openqa.selenium.TimeoutException: 
Expected condition failed: waiting for visibility of [[ChromeDriver: chrome on mac (40648f077f81af236f15398049b7fa9f)] -> xpath: //div[@class = 'oxd-grid-item oxd-grid-item--gutters'][2]//child::div[text() = '-- Select --']] (tried for 10 second(s) with 500 milliseconds interval)
Build info: version: '4.14.1', revision: '03f8ede370'
System info: os.name: 'Mac OS X', os.arch: 'x86_64', os.version: '14.0', java.version: '19.0.2'
Driver info: org.openqa.selenium.chrome.ChromeDriver
Capabilities {acceptInsecureCerts: false, browserName: chrome, browserVersion: 118.0.5993.117, chrome: {chromedriverVersion: 118.0.5993.70 (e52f33f30b91..., userDataDir: /var/folders/_p/m636hhn95hb...}, fedcm:accounts: true, goog:chromeOptions: {debuggerAddress: localhost:54163}, networkConnectionEnabled: false, pageLoadStrategy: normal, platformName: mac, proxy: Proxy(), se:cdp: ws://localhost:54163/devtoo..., se:cdpVersion: 118.0.5993.117, setWindowRect: true, strictFileInteractability: false, timeouts: {implicit: 0, pageLoad: 300000, script: 30000}, unhandledPromptBehavior: dismiss and notify, webauthn:extension:credBlob: true, webauthn:extension:largeBlob: true, webauthn:extension:minPinLength: true, webauthn:extension:prf: true, webauthn:virtualAuthenticators: true}
Session ID: 40648f077f81af236f15398049b7fa9f
	at org.openqa.selenium.support.ui.WebDriverWait.timeoutException(WebDriverWait.java:84)
	at org.openqa.selenium.support.ui.FluentWait.until(FluentWait.java:230)
	at model.page.DirectoryPage.fillInJobTitle(DirectoryPage.java:39)
	at runner.DirectoryTest.testSearchJobTitleFilter(DirectoryTest.java:31)
	at java.base/jdk.internal.reflect.DirectMethodHandleAccessor.invoke(DirectMethodHandleAccessor.java:104)
	at java.base/java.lang.reflect.Method.invoke(Method.java:578)
	at org.testng.internal.invokers.MethodInvocationHelper.invokeMethod(MethodInvocationHelper.java:139)
	at org.testng.internal.invokers.TestInvoker.invokeMethod(TestInvoker.java:677)
	at org.testng.internal.invokers.TestInvoker.invokeTestMethod(TestInvoker.java:221)
	at org.testng.internal.invokers.MethodRunner.runInSequence(MethodRunner.java:50)
	at org.testng.internal.invokers.TestInvoker$MethodInvocationAgent.invoke(TestInvoker.java:969)
	at org.testng.internal.invokers.TestInvoker.invokeTestMethods(TestInvoker.java:194)
	at org.testng.internal.invokers.TestMethodWorker.invokeTestMethods(TestMethodWorker.java:148)
	at org.testng.internal.invokers.TestMethodWorker.run(TestMethodWorker.java:128)
	at java.base/java.util.concurrent.ThreadPoolExecutor.runWorker(ThreadPoolExecutor.java:1144)
	at java.base/java.util.concurrent.ThreadPoolExecutor$Worker.run(ThreadPoolExecutor.java:642)
	at java.base/java.lang.Thread.run(Thread.java:1589)
]]></failure>
    <system-out><![CDATA[Logged out
openSite runner.DirectoryTest@69ee81fc
]]></system-out>
  </testcase>
  <testcase name="testSearchJobTitleFilter[Sales Representative](19)" classname="runner.DirectoryTest" time="12.912">
    <failure message="Expected condition failed: waiting for visibility of [[ChromeDriver: chrome on mac (40648f077f81af236f15398049b7fa9f)] -&gt; xpath: //div[@class = &apos;oxd-grid-item oxd-grid-item--gutters&apos;][2]//child::div[text() = &apos;-- Select --&apos;]] (tried for 10 second(s) with 500 milliseconds interval)&#10;Build info: version: &apos;4.14.1&apos;, revision: &apos;03f8ede370&apos;&#10;System info: os.name: &apos;Mac OS X&apos;, os.arch: &apos;x86_64&apos;, os.version: &apos;14.0&apos;, java.version: &apos;19.0.2&apos;&#10;Driver info: org.openqa.selenium.chrome.ChromeDriver&#10;Capabilities {acceptInsecureCerts: false, browserName: chrome, browserVersion: 118.0.5993.117, chrome: {chromedriverVersion: 118.0.5993.70 (e52f33f30b91..., userDataDir: /var/folders/_p/m636hhn95hb...}, fedcm:accounts: true, goog:chromeOptions: {debuggerAddress: localhost:54163}, networkConnectionEnabled: false, pageLoadStrategy: normal, platformName: mac, proxy: Proxy(), se:cdp: ws://localhost:54163/devtoo..., se:cdpVersion: 118.0.5993.117, setWindowRect: true, strictFileInteractability: false, timeouts: {implicit: 0, pageLoad: 300000, script: 30000}, unhandledPromptBehavior: dismiss and notify, webauthn:extension:credBlob: true, webauthn:extension:largeBlob: true, webauthn:extension:minPinLength: true, webauthn:extension:prf: true, webauthn:virtualAuthenticators: true}&#10;Session ID: 40648f077f81af236f15398049b7fa9f" type="org.openqa.selenium.TimeoutException"><![CDATA[org.openqa.selenium.TimeoutException: 
Expected condition failed: waiting for visibility of [[ChromeDriver: chrome on mac (40648f077f81af236f15398049b7fa9f)] -> xpath: //div[@class = 'oxd-grid-item oxd-grid-item--gutters'][2]//child::div[text() = '-- Select --']] (tried for 10 second(s) with 500 milliseconds interval)
Build info: version: '4.14.1', revision: '03f8ede370'
System info: os.name: 'Mac OS X', os.arch: 'x86_64', os.version: '14.0', java.version: '19.0.2'
Driver info: org.openqa.selenium.chrome.ChromeDriver
Capabilities {acceptInsecureCerts: false, browserName: chrome, browserVersion: 118.0.5993.117, chrome: {chromedriverVersion: 118.0.5993.70 (e52f33f30b91..., userDataDir: /var/folders/_p/m636hhn95hb...}, fedcm:accounts: true, goog:chromeOptions: {debuggerAddress: localhost:54163}, networkConnectionEnabled: false, pageLoadStrategy: normal, platformName: mac, proxy: Proxy(), se:cdp: ws://localhost:54163/devtoo..., se:cdpVersion: 118.0.5993.117, setWindowRect: true, strictFileInteractability: false, timeouts: {implicit: 0, pageLoad: 300000, script: 30000}, unhandledPromptBehavior: dismiss and notify, webauthn:extension:credBlob: true, webauthn:extension:largeBlob: true, webauthn:extension:minPinLength: true, webauthn:extension:prf: true, webauthn:virtualAuthenticators: true}
Session ID: 40648f077f81af236f15398049b7fa9f
	at org.openqa.selenium.support.ui.WebDriverWait.timeoutException(WebDriverWait.java:84)
	at org.openqa.selenium.support.ui.FluentWait.until(FluentWait.java:230)
	at model.page.DirectoryPage.fillInJobTitle(DirectoryPage.java:39)
	at runner.DirectoryTest.testSearchJobTitleFilter(DirectoryTest.java:31)
	at java.base/jdk.internal.reflect.DirectMethodHandleAccessor.invoke(DirectMethodHandleAccessor.java:104)
	at java.base/java.lang.reflect.Method.invoke(Method.java:578)
	at org.testng.internal.invokers.MethodInvocationHelper.invokeMethod(MethodInvocationHelper.java:139)
	at org.testng.internal.invokers.TestInvoker.invokeMethod(TestInvoker.java:677)
	at org.testng.internal.invokers.TestInvoker.invokeTestMethod(TestInvoker.java:221)
	at org.testng.internal.invokers.MethodRunner.runInSequence(MethodRunner.java:50)
	at org.testng.internal.invokers.TestInvoker$MethodInvocationAgent.invoke(TestInvoker.java:969)
	at org.testng.internal.invokers.TestInvoker.invokeTestMethods(TestInvoker.java:194)
	at org.testng.internal.invokers.TestMethodWorker.invokeTestMethods(TestMethodWorker.java:148)
	at org.testng.internal.invokers.TestMethodWorker.run(TestMethodWorker.java:128)
	at java.base/java.util.concurrent.ThreadPoolExecutor.runWorker(ThreadPoolExecutor.java:1144)
	at java.base/java.util.concurrent.ThreadPoolExecutor$Worker.run(ThreadPoolExecutor.java:642)
	at java.base/java.lang.Thread.run(Thread.java:1589)
]]></failure>
    <system-out><![CDATA[Logged out
openSite runner.DirectoryTest@69ee81fc
]]></system-out>
  </testcase>
  <testcase name="testSearchJobTitleFilter[Social Media Marketer](20)" classname="runner.DirectoryTest" time="20.828">
    <failure message="Expected condition failed: waiting for visibility of [[ChromeDriver: chrome on mac (40648f077f81af236f15398049b7fa9f)] -&gt; xpath: //div[@class = &apos;oxd-grid-item oxd-grid-item--gutters&apos;][2]//child::div[text() = &apos;-- Select --&apos;]] (tried for 10 second(s) with 500 milliseconds interval)&#10;Build info: version: &apos;4.14.1&apos;, revision: &apos;03f8ede370&apos;&#10;System info: os.name: &apos;Mac OS X&apos;, os.arch: &apos;x86_64&apos;, os.version: &apos;14.0&apos;, java.version: &apos;19.0.2&apos;&#10;Driver info: org.openqa.selenium.chrome.ChromeDriver&#10;Capabilities {acceptInsecureCerts: false, browserName: chrome, browserVersion: 118.0.5993.117, chrome: {chromedriverVersion: 118.0.5993.70 (e52f33f30b91..., userDataDir: /var/folders/_p/m636hhn95hb...}, fedcm:accounts: true, goog:chromeOptions: {debuggerAddress: localhost:54163}, networkConnectionEnabled: false, pageLoadStrategy: normal, platformName: mac, proxy: Proxy(), se:cdp: ws://localhost:54163/devtoo..., se:cdpVersion: 118.0.5993.117, setWindowRect: true, strictFileInteractability: false, timeouts: {implicit: 0, pageLoad: 300000, script: 30000}, unhandledPromptBehavior: dismiss and notify, webauthn:extension:credBlob: true, webauthn:extension:largeBlob: true, webauthn:extension:minPinLength: true, webauthn:extension:prf: true, webauthn:virtualAuthenticators: true}&#10;Session ID: 40648f077f81af236f15398049b7fa9f" type="org.openqa.selenium.TimeoutException"><![CDATA[org.openqa.selenium.TimeoutException: 
Expected condition failed: waiting for visibility of [[ChromeDriver: chrome on mac (40648f077f81af236f15398049b7fa9f)] -> xpath: //div[@class = 'oxd-grid-item oxd-grid-item--gutters'][2]//child::div[text() = '-- Select --']] (tried for 10 second(s) with 500 milliseconds interval)
Build info: version: '4.14.1', revision: '03f8ede370'
System info: os.name: 'Mac OS X', os.arch: 'x86_64', os.version: '14.0', java.version: '19.0.2'
Driver info: org.openqa.selenium.chrome.ChromeDriver
Capabilities {acceptInsecureCerts: false, browserName: chrome, browserVersion: 118.0.5993.117, chrome: {chromedriverVersion: 118.0.5993.70 (e52f33f30b91..., userDataDir: /var/folders/_p/m636hhn95hb...}, fedcm:accounts: true, goog:chromeOptions: {debuggerAddress: localhost:54163}, networkConnectionEnabled: false, pageLoadStrategy: normal, platformName: mac, proxy: Proxy(), se:cdp: ws://localhost:54163/devtoo..., se:cdpVersion: 118.0.5993.117, setWindowRect: true, strictFileInteractability: false, timeouts: {implicit: 0, pageLoad: 300000, script: 30000}, unhandledPromptBehavior: dismiss and notify, webauthn:extension:credBlob: true, webauthn:extension:largeBlob: true, webauthn:extension:minPinLength: true, webauthn:extension:prf: true, webauthn:virtualAuthenticators: true}
Session ID: 40648f077f81af236f15398049b7fa9f
	at org.openqa.selenium.support.ui.WebDriverWait.timeoutException(WebDriverWait.java:84)
	at org.openqa.selenium.support.ui.FluentWait.until(FluentWait.java:230)
	at model.page.DirectoryPage.fillInJobTitle(DirectoryPage.java:39)
	at runner.DirectoryTest.testSearchJobTitleFilter(DirectoryTest.java:31)
	at java.base/jdk.internal.reflect.DirectMethodHandleAccessor.invoke(DirectMethodHandleAccessor.java:104)
	at java.base/java.lang.reflect.Method.invoke(Method.java:578)
	at org.testng.internal.invokers.MethodInvocationHelper.invokeMethod(MethodInvocationHelper.java:139)
	at org.testng.internal.invokers.TestInvoker.invokeMethod(TestInvoker.java:677)
	at org.testng.internal.invokers.TestInvoker.invokeTestMethod(TestInvoker.java:221)
	at org.testng.internal.invokers.MethodRunner.runInSequence(MethodRunner.java:50)
	at org.testng.internal.invokers.TestInvoker$MethodInvocationAgent.invoke(TestInvoker.java:969)
	at org.testng.internal.invokers.TestInvoker.invokeTestMethods(TestInvoker.java:194)
	at org.testng.internal.invokers.TestMethodWorker.invokeTestMethods(TestMethodWorker.java:148)
	at org.testng.internal.invokers.TestMethodWorker.run(TestMethodWorker.java:128)
	at java.base/java.util.concurrent.ThreadPoolExecutor.runWorker(ThreadPoolExecutor.java:1144)
	at java.base/java.util.concurrent.ThreadPoolExecutor$Worker.run(ThreadPoolExecutor.java:642)
	at java.base/java.lang.Thread.run(Thread.java:1589)
]]></failure>
    <system-out><![CDATA[Logged out
openSite runner.DirectoryTest@69ee81fc
]]></system-out>
  </testcase>
  <testcase name="testSearchJobTitleFilter[Software Architect](21)" classname="runner.DirectoryTest" time="13.078">
    <failure message="Expected condition failed: waiting for visibility of [[ChromeDriver: chrome on mac (40648f077f81af236f15398049b7fa9f)] -&gt; xpath: //div[@class = &apos;oxd-grid-item oxd-grid-item--gutters&apos;][2]//child::div[text() = &apos;-- Select --&apos;]] (tried for 10 second(s) with 500 milliseconds interval)&#10;Build info: version: &apos;4.14.1&apos;, revision: &apos;03f8ede370&apos;&#10;System info: os.name: &apos;Mac OS X&apos;, os.arch: &apos;x86_64&apos;, os.version: &apos;14.0&apos;, java.version: &apos;19.0.2&apos;&#10;Driver info: org.openqa.selenium.chrome.ChromeDriver&#10;Capabilities {acceptInsecureCerts: false, browserName: chrome, browserVersion: 118.0.5993.117, chrome: {chromedriverVersion: 118.0.5993.70 (e52f33f30b91..., userDataDir: /var/folders/_p/m636hhn95hb...}, fedcm:accounts: true, goog:chromeOptions: {debuggerAddress: localhost:54163}, networkConnectionEnabled: false, pageLoadStrategy: normal, platformName: mac, proxy: Proxy(), se:cdp: ws://localhost:54163/devtoo..., se:cdpVersion: 118.0.5993.117, setWindowRect: true, strictFileInteractability: false, timeouts: {implicit: 0, pageLoad: 300000, script: 30000}, unhandledPromptBehavior: dismiss and notify, webauthn:extension:credBlob: true, webauthn:extension:largeBlob: true, webauthn:extension:minPinLength: true, webauthn:extension:prf: true, webauthn:virtualAuthenticators: true}&#10;Session ID: 40648f077f81af236f15398049b7fa9f" type="org.openqa.selenium.TimeoutException"><![CDATA[org.openqa.selenium.TimeoutException: 
Expected condition failed: waiting for visibility of [[ChromeDriver: chrome on mac (40648f077f81af236f15398049b7fa9f)] -> xpath: //div[@class = 'oxd-grid-item oxd-grid-item--gutters'][2]//child::div[text() = '-- Select --']] (tried for 10 second(s) with 500 milliseconds interval)
Build info: version: '4.14.1', revision: '03f8ede370'
System info: os.name: 'Mac OS X', os.arch: 'x86_64', os.version: '14.0', java.version: '19.0.2'
Driver info: org.openqa.selenium.chrome.ChromeDriver
Capabilities {acceptInsecureCerts: false, browserName: chrome, browserVersion: 118.0.5993.117, chrome: {chromedriverVersion: 118.0.5993.70 (e52f33f30b91..., userDataDir: /var/folders/_p/m636hhn95hb...}, fedcm:accounts: true, goog:chromeOptions: {debuggerAddress: localhost:54163}, networkConnectionEnabled: false, pageLoadStrategy: normal, platformName: mac, proxy: Proxy(), se:cdp: ws://localhost:54163/devtoo..., se:cdpVersion: 118.0.5993.117, setWindowRect: true, strictFileInteractability: false, timeouts: {implicit: 0, pageLoad: 300000, script: 30000}, unhandledPromptBehavior: dismiss and notify, webauthn:extension:credBlob: true, webauthn:extension:largeBlob: true, webauthn:extension:minPinLength: true, webauthn:extension:prf: true, webauthn:virtualAuthenticators: true}
Session ID: 40648f077f81af236f15398049b7fa9f
	at org.openqa.selenium.support.ui.WebDriverWait.timeoutException(WebDriverWait.java:84)
	at org.openqa.selenium.support.ui.FluentWait.until(FluentWait.java:230)
	at model.page.DirectoryPage.fillInJobTitle(DirectoryPage.java:39)
	at runner.DirectoryTest.testSearchJobTitleFilter(DirectoryTest.java:31)
	at java.base/jdk.internal.reflect.DirectMethodHandleAccessor.invoke(DirectMethodHandleAccessor.java:104)
	at java.base/java.lang.reflect.Method.invoke(Method.java:578)
	at org.testng.internal.invokers.MethodInvocationHelper.invokeMethod(MethodInvocationHelper.java:139)
	at org.testng.internal.invokers.TestInvoker.invokeMethod(TestInvoker.java:677)
	at org.testng.internal.invokers.TestInvoker.invokeTestMethod(TestInvoker.java:221)
	at org.testng.internal.invokers.MethodRunner.runInSequence(MethodRunner.java:50)
	at org.testng.internal.invokers.TestInvoker$MethodInvocationAgent.invoke(TestInvoker.java:969)
	at org.testng.internal.invokers.TestInvoker.invokeTestMethods(TestInvoker.java:194)
	at org.testng.internal.invokers.TestMethodWorker.invokeTestMethods(TestMethodWorker.java:148)
	at org.testng.internal.invokers.TestMethodWorker.run(TestMethodWorker.java:128)
	at java.base/java.util.concurrent.ThreadPoolExecutor.runWorker(ThreadPoolExecutor.java:1144)
	at java.base/java.util.concurrent.ThreadPoolExecutor$Worker.run(ThreadPoolExecutor.java:642)
	at java.base/java.lang.Thread.run(Thread.java:1589)
]]></failure>
    <system-out><![CDATA[Logged out
openSite runner.DirectoryTest@69ee81fc
]]></system-out>
  </testcase>
  <testcase name="testSearchJobTitleFilter[Software Engineer](22)" classname="runner.DirectoryTest" time="13.072">
    <failure message="Expected condition failed: waiting for visibility of [[ChromeDriver: chrome on mac (40648f077f81af236f15398049b7fa9f)] -&gt; xpath: //div[@class = &apos;oxd-grid-item oxd-grid-item--gutters&apos;][2]//child::div[text() = &apos;-- Select --&apos;]] (tried for 10 second(s) with 500 milliseconds interval)&#10;Build info: version: &apos;4.14.1&apos;, revision: &apos;03f8ede370&apos;&#10;System info: os.name: &apos;Mac OS X&apos;, os.arch: &apos;x86_64&apos;, os.version: &apos;14.0&apos;, java.version: &apos;19.0.2&apos;&#10;Driver info: org.openqa.selenium.chrome.ChromeDriver&#10;Capabilities {acceptInsecureCerts: false, browserName: chrome, browserVersion: 118.0.5993.117, chrome: {chromedriverVersion: 118.0.5993.70 (e52f33f30b91..., userDataDir: /var/folders/_p/m636hhn95hb...}, fedcm:accounts: true, goog:chromeOptions: {debuggerAddress: localhost:54163}, networkConnectionEnabled: false, pageLoadStrategy: normal, platformName: mac, proxy: Proxy(), se:cdp: ws://localhost:54163/devtoo..., se:cdpVersion: 118.0.5993.117, setWindowRect: true, strictFileInteractability: false, timeouts: {implicit: 0, pageLoad: 300000, script: 30000}, unhandledPromptBehavior: dismiss and notify, webauthn:extension:credBlob: true, webauthn:extension:largeBlob: true, webauthn:extension:minPinLength: true, webauthn:extension:prf: true, webauthn:virtualAuthenticators: true}&#10;Session ID: 40648f077f81af236f15398049b7fa9f" type="org.openqa.selenium.TimeoutException"><![CDATA[org.openqa.selenium.TimeoutException: 
Expected condition failed: waiting for visibility of [[ChromeDriver: chrome on mac (40648f077f81af236f15398049b7fa9f)] -> xpath: //div[@class = 'oxd-grid-item oxd-grid-item--gutters'][2]//child::div[text() = '-- Select --']] (tried for 10 second(s) with 500 milliseconds interval)
Build info: version: '4.14.1', revision: '03f8ede370'
System info: os.name: 'Mac OS X', os.arch: 'x86_64', os.version: '14.0', java.version: '19.0.2'
Driver info: org.openqa.selenium.chrome.ChromeDriver
Capabilities {acceptInsecureCerts: false, browserName: chrome, browserVersion: 118.0.5993.117, chrome: {chromedriverVersion: 118.0.5993.70 (e52f33f30b91..., userDataDir: /var/folders/_p/m636hhn95hb...}, fedcm:accounts: true, goog:chromeOptions: {debuggerAddress: localhost:54163}, networkConnectionEnabled: false, pageLoadStrategy: normal, platformName: mac, proxy: Proxy(), se:cdp: ws://localhost:54163/devtoo..., se:cdpVersion: 118.0.5993.117, setWindowRect: true, strictFileInteractability: false, timeouts: {implicit: 0, pageLoad: 300000, script: 30000}, unhandledPromptBehavior: dismiss and notify, webauthn:extension:credBlob: true, webauthn:extension:largeBlob: true, webauthn:extension:minPinLength: true, webauthn:extension:prf: true, webauthn:virtualAuthenticators: true}
Session ID: 40648f077f81af236f15398049b7fa9f
	at org.openqa.selenium.support.ui.WebDriverWait.timeoutException(WebDriverWait.java:84)
	at org.openqa.selenium.support.ui.FluentWait.until(FluentWait.java:230)
	at model.page.DirectoryPage.fillInJobTitle(DirectoryPage.java:39)
	at runner.DirectoryTest.testSearchJobTitleFilter(DirectoryTest.java:31)
	at java.base/jdk.internal.reflect.DirectMethodHandleAccessor.invoke(DirectMethodHandleAccessor.java:104)
	at java.base/java.lang.reflect.Method.invoke(Method.java:578)
	at org.testng.internal.invokers.MethodInvocationHelper.invokeMethod(MethodInvocationHelper.java:139)
	at org.testng.internal.invokers.TestInvoker.invokeMethod(TestInvoker.java:677)
	at org.testng.internal.invokers.TestInvoker.invokeTestMethod(TestInvoker.java:221)
	at org.testng.internal.invokers.MethodRunner.runInSequence(MethodRunner.java:50)
	at org.testng.internal.invokers.TestInvoker$MethodInvocationAgent.invoke(TestInvoker.java:969)
	at org.testng.internal.invokers.TestInvoker.invokeTestMethods(TestInvoker.java:194)
	at org.testng.internal.invokers.TestMethodWorker.invokeTestMethods(TestMethodWorker.java:148)
	at org.testng.internal.invokers.TestMethodWorker.run(TestMethodWorker.java:128)
	at java.base/java.util.concurrent.ThreadPoolExecutor.runWorker(ThreadPoolExecutor.java:1144)
	at java.base/java.util.concurrent.ThreadPoolExecutor$Worker.run(ThreadPoolExecutor.java:642)
	at java.base/java.lang.Thread.run(Thread.java:1589)
]]></failure>
    <system-out><![CDATA[Logged out
openSite runner.DirectoryTest@69ee81fc
]]></system-out>
  </testcase>
  <testcase name="testSearchJobTitleFilter[Support Specialist](23)" classname="runner.DirectoryTest" time="12.26">
    <failure message="Expected condition failed: waiting for visibility of [[ChromeDriver: chrome on mac (40648f077f81af236f15398049b7fa9f)] -&gt; xpath: //div[@class = &apos;oxd-grid-item oxd-grid-item--gutters&apos;][2]//child::div[text() = &apos;-- Select --&apos;]] (tried for 10 second(s) with 500 milliseconds interval)&#10;Build info: version: &apos;4.14.1&apos;, revision: &apos;03f8ede370&apos;&#10;System info: os.name: &apos;Mac OS X&apos;, os.arch: &apos;x86_64&apos;, os.version: &apos;14.0&apos;, java.version: &apos;19.0.2&apos;&#10;Driver info: org.openqa.selenium.chrome.ChromeDriver&#10;Capabilities {acceptInsecureCerts: false, browserName: chrome, browserVersion: 118.0.5993.117, chrome: {chromedriverVersion: 118.0.5993.70 (e52f33f30b91..., userDataDir: /var/folders/_p/m636hhn95hb...}, fedcm:accounts: true, goog:chromeOptions: {debuggerAddress: localhost:54163}, networkConnectionEnabled: false, pageLoadStrategy: normal, platformName: mac, proxy: Proxy(), se:cdp: ws://localhost:54163/devtoo..., se:cdpVersion: 118.0.5993.117, setWindowRect: true, strictFileInteractability: false, timeouts: {implicit: 0, pageLoad: 300000, script: 30000}, unhandledPromptBehavior: dismiss and notify, webauthn:extension:credBlob: true, webauthn:extension:largeBlob: true, webauthn:extension:minPinLength: true, webauthn:extension:prf: true, webauthn:virtualAuthenticators: true}&#10;Session ID: 40648f077f81af236f15398049b7fa9f" type="org.openqa.selenium.TimeoutException"><![CDATA[org.openqa.selenium.TimeoutException: 
Expected condition failed: waiting for visibility of [[ChromeDriver: chrome on mac (40648f077f81af236f15398049b7fa9f)] -> xpath: //div[@class = 'oxd-grid-item oxd-grid-item--gutters'][2]//child::div[text() = '-- Select --']] (tried for 10 second(s) with 500 milliseconds interval)
Build info: version: '4.14.1', revision: '03f8ede370'
System info: os.name: 'Mac OS X', os.arch: 'x86_64', os.version: '14.0', java.version: '19.0.2'
Driver info: org.openqa.selenium.chrome.ChromeDriver
Capabilities {acceptInsecureCerts: false, browserName: chrome, browserVersion: 118.0.5993.117, chrome: {chromedriverVersion: 118.0.5993.70 (e52f33f30b91..., userDataDir: /var/folders/_p/m636hhn95hb...}, fedcm:accounts: true, goog:chromeOptions: {debuggerAddress: localhost:54163}, networkConnectionEnabled: false, pageLoadStrategy: normal, platformName: mac, proxy: Proxy(), se:cdp: ws://localhost:54163/devtoo..., se:cdpVersion: 118.0.5993.117, setWindowRect: true, strictFileInteractability: false, timeouts: {implicit: 0, pageLoad: 300000, script: 30000}, unhandledPromptBehavior: dismiss and notify, webauthn:extension:credBlob: true, webauthn:extension:largeBlob: true, webauthn:extension:minPinLength: true, webauthn:extension:prf: true, webauthn:virtualAuthenticators: true}
Session ID: 40648f077f81af236f15398049b7fa9f
	at org.openqa.selenium.support.ui.WebDriverWait.timeoutException(WebDriverWait.java:84)
	at org.openqa.selenium.support.ui.FluentWait.until(FluentWait.java:230)
	at model.page.DirectoryPage.fillInJobTitle(DirectoryPage.java:39)
	at runner.DirectoryTest.testSearchJobTitleFilter(DirectoryTest.java:31)
	at java.base/jdk.internal.reflect.DirectMethodHandleAccessor.invoke(DirectMethodHandleAccessor.java:104)
	at java.base/java.lang.reflect.Method.invoke(Method.java:578)
	at org.testng.internal.invokers.MethodInvocationHelper.invokeMethod(MethodInvocationHelper.java:139)
	at org.testng.internal.invokers.TestInvoker.invokeMethod(TestInvoker.java:677)
	at org.testng.internal.invokers.TestInvoker.invokeTestMethod(TestInvoker.java:221)
	at org.testng.internal.invokers.MethodRunner.runInSequence(MethodRunner.java:50)
	at org.testng.internal.invokers.TestInvoker$MethodInvocationAgent.invoke(TestInvoker.java:969)
	at org.testng.internal.invokers.TestInvoker.invokeTestMethods(TestInvoker.java:194)
	at org.testng.internal.invokers.TestMethodWorker.invokeTestMethods(TestMethodWorker.java:148)
	at org.testng.internal.invokers.TestMethodWorker.run(TestMethodWorker.java:128)
	at java.base/java.util.concurrent.ThreadPoolExecutor.runWorker(ThreadPoolExecutor.java:1144)
	at java.base/java.util.concurrent.ThreadPoolExecutor$Worker.run(ThreadPoolExecutor.java:642)
	at java.base/java.lang.Thread.run(Thread.java:1589)
]]></failure>
    <system-out><![CDATA[Logged out
openSite runner.DirectoryTest@69ee81fc
]]></system-out>
  </testcase>
  <testcase name="testSearchJobTitleFilter[VP - Client Services](24)" classname="runner.DirectoryTest" time="12.46">
    <failure message="Expected condition failed: waiting for visibility of [[ChromeDriver: chrome on mac (40648f077f81af236f15398049b7fa9f)] -&gt; xpath: //div[@class = &apos;oxd-grid-item oxd-grid-item--gutters&apos;][2]//child::div[text() = &apos;-- Select --&apos;]] (tried for 10 second(s) with 500 milliseconds interval)&#10;Build info: version: &apos;4.14.1&apos;, revision: &apos;03f8ede370&apos;&#10;System info: os.name: &apos;Mac OS X&apos;, os.arch: &apos;x86_64&apos;, os.version: &apos;14.0&apos;, java.version: &apos;19.0.2&apos;&#10;Driver info: org.openqa.selenium.chrome.ChromeDriver&#10;Capabilities {acceptInsecureCerts: false, browserName: chrome, browserVersion: 118.0.5993.117, chrome: {chromedriverVersion: 118.0.5993.70 (e52f33f30b91..., userDataDir: /var/folders/_p/m636hhn95hb...}, fedcm:accounts: true, goog:chromeOptions: {debuggerAddress: localhost:54163}, networkConnectionEnabled: false, pageLoadStrategy: normal, platformName: mac, proxy: Proxy(), se:cdp: ws://localhost:54163/devtoo..., se:cdpVersion: 118.0.5993.117, setWindowRect: true, strictFileInteractability: false, timeouts: {implicit: 0, pageLoad: 300000, script: 30000}, unhandledPromptBehavior: dismiss and notify, webauthn:extension:credBlob: true, webauthn:extension:largeBlob: true, webauthn:extension:minPinLength: true, webauthn:extension:prf: true, webauthn:virtualAuthenticators: true}&#10;Session ID: 40648f077f81af236f15398049b7fa9f" type="org.openqa.selenium.TimeoutException"><![CDATA[org.openqa.selenium.TimeoutException: 
Expected condition failed: waiting for visibility of [[ChromeDriver: chrome on mac (40648f077f81af236f15398049b7fa9f)] -> xpath: //div[@class = 'oxd-grid-item oxd-grid-item--gutters'][2]//child::div[text() = '-- Select --']] (tried for 10 second(s) with 500 milliseconds interval)
Build info: version: '4.14.1', revision: '03f8ede370'
System info: os.name: 'Mac OS X', os.arch: 'x86_64', os.version: '14.0', java.version: '19.0.2'
Driver info: org.openqa.selenium.chrome.ChromeDriver
Capabilities {acceptInsecureCerts: false, browserName: chrome, browserVersion: 118.0.5993.117, chrome: {chromedriverVersion: 118.0.5993.70 (e52f33f30b91..., userDataDir: /var/folders/_p/m636hhn95hb...}, fedcm:accounts: true, goog:chromeOptions: {debuggerAddress: localhost:54163}, networkConnectionEnabled: false, pageLoadStrategy: normal, platformName: mac, proxy: Proxy(), se:cdp: ws://localhost:54163/devtoo..., se:cdpVersion: 118.0.5993.117, setWindowRect: true, strictFileInteractability: false, timeouts: {implicit: 0, pageLoad: 300000, script: 30000}, unhandledPromptBehavior: dismiss and notify, webauthn:extension:credBlob: true, webauthn:extension:largeBlob: true, webauthn:extension:minPinLength: true, webauthn:extension:prf: true, webauthn:virtualAuthenticators: true}
Session ID: 40648f077f81af236f15398049b7fa9f
	at org.openqa.selenium.support.ui.WebDriverWait.timeoutException(WebDriverWait.java:84)
	at org.openqa.selenium.support.ui.FluentWait.until(FluentWait.java:230)
	at model.page.DirectoryPage.fillInJobTitle(DirectoryPage.java:39)
	at runner.DirectoryTest.testSearchJobTitleFilter(DirectoryTest.java:31)
	at java.base/jdk.internal.reflect.DirectMethodHandleAccessor.invoke(DirectMethodHandleAccessor.java:104)
	at java.base/java.lang.reflect.Method.invoke(Method.java:578)
	at org.testng.internal.invokers.MethodInvocationHelper.invokeMethod(MethodInvocationHelper.java:139)
	at org.testng.internal.invokers.TestInvoker.invokeMethod(TestInvoker.java:677)
	at org.testng.internal.invokers.TestInvoker.invokeTestMethod(TestInvoker.java:221)
	at org.testng.internal.invokers.MethodRunner.runInSequence(MethodRunner.java:50)
	at org.testng.internal.invokers.TestInvoker$MethodInvocationAgent.invoke(TestInvoker.java:969)
	at org.testng.internal.invokers.TestInvoker.invokeTestMethods(TestInvoker.java:194)
	at org.testng.internal.invokers.TestMethodWorker.invokeTestMethods(TestMethodWorker.java:148)
	at org.testng.internal.invokers.TestMethodWorker.run(TestMethodWorker.java:128)
	at java.base/java.util.concurrent.ThreadPoolExecutor.runWorker(ThreadPoolExecutor.java:1144)
	at java.base/java.util.concurrent.ThreadPoolExecutor$Worker.run(ThreadPoolExecutor.java:642)
	at java.base/java.lang.Thread.run(Thread.java:1589)
]]></failure>
    <system-out><![CDATA[Logged out
openSite runner.DirectoryTest@69ee81fc
]]></system-out>
  </testcase>
  <testcase name="testSearchJobTitleFilter[VP - Sales &amp; Marketing](25)" classname="runner.DirectoryTest" time="14.551">
    <failure message="Expected condition failed: waiting for visibility of [[ChromeDriver: chrome on mac (40648f077f81af236f15398049b7fa9f)] -&gt; xpath: //div[@class = &apos;oxd-grid-item oxd-grid-item--gutters&apos;][2]//child::div[text() = &apos;-- Select --&apos;]] (tried for 10 second(s) with 500 milliseconds interval)&#10;Build info: version: &apos;4.14.1&apos;, revision: &apos;03f8ede370&apos;&#10;System info: os.name: &apos;Mac OS X&apos;, os.arch: &apos;x86_64&apos;, os.version: &apos;14.0&apos;, java.version: &apos;19.0.2&apos;&#10;Driver info: org.openqa.selenium.chrome.ChromeDriver&#10;Capabilities {acceptInsecureCerts: false, browserName: chrome, browserVersion: 118.0.5993.117, chrome: {chromedriverVersion: 118.0.5993.70 (e52f33f30b91..., userDataDir: /var/folders/_p/m636hhn95hb...}, fedcm:accounts: true, goog:chromeOptions: {debuggerAddress: localhost:54163}, networkConnectionEnabled: false, pageLoadStrategy: normal, platformName: mac, proxy: Proxy(), se:cdp: ws://localhost:54163/devtoo..., se:cdpVersion: 118.0.5993.117, setWindowRect: true, strictFileInteractability: false, timeouts: {implicit: 0, pageLoad: 300000, script: 30000}, unhandledPromptBehavior: dismiss and notify, webauthn:extension:credBlob: true, webauthn:extension:largeBlob: true, webauthn:extension:minPinLength: true, webauthn:extension:prf: true, webauthn:virtualAuthenticators: true}&#10;Session ID: 40648f077f81af236f15398049b7fa9f" type="org.openqa.selenium.TimeoutException"><![CDATA[org.openqa.selenium.TimeoutException: 
Expected condition failed: waiting for visibility of [[ChromeDriver: chrome on mac (40648f077f81af236f15398049b7fa9f)] -> xpath: //div[@class = 'oxd-grid-item oxd-grid-item--gutters'][2]//child::div[text() = '-- Select --']] (tried for 10 second(s) with 500 milliseconds interval)
Build info: version: '4.14.1', revision: '03f8ede370'
System info: os.name: 'Mac OS X', os.arch: 'x86_64', os.version: '14.0', java.version: '19.0.2'
Driver info: org.openqa.selenium.chrome.ChromeDriver
Capabilities {acceptInsecureCerts: false, browserName: chrome, browserVersion: 118.0.5993.117, chrome: {chromedriverVersion: 118.0.5993.70 (e52f33f30b91..., userDataDir: /var/folders/_p/m636hhn95hb...}, fedcm:accounts: true, goog:chromeOptions: {debuggerAddress: localhost:54163}, networkConnectionEnabled: false, pageLoadStrategy: normal, platformName: mac, proxy: Proxy(), se:cdp: ws://localhost:54163/devtoo..., se:cdpVersion: 118.0.5993.117, setWindowRect: true, strictFileInteractability: false, timeouts: {implicit: 0, pageLoad: 300000, script: 30000}, unhandledPromptBehavior: dismiss and notify, webauthn:extension:credBlob: true, webauthn:extension:largeBlob: true, webauthn:extension:minPinLength: true, webauthn:extension:prf: true, webauthn:virtualAuthenticators: true}
Session ID: 40648f077f81af236f15398049b7fa9f
	at org.openqa.selenium.support.ui.WebDriverWait.timeoutException(WebDriverWait.java:84)
	at org.openqa.selenium.support.ui.FluentWait.until(FluentWait.java:230)
	at model.page.DirectoryPage.fillInJobTitle(DirectoryPage.java:39)
	at runner.DirectoryTest.testSearchJobTitleFilter(DirectoryTest.java:31)
	at java.base/jdk.internal.reflect.DirectMethodHandleAccessor.invoke(DirectMethodHandleAccessor.java:104)
	at java.base/java.lang.reflect.Method.invoke(Method.java:578)
	at org.testng.internal.invokers.MethodInvocationHelper.invokeMethod(MethodInvocationHelper.java:139)
	at org.testng.internal.invokers.TestInvoker.invokeMethod(TestInvoker.java:677)
	at org.testng.internal.invokers.TestInvoker.invokeTestMethod(TestInvoker.java:221)
	at org.testng.internal.invokers.MethodRunner.runInSequence(MethodRunner.java:50)
	at org.testng.internal.invokers.TestInvoker$MethodInvocationAgent.invoke(TestInvoker.java:969)
	at org.testng.internal.invokers.TestInvoker.invokeTestMethods(TestInvoker.java:194)
	at org.testng.internal.invokers.TestMethodWorker.invokeTestMethods(TestMethodWorker.java:148)
	at org.testng.internal.invokers.TestMethodWorker.run(TestMethodWorker.java:128)
	at java.base/java.util.concurrent.ThreadPoolExecutor.runWorker(ThreadPoolExecutor.java:1144)
	at java.base/java.util.concurrent.ThreadPoolExecutor$Worker.run(ThreadPoolExecutor.java:642)
	at java.base/java.lang.Thread.run(Thread.java:1589)
]]></failure>
    <system-out><![CDATA[Logged out
openSite runner.DirectoryTest@69ee81fc
]]></system-out>
  </testcase>
</testsuite>