<?xml version="1.0" encoding="UTF-8"?>
<testsuite xmlns:xsi="http://www.w3.org/2001/XMLSchema-instance" xsi:noNamespaceSchemaLocation="https://maven.apache.org/surefire/maven-surefire-plugin/xsd/surefire-test-report-3.0.xsd" version="3.0" name="TestSuite" time="497.18" tests="36" errors="0" skipped="0" failures="2">
  <properties>
    <property name="java.specification.version" value="19"/>
    <property name="sun.jnu.encoding" value="UTF-8"/>
    <property name="java.class.path" value="/Users/ruslanfursa/IdeaProjects/Orange/target/test-classes:/Users/ruslanfursa/IdeaProjects/Orange/target/classes:/Users/ruslanfursa/.m2/repository/com/github/javafaker/javafaker/1.0.2/javafaker-1.0.2.jar:/Users/ruslanfursa/.m2/repository/org/apache/commons/commons-lang3/3.5/commons-lang3-3.5.jar:/Users/ruslanfursa/.m2/repository/org/yaml/snakeyaml/1.23/snakeyaml-1.23-android.jar:/Users/ruslanfursa/.m2/repository/com/github/mifmif/generex/1.0.2/generex-1.0.2.jar:/Users/ruslanfursa/.m2/repository/dk/brics/automaton/automaton/1.11-8/automaton-1.11-8.jar:/Users/ruslanfursa/.m2/repository/org/testng/testng/7.7.1/testng-7.7.1.jar:/Users/ruslanfursa/.m2/repository/com/beust/jcommander/1.82/jcommander-1.82.jar:/Users/ruslanfursa/.m2/repository/org/webjars/jquery/3.6.1/jquery-3.6.1.jar:/Users/ruslanfursa/.m2/repository/org/seleniumhq/selenium/selenium-java/4.14.1/selenium-java-4.14.1.jar:/Users/ruslanfursa/.m2/repository/org/seleniumhq/selenium/selenium-api/4.14.1/selenium-api-4.14.1.jar:/Users/ruslanfursa/.m2/repository/org/seleniumhq/selenium/selenium-chrome-driver/4.14.1/selenium-chrome-driver-4.14.1.jar:/Users/ruslanfursa/.m2/repository/com/google/auto/service/auto-service-annotations/1.1.1/auto-service-annotations-1.1.1.jar:/Users/ruslanfursa/.m2/repository/com/google/guava/guava/32.1.2-jre/guava-32.1.2-jre.jar:/Users/ruslanfursa/.m2/repository/com/google/guava/failureaccess/1.0.1/failureaccess-1.0.1.jar:/Users/ruslanfursa/.m2/repository/com/google/guava/listenablefuture/9999.0-empty-to-avoid-conflict-with-guava/listenablefuture-9999.0-empty-to-avoid-conflict-with-guava.jar:/Users/ruslanfursa/.m2/repository/com/google/code/findbugs/jsr305/3.0.2/jsr305-3.0.2.jar:/Users/ruslanfursa/.m2/repository/org/checkerframework/checker-qual/3.33.0/checker-qual-3.33.0.jar:/Users/ruslanfursa/.m2/repository/com/google/errorprone/error_prone_annotations/2.18.0/error_prone_annotations-2.18.0.jar:/Users/ruslanfursa/.m2/repository/com/google/j2objc/j2objc-annotations/2.8/j2objc-annotations-2.8.jar:/Users/ruslanfursa/.m2/repository/org/seleniumhq/selenium/selenium-chromium-driver/4.14.1/selenium-chromium-driver-4.14.1.jar:/Users/ruslanfursa/.m2/repository/org/seleniumhq/selenium/selenium-json/4.14.1/selenium-json-4.14.1.jar:/Users/ruslanfursa/.m2/repository/org/seleniumhq/selenium/selenium-manager/4.14.1/selenium-manager-4.14.1.jar:/Users/ruslanfursa/.m2/repository/org/seleniumhq/selenium/selenium-devtools-v116/4.14.1/selenium-devtools-v116-4.14.1.jar:/Users/ruslanfursa/.m2/repository/org/seleniumhq/selenium/selenium-devtools-v117/4.14.1/selenium-devtools-v117-4.14.1.jar:/Users/ruslanfursa/.m2/repository/org/seleniumhq/selenium/selenium-devtools-v118/4.14.1/selenium-devtools-v118-4.14.1.jar:/Users/ruslanfursa/.m2/repository/org/seleniumhq/selenium/selenium-devtools-v85/4.14.1/selenium-devtools-v85-4.14.1.jar:/Users/ruslanfursa/.m2/repository/org/seleniumhq/selenium/selenium-edge-driver/4.14.1/selenium-edge-driver-4.14.1.jar:/Users/ruslanfursa/.m2/repository/org/seleniumhq/selenium/selenium-firefox-driver/4.14.1/selenium-firefox-driver-4.14.1.jar:/Users/ruslanfursa/.m2/repository/org/seleniumhq/selenium/selenium-http/4.14.1/selenium-http-4.14.1.jar:/Users/ruslanfursa/.m2/repository/dev/failsafe/failsafe/3.3.2/failsafe-3.3.2.jar:/Users/ruslanfursa/.m2/repository/org/seleniumhq/selenium/selenium-ie-driver/4.14.1/selenium-ie-driver-4.14.1.jar:/Users/ruslanfursa/.m2/repository/org/seleniumhq/selenium/selenium-remote-driver/4.14.1/selenium-remote-driver-4.14.1.jar:/Users/ruslanfursa/.m2/repository/io/opentelemetry/opentelemetry-api/1.28.0/opentelemetry-api-1.28.0.jar:/Users/ruslanfursa/.m2/repository/io/opentelemetry/opentelemetry-context/1.28.0/opentelemetry-context-1.28.0.jar:/Users/ruslanfursa/.m2/repository/io/opentelemetry/opentelemetry-exporter-logging/1.28.0/opentelemetry-exporter-logging-1.28.0.jar:/Users/ruslanfursa/.m2/repository/io/opentelemetry/opentelemetry-sdk-metrics/1.28.0/opentelemetry-sdk-metrics-1.28.0.jar:/Users/ruslanfursa/.m2/repository/io/opentelemetry/opentelemetry-extension-incubator/1.28.0-alpha/opentelemetry-extension-incubator-1.28.0-alpha.jar:/Users/ruslanfursa/.m2/repository/io/opentelemetry/opentelemetry-sdk-logs/1.28.0/opentelemetry-sdk-logs-1.28.0.jar:/Users/ruslanfursa/.m2/repository/io/opentelemetry/opentelemetry-sdk-common/1.28.0/opentelemetry-sdk-common-1.28.0.jar:/Users/ruslanfursa/.m2/repository/io/opentelemetry/opentelemetry-sdk-extension-autoconfigure-spi/1.28.0/opentelemetry-sdk-extension-autoconfigure-spi-1.28.0.jar:/Users/ruslanfursa/.m2/repository/io/opentelemetry/opentelemetry-sdk-extension-autoconfigure/1.28.0/opentelemetry-sdk-extension-autoconfigure-1.28.0.jar:/Users/ruslanfursa/.m2/repository/io/opentelemetry/opentelemetry-api-events/1.28.0-alpha/opentelemetry-api-events-1.28.0-alpha.jar:/Users/ruslanfursa/.m2/repository/io/opentelemetry/opentelemetry-sdk-trace/1.28.0/opentelemetry-sdk-trace-1.28.0.jar:/Users/ruslanfursa/.m2/repository/io/opentelemetry/opentelemetry-sdk/1.28.0/opentelemetry-sdk-1.28.0.jar:/Users/ruslanfursa/.m2/repository/io/opentelemetry/opentelemetry-semconv/1.28.0-alpha/opentelemetry-semconv-1.28.0-alpha.jar:/Users/ruslanfursa/.m2/repository/net/bytebuddy/byte-buddy/1.14.5/byte-buddy-1.14.5.jar:/Users/ruslanfursa/.m2/repository/org/seleniumhq/selenium/selenium-os/4.14.1/selenium-os-4.14.1.jar:/Users/ruslanfursa/.m2/repository/org/seleniumhq/selenium/selenium-safari-driver/4.14.1/selenium-safari-driver-4.14.1.jar:/Users/ruslanfursa/.m2/repository/org/seleniumhq/selenium/selenium-support/4.14.1/selenium-support-4.14.1.jar:/Users/ruslanfursa/.m2/repository/io/github/bonigarcia/webdrivermanager/5.5.3/webdrivermanager-5.5.3.jar:/Users/ruslanfursa/.m2/repository/com/google/code/gson/gson/2.10.1/gson-2.10.1.jar:/Users/ruslanfursa/.m2/repository/com/github/docker-java/docker-java/3.3.3/docker-java-3.3.3.jar:/Users/ruslanfursa/.m2/repository/com/github/docker-java/docker-java-core/3.3.3/docker-java-core-3.3.3.jar:/Users/ruslanfursa/.m2/repository/com/github/docker-java/docker-java-api/3.3.3/docker-java-api-3.3.3.jar:/Users/ruslanfursa/.m2/repository/org/apache/commons/commons-compress/1.21/commons-compress-1.21.jar:/Users/ruslanfursa/.m2/repository/org/bouncycastle/bcpkix-jdk18on/1.75/bcpkix-jdk18on-1.75.jar:/Users/ruslanfursa/.m2/repository/org/bouncycastle/bcprov-jdk18on/1.75/bcprov-jdk18on-1.75.jar:/Users/ruslanfursa/.m2/repository/org/bouncycastle/bcutil-jdk18on/1.75/bcutil-jdk18on-1.75.jar:/Users/ruslanfursa/.m2/repository/org/slf4j/jcl-over-slf4j/1.7.30/jcl-over-slf4j-1.7.30.jar:/Users/ruslanfursa/.m2/repository/com/github/docker-java/docker-java-transport-httpclient5/3.3.3/docker-java-transport-httpclient5-3.3.3.jar:/Users/ruslanfursa/.m2/repository/com/github/docker-java/docker-java-transport/3.3.3/docker-java-transport-3.3.3.jar:/Users/ruslanfursa/.m2/repository/net/java/dev/jna/jna/5.12.1/jna-5.12.1.jar:/Users/ruslanfursa/.m2/repository/org/brotli/dec/0.1.2/dec-0.1.2.jar:/Users/ruslanfursa/.m2/repository/org/apache/httpcomponents/client5/httpclient5/5.2.1/httpclient5-5.2.1.jar:/Users/ruslanfursa/.m2/repository/org/apache/httpcomponents/core5/httpcore5/5.2/httpcore5-5.2.jar:/Users/ruslanfursa/.m2/repository/org/apache/httpcomponents/core5/httpcore5-h2/5.2/httpcore5-h2-5.2.jar:/Users/ruslanfursa/.m2/repository/io/qameta/allure/allure-testng/2.23.0/allure-testng-2.23.0.jar:/Users/ruslanfursa/.m2/repository/io/qameta/allure/allure-java-commons/2.23.0/allure-java-commons-2.23.0.jar:/Users/ruslanfursa/.m2/repository/io/qameta/allure/allure-model/2.23.0/allure-model-2.23.0.jar:/Users/ruslanfursa/.m2/repository/io/qameta/allure/allure-test-filter/2.23.0/allure-test-filter-2.23.0.jar:/Users/ruslanfursa/.m2/repository/io/qameta/allure/allure-maven/2.12.0/allure-maven-2.12.0.jar:/Users/ruslanfursa/.m2/repository/org/apache/httpcomponents/httpclient/4.5.13/httpclient-4.5.13.jar:/Users/ruslanfursa/.m2/repository/org/apache/httpcomponents/httpcore/4.4.13/httpcore-4.4.13.jar:/Users/ruslanfursa/.m2/repository/commons-logging/commons-logging/1.2/commons-logging-1.2.jar:/Users/ruslanfursa/.m2/repository/commons-codec/commons-codec/1.11/commons-codec-1.11.jar:/Users/ruslanfursa/.m2/repository/com/fasterxml/jackson/core/jackson-databind/2.14.0/jackson-databind-2.14.0.jar:/Users/ruslanfursa/.m2/repository/com/fasterxml/jackson/core/jackson-annotations/2.14.0/jackson-annotations-2.14.0.jar:/Users/ruslanfursa/.m2/repository/com/fasterxml/jackson/core/jackson-core/2.14.0/jackson-core-2.14.0.jar:/Users/ruslanfursa/.m2/repository/org/apache/maven/maven-plugin-api/3.8.6/maven-plugin-api-3.8.6.jar:/Users/ruslanfursa/.m2/repository/org/codehaus/plexus/plexus-utils/3.3.1/plexus-utils-3.3.1.jar:/Users/ruslanfursa/.m2/repository/org/codehaus/plexus/plexus-classworlds/2.6.0/plexus-classworlds-2.6.0.jar:/Users/ruslanfursa/.m2/repository/org/apache/maven/maven-core/3.8.6/maven-core-3.8.6.jar:/Users/ruslanfursa/.m2/repository/org/apache/maven/maven-model/3.8.6/maven-model-3.8.6.jar:/Users/ruslanfursa/.m2/repository/org/apache/maven/maven-settings/3.8.6/maven-settings-3.8.6.jar:/Users/ruslanfursa/.m2/repository/org/apache/maven/maven-settings-builder/3.8.6/maven-settings-builder-3.8.6.jar:/Users/ruslanfursa/.m2/repository/org/codehaus/plexus/plexus-sec-dispatcher/2.0/plexus-sec-dispatcher-2.0.jar:/Users/ruslanfursa/.m2/repository/org/codehaus/plexus/plexus-cipher/2.0/plexus-cipher-2.0.jar:/Users/ruslanfursa/.m2/repository/org/apache/maven/maven-builder-support/3.8.6/maven-builder-support-3.8.6.jar:/Users/ruslanfursa/.m2/repository/org/apache/maven/maven-repository-metadata/3.8.6/maven-repository-metadata-3.8.6.jar:/Users/ruslanfursa/.m2/repository/org/apache/maven/maven-artifact/3.8.6/maven-artifact-3.8.6.jar:/Users/ruslanfursa/.m2/repository/org/apache/maven/maven-model-builder/3.8.6/maven-model-builder-3.8.6.jar:/Users/ruslanfursa/.m2/repository/org/apache/maven/maven-resolver-provider/3.8.6/maven-resolver-provider-3.8.6.jar:/Users/ruslanfursa/.m2/repository/org/apache/maven/resolver/maven-resolver-impl/1.6.3/maven-resolver-impl-1.6.3.jar:/Users/ruslanfursa/.m2/repository/org/apache/maven/resolver/maven-resolver-api/1.6.3/maven-resolver-api-1.6.3.jar:/Users/ruslanfursa/.m2/repository/org/apache/maven/resolver/maven-resolver-spi/1.6.3/maven-resolver-spi-1.6.3.jar:/Users/ruslanfursa/.m2/repository/org/apache/maven/resolver/maven-resolver-util/1.6.3/maven-resolver-util-1.6.3.jar:/Users/ruslanfursa/.m2/repository/org/apache/maven/shared/maven-shared-utils/3.3.4/maven-shared-utils-3.3.4.jar:/Users/ruslanfursa/.m2/repository/org/eclipse/sisu/org.eclipse.sisu.plexus/0.3.5/org.eclipse.sisu.plexus-0.3.5.jar:/Users/ruslanfursa/.m2/repository/javax/annotation/javax.annotation-api/1.2/javax.annotation-api-1.2.jar:/Users/ruslanfursa/.m2/repository/org/eclipse/sisu/org.eclipse.sisu.inject/0.3.5/org.eclipse.sisu.inject-0.3.5.jar:/Users/ruslanfursa/.m2/repository/com/google/inject/guice/4.2.2/guice-4.2.2-no_aop.jar:/Users/ruslanfursa/.m2/repository/aopalliance/aopalliance/1.0/aopalliance-1.0.jar:/Users/ruslanfursa/.m2/repository/javax/inject/javax.inject/1/javax.inject-1.jar:/Users/ruslanfursa/.m2/repository/org/codehaus/plexus/plexus-interpolation/1.26/plexus-interpolation-1.26.jar:/Users/ruslanfursa/.m2/repository/org/codehaus/plexus/plexus-component-annotations/2.1.0/plexus-component-annotations-2.1.0.jar:/Users/ruslanfursa/.m2/repository/org/apache/maven/reporting/maven-reporting-impl/3.0.0/maven-reporting-impl-3.0.0.jar:/Users/ruslanfursa/.m2/repository/org/apache/maven/reporting/maven-reporting-api/3.0/maven-reporting-api-3.0.jar:/Users/ruslanfursa/.m2/repository/org/apache/maven/doxia/doxia-sink-api/1.7/doxia-sink-api-1.7.jar:/Users/ruslanfursa/.m2/repository/org/apache/maven/doxia/doxia-logging-api/1.7/doxia-logging-api-1.7.jar:/Users/ruslanfursa/.m2/repository/org/apache/maven/doxia/doxia-decoration-model/1.7.4/doxia-decoration-model-1.7.4.jar:/Users/ruslanfursa/.m2/repository/org/apache/maven/doxia/doxia-core/1.7/doxia-core-1.7.jar:/Users/ruslanfursa/.m2/repository/org/codehaus/plexus/plexus-container-default/1.0-alpha-30/plexus-container-default-1.0-alpha-30.jar:/Users/ruslanfursa/.m2/repository/junit/junit/3.8.1/junit-3.8.1.jar:/Users/ruslanfursa/.m2/repository/commons-lang/commons-lang/2.4/commons-lang-2.4.jar:/Users/ruslanfursa/.m2/repository/xmlunit/xmlunit/1.5/xmlunit-1.5.jar:/Users/ruslanfursa/.m2/repository/org/apache/maven/doxia/doxia-site-renderer/1.7.4/doxia-site-renderer-1.7.4.jar:/Users/ruslanfursa/.m2/repository/org/apache/maven/doxia/doxia-skin-model/1.7.4/doxia-skin-model-1.7.4.jar:/Users/ruslanfursa/.m2/repository/org/apache/maven/doxia/doxia-module-xhtml/1.7/doxia-module-xhtml-1.7.jar:/Users/ruslanfursa/.m2/repository/org/codehaus/plexus/plexus-i18n/1.0-beta-7/plexus-i18n-1.0-beta-7.jar:/Users/ruslanfursa/.m2/repository/org/codehaus/plexus/plexus-velocity/1.2/plexus-velocity-1.2.jar:/Users/ruslanfursa/.m2/repository/org/apache/velocity/velocity/1.7/velocity-1.7.jar:/Users/ruslanfursa/.m2/repository/org/apache/velocity/velocity-tools/2.0/velocity-tools-2.0.jar:/Users/ruslanfursa/.m2/repository/commons-digester/commons-digester/1.8/commons-digester-1.8.jar:/Users/ruslanfursa/.m2/repository/commons-chain/commons-chain/1.1/commons-chain-1.1.jar:/Users/ruslanfursa/.m2/repository/commons-validator/commons-validator/1.3.1/commons-validator-1.3.1.jar:/Users/ruslanfursa/.m2/repository/dom4j/dom4j/1.1/dom4j-1.1.jar:/Users/ruslanfursa/.m2/repository/oro/oro/2.0.8/oro-2.0.8.jar:/Users/ruslanfursa/.m2/repository/sslext/sslext/1.2-0/sslext-1.2-0.jar:/Users/ruslanfursa/.m2/repository/org/apache/struts/struts-core/1.3.8/struts-core-1.3.8.jar:/Users/ruslanfursa/.m2/repository/antlr/antlr/2.7.2/antlr-2.7.2.jar:/Users/ruslanfursa/.m2/repository/org/apache/struts/struts-taglib/1.3.8/struts-taglib-1.3.8.jar:/Users/ruslanfursa/.m2/repository/org/apache/struts/struts-tiles/1.3.8/struts-tiles-1.3.8.jar:/Users/ruslanfursa/.m2/repository/org/apache/maven/shared/maven-artifact-transfer/0.13.1/maven-artifact-transfer-0.13.1.jar:/Users/ruslanfursa/.m2/repository/org/apache/maven/shared/maven-common-artifact-filters/3.1.0/maven-common-artifact-filters-3.1.0.jar:/Users/ruslanfursa/.m2/repository/org/sonatype/sisu/sisu-inject-plexus/1.4.2/sisu-inject-plexus-1.4.2.jar:/Users/ruslanfursa/.m2/repository/org/sonatype/sisu/sisu-inject-bean/1.4.2/sisu-inject-bean-1.4.2.jar:/Users/ruslanfursa/.m2/repository/org/sonatype/sisu/sisu-guice/2.1.7/sisu-guice-2.1.7-noaop.jar:/Users/ruslanfursa/.m2/repository/commons-beanutils/commons-beanutils/1.9.4/commons-beanutils-1.9.4.jar:/Users/ruslanfursa/.m2/repository/commons-collections/commons-collections/3.2.2/commons-collections-3.2.2.jar:/Users/ruslanfursa/.m2/repository/net/lingala/zip4j/zip4j/1.3.3/zip4j-1.3.3.jar:/Users/ruslanfursa/.m2/repository/org/apache/commons/commons-exec/1.3/commons-exec-1.3.jar:/Users/ruslanfursa/.m2/repository/org/apache/maven/plugin-tools/maven-plugin-annotations/3.7.0/maven-plugin-annotations-3.7.0.jar:/Users/ruslanfursa/.m2/repository/org/apache/maven/plugins/maven-jxr-plugin/3.3.0/maven-jxr-plugin-3.3.0.jar:/Users/ruslanfursa/.m2/repository/org/apache/maven/maven-jxr/3.3.0/maven-jxr-3.3.0.jar:/Users/ruslanfursa/.m2/repository/org/apache/maven/wagon/wagon-provider-api/2.8/wagon-provider-api-2.8.jar:/Users/ruslanfursa/.m2/repository/org/codehaus/plexus/plexus-java/1.1.1/plexus-java-1.1.1.jar:/Users/ruslanfursa/.m2/repository/org/ow2/asm/asm/9.2/asm-9.2.jar:/Users/ruslanfursa/.m2/repository/com/thoughtworks/qdox/qdox/2.0.1/qdox-2.0.1.jar:/Users/ruslanfursa/.m2/repository/org/slf4j/slf4j-api/2.0.9/slf4j-api-2.0.9.jar:/Users/ruslanfursa/.m2/repository/org/slf4j/slf4j-reload4j/2.0.9/slf4j-reload4j-2.0.9.jar:/Users/ruslanfursa/.m2/repository/ch/qos/reload4j/reload4j/1.2.22/reload4j-1.2.22.jar:/Users/ruslanfursa/.m2/repository/org/apache/maven/plugins/maven-surefire-plugin/3.1.2/maven-surefire-plugin-3.1.2.jar:/Users/ruslanfursa/.m2/repository/org/apache/maven/surefire/maven-surefire-common/3.1.2/maven-surefire-common-3.1.2.jar:/Users/ruslanfursa/.m2/repository/org/apache/maven/surefire/surefire-api/3.1.2/surefire-api-3.1.2.jar:/Users/ruslanfursa/.m2/repository/org/apache/maven/surefire/surefire-logger-api/3.1.2/surefire-logger-api-3.1.2.jar:/Users/ruslanfursa/.m2/repository/org/apache/maven/surefire/surefire-extensions-api/3.1.2/surefire-extensions-api-3.1.2.jar:/Users/ruslanfursa/.m2/repository/org/apache/maven/surefire/surefire-booter/3.1.2/surefire-booter-3.1.2.jar:/Users/ruslanfursa/.m2/repository/org/apache/maven/surefire/surefire-extensions-spi/3.1.2/surefire-extensions-spi-3.1.2.jar:/Users/ruslanfursa/.m2/repository/org/eclipse/aether/aether-util/1.0.0.v20140518/aether-util-1.0.0.v20140518.jar:/Users/ruslanfursa/.m2/repository/org/eclipse/aether/aether-api/1.0.0.v20140518/aether-api-1.0.0.v20140518.jar:/Users/ruslanfursa/.m2/repository/org/apache/maven/surefire/surefire-shared-utils/3.1.2/surefire-shared-utils-3.1.2.jar:/Users/ruslanfursa/.m2/repository/commons-io/commons-io/2.14.0/commons-io-2.14.0.jar:"/>
    <property name="java.vm.vendor" value="Amazon.com Inc."/>
    <property name="sun.arch.data.model" value="64"/>
    <property name="java.vendor.url" value="https://aws.amazon.com/corretto/"/>
    <property name="user.timezone" value="Europe/Minsk"/>
    <property name="os.name" value="Mac OS X"/>
    <property name="java.vm.specification.version" value="19"/>
    <property name="sun.java.launcher" value="SUN_STANDARD"/>
    <property name="user.country" value="BY"/>
    <property name="sun.boot.library.path" value="/Users/ruslanfursa/Library/Java/JavaVirtualMachines/corretto-19.0.2/Contents/Home/lib"/>
    <property name="sun.java.command" value="/Users/ruslanfursa/IdeaProjects/Orange/target/surefire/surefirebooter-20231027151749711_3.jar /Users/ruslanfursa/IdeaProjects/Orange/target/surefire 2023-10-27T15-17-49_452-jvmRun1 surefire-20231027151749711_1tmp surefire_0-20231027151749711_2tmp"/>
    <property name="http.nonProxyHosts" value="local|*.local|169.254/16|*.169.254/16"/>
    <property name="jdk.debug" value="release"/>
    <property name="surefire.test.class.path" value="/Users/ruslanfursa/IdeaProjects/Orange/target/test-classes:/Users/ruslanfursa/IdeaProjects/Orange/target/classes:/Users/ruslanfursa/.m2/repository/com/github/javafaker/javafaker/1.0.2/javafaker-1.0.2.jar:/Users/ruslanfursa/.m2/repository/org/apache/commons/commons-lang3/3.5/commons-lang3-3.5.jar:/Users/ruslanfursa/.m2/repository/org/yaml/snakeyaml/1.23/snakeyaml-1.23-android.jar:/Users/ruslanfursa/.m2/repository/com/github/mifmif/generex/1.0.2/generex-1.0.2.jar:/Users/ruslanfursa/.m2/repository/dk/brics/automaton/automaton/1.11-8/automaton-1.11-8.jar:/Users/ruslanfursa/.m2/repository/org/testng/testng/7.7.1/testng-7.7.1.jar:/Users/ruslanfursa/.m2/repository/com/beust/jcommander/1.82/jcommander-1.82.jar:/Users/ruslanfursa/.m2/repository/org/webjars/jquery/3.6.1/jquery-3.6.1.jar:/Users/ruslanfursa/.m2/repository/org/seleniumhq/selenium/selenium-java/4.14.1/selenium-java-4.14.1.jar:/Users/ruslanfursa/.m2/repository/org/seleniumhq/selenium/selenium-api/4.14.1/selenium-api-4.14.1.jar:/Users/ruslanfursa/.m2/repository/org/seleniumhq/selenium/selenium-chrome-driver/4.14.1/selenium-chrome-driver-4.14.1.jar:/Users/ruslanfursa/.m2/repository/com/google/auto/service/auto-service-annotations/1.1.1/auto-service-annotations-1.1.1.jar:/Users/ruslanfursa/.m2/repository/com/google/guava/guava/32.1.2-jre/guava-32.1.2-jre.jar:/Users/ruslanfursa/.m2/repository/com/google/guava/failureaccess/1.0.1/failureaccess-1.0.1.jar:/Users/ruslanfursa/.m2/repository/com/google/guava/listenablefuture/9999.0-empty-to-avoid-conflict-with-guava/listenablefuture-9999.0-empty-to-avoid-conflict-with-guava.jar:/Users/ruslanfursa/.m2/repository/com/google/code/findbugs/jsr305/3.0.2/jsr305-3.0.2.jar:/Users/ruslanfursa/.m2/repository/org/checkerframework/checker-qual/3.33.0/checker-qual-3.33.0.jar:/Users/ruslanfursa/.m2/repository/com/google/errorprone/error_prone_annotations/2.18.0/error_prone_annotations-2.18.0.jar:/Users/ruslanfursa/.m2/repository/com/google/j2objc/j2objc-annotations/2.8/j2objc-annotations-2.8.jar:/Users/ruslanfursa/.m2/repository/org/seleniumhq/selenium/selenium-chromium-driver/4.14.1/selenium-chromium-driver-4.14.1.jar:/Users/ruslanfursa/.m2/repository/org/seleniumhq/selenium/selenium-json/4.14.1/selenium-json-4.14.1.jar:/Users/ruslanfursa/.m2/repository/org/seleniumhq/selenium/selenium-manager/4.14.1/selenium-manager-4.14.1.jar:/Users/ruslanfursa/.m2/repository/org/seleniumhq/selenium/selenium-devtools-v116/4.14.1/selenium-devtools-v116-4.14.1.jar:/Users/ruslanfursa/.m2/repository/org/seleniumhq/selenium/selenium-devtools-v117/4.14.1/selenium-devtools-v117-4.14.1.jar:/Users/ruslanfursa/.m2/repository/org/seleniumhq/selenium/selenium-devtools-v118/4.14.1/selenium-devtools-v118-4.14.1.jar:/Users/ruslanfursa/.m2/repository/org/seleniumhq/selenium/selenium-devtools-v85/4.14.1/selenium-devtools-v85-4.14.1.jar:/Users/ruslanfursa/.m2/repository/org/seleniumhq/selenium/selenium-edge-driver/4.14.1/selenium-edge-driver-4.14.1.jar:/Users/ruslanfursa/.m2/repository/org/seleniumhq/selenium/selenium-firefox-driver/4.14.1/selenium-firefox-driver-4.14.1.jar:/Users/ruslanfursa/.m2/repository/org/seleniumhq/selenium/selenium-http/4.14.1/selenium-http-4.14.1.jar:/Users/ruslanfursa/.m2/repository/dev/failsafe/failsafe/3.3.2/failsafe-3.3.2.jar:/Users/ruslanfursa/.m2/repository/org/seleniumhq/selenium/selenium-ie-driver/4.14.1/selenium-ie-driver-4.14.1.jar:/Users/ruslanfursa/.m2/repository/org/seleniumhq/selenium/selenium-remote-driver/4.14.1/selenium-remote-driver-4.14.1.jar:/Users/ruslanfursa/.m2/repository/io/opentelemetry/opentelemetry-api/1.28.0/opentelemetry-api-1.28.0.jar:/Users/ruslanfursa/.m2/repository/io/opentelemetry/opentelemetry-context/1.28.0/opentelemetry-context-1.28.0.jar:/Users/ruslanfursa/.m2/repository/io/opentelemetry/opentelemetry-exporter-logging/1.28.0/opentelemetry-exporter-logging-1.28.0.jar:/Users/ruslanfursa/.m2/repository/io/opentelemetry/opentelemetry-sdk-metrics/1.28.0/opentelemetry-sdk-metrics-1.28.0.jar:/Users/ruslanfursa/.m2/repository/io/opentelemetry/opentelemetry-extension-incubator/1.28.0-alpha/opentelemetry-extension-incubator-1.28.0-alpha.jar:/Users/ruslanfursa/.m2/repository/io/opentelemetry/opentelemetry-sdk-logs/1.28.0/opentelemetry-sdk-logs-1.28.0.jar:/Users/ruslanfursa/.m2/repository/io/opentelemetry/opentelemetry-sdk-common/1.28.0/opentelemetry-sdk-common-1.28.0.jar:/Users/ruslanfursa/.m2/repository/io/opentelemetry/opentelemetry-sdk-extension-autoconfigure-spi/1.28.0/opentelemetry-sdk-extension-autoconfigure-spi-1.28.0.jar:/Users/ruslanfursa/.m2/repository/io/opentelemetry/opentelemetry-sdk-extension-autoconfigure/1.28.0/opentelemetry-sdk-extension-autoconfigure-1.28.0.jar:/Users/ruslanfursa/.m2/repository/io/opentelemetry/opentelemetry-api-events/1.28.0-alpha/opentelemetry-api-events-1.28.0-alpha.jar:/Users/ruslanfursa/.m2/repository/io/opentelemetry/opentelemetry-sdk-trace/1.28.0/opentelemetry-sdk-trace-1.28.0.jar:/Users/ruslanfursa/.m2/repository/io/opentelemetry/opentelemetry-sdk/1.28.0/opentelemetry-sdk-1.28.0.jar:/Users/ruslanfursa/.m2/repository/io/opentelemetry/opentelemetry-semconv/1.28.0-alpha/opentelemetry-semconv-1.28.0-alpha.jar:/Users/ruslanfursa/.m2/repository/net/bytebuddy/byte-buddy/1.14.5/byte-buddy-1.14.5.jar:/Users/ruslanfursa/.m2/repository/org/seleniumhq/selenium/selenium-os/4.14.1/selenium-os-4.14.1.jar:/Users/ruslanfursa/.m2/repository/org/seleniumhq/selenium/selenium-safari-driver/4.14.1/selenium-safari-driver-4.14.1.jar:/Users/ruslanfursa/.m2/repository/org/seleniumhq/selenium/selenium-support/4.14.1/selenium-support-4.14.1.jar:/Users/ruslanfursa/.m2/repository/io/github/bonigarcia/webdrivermanager/5.5.3/webdrivermanager-5.5.3.jar:/Users/ruslanfursa/.m2/repository/com/google/code/gson/gson/2.10.1/gson-2.10.1.jar:/Users/ruslanfursa/.m2/repository/com/github/docker-java/docker-java/3.3.3/docker-java-3.3.3.jar:/Users/ruslanfursa/.m2/repository/com/github/docker-java/docker-java-core/3.3.3/docker-java-core-3.3.3.jar:/Users/ruslanfursa/.m2/repository/com/github/docker-java/docker-java-api/3.3.3/docker-java-api-3.3.3.jar:/Users/ruslanfursa/.m2/repository/org/apache/commons/commons-compress/1.21/commons-compress-1.21.jar:/Users/ruslanfursa/.m2/repository/org/bouncycastle/bcpkix-jdk18on/1.75/bcpkix-jdk18on-1.75.jar:/Users/ruslanfursa/.m2/repository/org/bouncycastle/bcprov-jdk18on/1.75/bcprov-jdk18on-1.75.jar:/Users/ruslanfursa/.m2/repository/org/bouncycastle/bcutil-jdk18on/1.75/bcutil-jdk18on-1.75.jar:/Users/ruslanfursa/.m2/repository/org/slf4j/jcl-over-slf4j/1.7.30/jcl-over-slf4j-1.7.30.jar:/Users/ruslanfursa/.m2/repository/com/github/docker-java/docker-java-transport-httpclient5/3.3.3/docker-java-transport-httpclient5-3.3.3.jar:/Users/ruslanfursa/.m2/repository/com/github/docker-java/docker-java-transport/3.3.3/docker-java-transport-3.3.3.jar:/Users/ruslanfursa/.m2/repository/net/java/dev/jna/jna/5.12.1/jna-5.12.1.jar:/Users/ruslanfursa/.m2/repository/org/brotli/dec/0.1.2/dec-0.1.2.jar:/Users/ruslanfursa/.m2/repository/org/apache/httpcomponents/client5/httpclient5/5.2.1/httpclient5-5.2.1.jar:/Users/ruslanfursa/.m2/repository/org/apache/httpcomponents/core5/httpcore5/5.2/httpcore5-5.2.jar:/Users/ruslanfursa/.m2/repository/org/apache/httpcomponents/core5/httpcore5-h2/5.2/httpcore5-h2-5.2.jar:/Users/ruslanfursa/.m2/repository/io/qameta/allure/allure-testng/2.23.0/allure-testng-2.23.0.jar:/Users/ruslanfursa/.m2/repository/io/qameta/allure/allure-java-commons/2.23.0/allure-java-commons-2.23.0.jar:/Users/ruslanfursa/.m2/repository/io/qameta/allure/allure-model/2.23.0/allure-model-2.23.0.jar:/Users/ruslanfursa/.m2/repository/io/qameta/allure/allure-test-filter/2.23.0/allure-test-filter-2.23.0.jar:/Users/ruslanfursa/.m2/repository/io/qameta/allure/allure-maven/2.12.0/allure-maven-2.12.0.jar:/Users/ruslanfursa/.m2/repository/org/apache/httpcomponents/httpclient/4.5.13/httpclient-4.5.13.jar:/Users/ruslanfursa/.m2/repository/org/apache/httpcomponents/httpcore/4.4.13/httpcore-4.4.13.jar:/Users/ruslanfursa/.m2/repository/commons-logging/commons-logging/1.2/commons-logging-1.2.jar:/Users/ruslanfursa/.m2/repository/commons-codec/commons-codec/1.11/commons-codec-1.11.jar:/Users/ruslanfursa/.m2/repository/com/fasterxml/jackson/core/jackson-databind/2.14.0/jackson-databind-2.14.0.jar:/Users/ruslanfursa/.m2/repository/com/fasterxml/jackson/core/jackson-annotations/2.14.0/jackson-annotations-2.14.0.jar:/Users/ruslanfursa/.m2/repository/com/fasterxml/jackson/core/jackson-core/2.14.0/jackson-core-2.14.0.jar:/Users/ruslanfursa/.m2/repository/org/apache/maven/maven-plugin-api/3.8.6/maven-plugin-api-3.8.6.jar:/Users/ruslanfursa/.m2/repository/org/codehaus/plexus/plexus-utils/3.3.1/plexus-utils-3.3.1.jar:/Users/ruslanfursa/.m2/repository/org/codehaus/plexus/plexus-classworlds/2.6.0/plexus-classworlds-2.6.0.jar:/Users/ruslanfursa/.m2/repository/org/apache/maven/maven-core/3.8.6/maven-core-3.8.6.jar:/Users/ruslanfursa/.m2/repository/org/apache/maven/maven-model/3.8.6/maven-model-3.8.6.jar:/Users/ruslanfursa/.m2/repository/org/apache/maven/maven-settings/3.8.6/maven-settings-3.8.6.jar:/Users/ruslanfursa/.m2/repository/org/apache/maven/maven-settings-builder/3.8.6/maven-settings-builder-3.8.6.jar:/Users/ruslanfursa/.m2/repository/org/codehaus/plexus/plexus-sec-dispatcher/2.0/plexus-sec-dispatcher-2.0.jar:/Users/ruslanfursa/.m2/repository/org/codehaus/plexus/plexus-cipher/2.0/plexus-cipher-2.0.jar:/Users/ruslanfursa/.m2/repository/org/apache/maven/maven-builder-support/3.8.6/maven-builder-support-3.8.6.jar:/Users/ruslanfursa/.m2/repository/org/apache/maven/maven-repository-metadata/3.8.6/maven-repository-metadata-3.8.6.jar:/Users/ruslanfursa/.m2/repository/org/apache/maven/maven-artifact/3.8.6/maven-artifact-3.8.6.jar:/Users/ruslanfursa/.m2/repository/org/apache/maven/maven-model-builder/3.8.6/maven-model-builder-3.8.6.jar:/Users/ruslanfursa/.m2/repository/org/apache/maven/maven-resolver-provider/3.8.6/maven-resolver-provider-3.8.6.jar:/Users/ruslanfursa/.m2/repository/org/apache/maven/resolver/maven-resolver-impl/1.6.3/maven-resolver-impl-1.6.3.jar:/Users/ruslanfursa/.m2/repository/org/apache/maven/resolver/maven-resolver-api/1.6.3/maven-resolver-api-1.6.3.jar:/Users/ruslanfursa/.m2/repository/org/apache/maven/resolver/maven-resolver-spi/1.6.3/maven-resolver-spi-1.6.3.jar:/Users/ruslanfursa/.m2/repository/org/apache/maven/resolver/maven-resolver-util/1.6.3/maven-resolver-util-1.6.3.jar:/Users/ruslanfursa/.m2/repository/org/apache/maven/shared/maven-shared-utils/3.3.4/maven-shared-utils-3.3.4.jar:/Users/ruslanfursa/.m2/repository/org/eclipse/sisu/org.eclipse.sisu.plexus/0.3.5/org.eclipse.sisu.plexus-0.3.5.jar:/Users/ruslanfursa/.m2/repository/javax/annotation/javax.annotation-api/1.2/javax.annotation-api-1.2.jar:/Users/ruslanfursa/.m2/repository/org/eclipse/sisu/org.eclipse.sisu.inject/0.3.5/org.eclipse.sisu.inject-0.3.5.jar:/Users/ruslanfursa/.m2/repository/com/google/inject/guice/4.2.2/guice-4.2.2-no_aop.jar:/Users/ruslanfursa/.m2/repository/aopalliance/aopalliance/1.0/aopalliance-1.0.jar:/Users/ruslanfursa/.m2/repository/javax/inject/javax.inject/1/javax.inject-1.jar:/Users/ruslanfursa/.m2/repository/org/codehaus/plexus/plexus-interpolation/1.26/plexus-interpolation-1.26.jar:/Users/ruslanfursa/.m2/repository/org/codehaus/plexus/plexus-component-annotations/2.1.0/plexus-component-annotations-2.1.0.jar:/Users/ruslanfursa/.m2/repository/org/apache/maven/reporting/maven-reporting-impl/3.0.0/maven-reporting-impl-3.0.0.jar:/Users/ruslanfursa/.m2/repository/org/apache/maven/reporting/maven-reporting-api/3.0/maven-reporting-api-3.0.jar:/Users/ruslanfursa/.m2/repository/org/apache/maven/doxia/doxia-sink-api/1.7/doxia-sink-api-1.7.jar:/Users/ruslanfursa/.m2/repository/org/apache/maven/doxia/doxia-logging-api/1.7/doxia-logging-api-1.7.jar:/Users/ruslanfursa/.m2/repository/org/apache/maven/doxia/doxia-decoration-model/1.7.4/doxia-decoration-model-1.7.4.jar:/Users/ruslanfursa/.m2/repository/org/apache/maven/doxia/doxia-core/1.7/doxia-core-1.7.jar:/Users/ruslanfursa/.m2/repository/org/codehaus/plexus/plexus-container-default/1.0-alpha-30/plexus-container-default-1.0-alpha-30.jar:/Users/ruslanfursa/.m2/repository/junit/junit/3.8.1/junit-3.8.1.jar:/Users/ruslanfursa/.m2/repository/commons-lang/commons-lang/2.4/commons-lang-2.4.jar:/Users/ruslanfursa/.m2/repository/xmlunit/xmlunit/1.5/xmlunit-1.5.jar:/Users/ruslanfursa/.m2/repository/org/apache/maven/doxia/doxia-site-renderer/1.7.4/doxia-site-renderer-1.7.4.jar:/Users/ruslanfursa/.m2/repository/org/apache/maven/doxia/doxia-skin-model/1.7.4/doxia-skin-model-1.7.4.jar:/Users/ruslanfursa/.m2/repository/org/apache/maven/doxia/doxia-module-xhtml/1.7/doxia-module-xhtml-1.7.jar:/Users/ruslanfursa/.m2/repository/org/codehaus/plexus/plexus-i18n/1.0-beta-7/plexus-i18n-1.0-beta-7.jar:/Users/ruslanfursa/.m2/repository/org/codehaus/plexus/plexus-velocity/1.2/plexus-velocity-1.2.jar:/Users/ruslanfursa/.m2/repository/org/apache/velocity/velocity/1.7/velocity-1.7.jar:/Users/ruslanfursa/.m2/repository/org/apache/velocity/velocity-tools/2.0/velocity-tools-2.0.jar:/Users/ruslanfursa/.m2/repository/commons-digester/commons-digester/1.8/commons-digester-1.8.jar:/Users/ruslanfursa/.m2/repository/commons-chain/commons-chain/1.1/commons-chain-1.1.jar:/Users/ruslanfursa/.m2/repository/commons-validator/commons-validator/1.3.1/commons-validator-1.3.1.jar:/Users/ruslanfursa/.m2/repository/dom4j/dom4j/1.1/dom4j-1.1.jar:/Users/ruslanfursa/.m2/repository/oro/oro/2.0.8/oro-2.0.8.jar:/Users/ruslanfursa/.m2/repository/sslext/sslext/1.2-0/sslext-1.2-0.jar:/Users/ruslanfursa/.m2/repository/org/apache/struts/struts-core/1.3.8/struts-core-1.3.8.jar:/Users/ruslanfursa/.m2/repository/antlr/antlr/2.7.2/antlr-2.7.2.jar:/Users/ruslanfursa/.m2/repository/org/apache/struts/struts-taglib/1.3.8/struts-taglib-1.3.8.jar:/Users/ruslanfursa/.m2/repository/org/apache/struts/struts-tiles/1.3.8/struts-tiles-1.3.8.jar:/Users/ruslanfursa/.m2/repository/org/apache/maven/shared/maven-artifact-transfer/0.13.1/maven-artifact-transfer-0.13.1.jar:/Users/ruslanfursa/.m2/repository/org/apache/maven/shared/maven-common-artifact-filters/3.1.0/maven-common-artifact-filters-3.1.0.jar:/Users/ruslanfursa/.m2/repository/org/sonatype/sisu/sisu-inject-plexus/1.4.2/sisu-inject-plexus-1.4.2.jar:/Users/ruslanfursa/.m2/repository/org/sonatype/sisu/sisu-inject-bean/1.4.2/sisu-inject-bean-1.4.2.jar:/Users/ruslanfursa/.m2/repository/org/sonatype/sisu/sisu-guice/2.1.7/sisu-guice-2.1.7-noaop.jar:/Users/ruslanfursa/.m2/repository/commons-beanutils/commons-beanutils/1.9.4/commons-beanutils-1.9.4.jar:/Users/ruslanfursa/.m2/repository/commons-collections/commons-collections/3.2.2/commons-collections-3.2.2.jar:/Users/ruslanfursa/.m2/repository/net/lingala/zip4j/zip4j/1.3.3/zip4j-1.3.3.jar:/Users/ruslanfursa/.m2/repository/org/apache/commons/commons-exec/1.3/commons-exec-1.3.jar:/Users/ruslanfursa/.m2/repository/org/apache/maven/plugin-tools/maven-plugin-annotations/3.7.0/maven-plugin-annotations-3.7.0.jar:/Users/ruslanfursa/.m2/repository/org/apache/maven/plugins/maven-jxr-plugin/3.3.0/maven-jxr-plugin-3.3.0.jar:/Users/ruslanfursa/.m2/repository/org/apache/maven/maven-jxr/3.3.0/maven-jxr-3.3.0.jar:/Users/ruslanfursa/.m2/repository/org/apache/maven/wagon/wagon-provider-api/2.8/wagon-provider-api-2.8.jar:/Users/ruslanfursa/.m2/repository/org/codehaus/plexus/plexus-java/1.1.1/plexus-java-1.1.1.jar:/Users/ruslanfursa/.m2/repository/org/ow2/asm/asm/9.2/asm-9.2.jar:/Users/ruslanfursa/.m2/repository/com/thoughtworks/qdox/qdox/2.0.1/qdox-2.0.1.jar:/Users/ruslanfursa/.m2/repository/org/slf4j/slf4j-api/2.0.9/slf4j-api-2.0.9.jar:/Users/ruslanfursa/.m2/repository/org/slf4j/slf4j-reload4j/2.0.9/slf4j-reload4j-2.0.9.jar:/Users/ruslanfursa/.m2/repository/ch/qos/reload4j/reload4j/1.2.22/reload4j-1.2.22.jar:/Users/ruslanfursa/.m2/repository/org/apache/maven/plugins/maven-surefire-plugin/3.1.2/maven-surefire-plugin-3.1.2.jar:/Users/ruslanfursa/.m2/repository/org/apache/maven/surefire/maven-surefire-common/3.1.2/maven-surefire-common-3.1.2.jar:/Users/ruslanfursa/.m2/repository/org/apache/maven/surefire/surefire-api/3.1.2/surefire-api-3.1.2.jar:/Users/ruslanfursa/.m2/repository/org/apache/maven/surefire/surefire-logger-api/3.1.2/surefire-logger-api-3.1.2.jar:/Users/ruslanfursa/.m2/repository/org/apache/maven/surefire/surefire-extensions-api/3.1.2/surefire-extensions-api-3.1.2.jar:/Users/ruslanfursa/.m2/repository/org/apache/maven/surefire/surefire-booter/3.1.2/surefire-booter-3.1.2.jar:/Users/ruslanfursa/.m2/repository/org/apache/maven/surefire/surefire-extensions-spi/3.1.2/surefire-extensions-spi-3.1.2.jar:/Users/ruslanfursa/.m2/repository/org/eclipse/aether/aether-util/1.0.0.v20140518/aether-util-1.0.0.v20140518.jar:/Users/ruslanfursa/.m2/repository/org/eclipse/aether/aether-api/1.0.0.v20140518/aether-api-1.0.0.v20140518.jar:/Users/ruslanfursa/.m2/repository/org/apache/maven/surefire/surefire-shared-utils/3.1.2/surefire-shared-utils-3.1.2.jar:/Users/ruslanfursa/.m2/repository/commons-io/commons-io/2.14.0/commons-io-2.14.0.jar:"/>
    <property name="sun.cpu.endian" value="little"/>
    <property name="user.home" value="/Users/ruslanfursa"/>
    <property name="user.language" value="ru"/>
    <property name="java.specification.vendor" value="Oracle Corporation"/>
    <property name="java.version.date" value="2023-01-17"/>
    <property name="java.home" value="/Users/ruslanfursa/Library/Java/JavaVirtualMachines/corretto-19.0.2/Contents/Home"/>
    <property name="file.separator" value="/"/>
    <property name="basedir" value="/Users/ruslanfursa/IdeaProjects/Orange"/>
    <property name="java.vm.compressedOopsMode" value="Zero based"/>
    <property name="line.separator" value="&#10;"/>
    <property name="java.vm.specification.vendor" value="Oracle Corporation"/>
    <property name="java.specification.name" value="Java Platform API Specification"/>
    <property name="apple.awt.application.name" value="ForkedBooter"/>
    <property name="surefire.real.class.path" value="/Users/ruslanfursa/IdeaProjects/Orange/target/surefire/surefirebooter-20231027151749711_3.jar"/>
    <property name="sun.management.compiler" value="HotSpot 64-Bit Tiered Compilers"/>
    <property name="ftp.nonProxyHosts" value="local|*.local|169.254/16|*.169.254/16"/>
    <property name="java.runtime.version" value="19.0.2+7-FR"/>
    <property name="user.name" value="ruslanfursa"/>
    <property name="stdout.encoding" value="US-ASCII"/>
    <property name="path.separator" value=":"/>
    <property name="os.version" value="14.0"/>
    <property name="java.runtime.name" value="OpenJDK Runtime Environment"/>
    <property name="file.encoding" value="UTF-8"/>
    <property name="java.vm.name" value="OpenJDK 64-Bit Server VM"/>
    <property name="java.vendor.version" value="Corretto-19.0.2.7.1"/>
    <property name="localRepository" value="/Users/ruslanfursa/.m2/repository"/>
    <property name="java.vendor.url.bug" value="https://github.com/corretto/corretto-19/issues/"/>
    <property name="java.io.tmpdir" value="/var/folders/_p/m636hhn95hb_1_x27twsw72w0000gn/T/"/>
    <property name="java.version" value="19.0.2"/>
    <property name="user.dir" value="/Users/ruslanfursa/IdeaProjects/Orange"/>
    <property name="os.arch" value="x86_64"/>
    <property name="java.vm.specification.name" value="Java Virtual Machine Specification"/>
    <property name="native.encoding" value="US-ASCII"/>
    <property name="java.library.path" value="/Users/ruslanfursa/Library/Java/Extensions:/Library/Java/Extensions:/Network/Library/Java/Extensions:/System/Library/Java/Extensions:/usr/lib/java:."/>
    <property name="java.vm.info" value="mixed mode, sharing"/>
    <property name="stderr.encoding" value="US-ASCII"/>
    <property name="java.vendor" value="Amazon.com Inc."/>
    <property name="java.vm.version" value="19.0.2+7-FR"/>
    <property name="sun.io.unicode.encoding" value="UnicodeBig"/>
    <property name="socksNonProxyHosts" value="local|*.local|169.254/16|*.169.254/16"/>
    <property name="java.class.version" value="63.0"/>
  </properties>
  <testcase name="testDashboardSheetsNames[Time at Work](1)" classname="runner.DashboardTest" time="35.497">
    <system-out><![CDATA[0    [main] DEBUG org.testng.TestNG  - suiteXmlPath: "/Users/ruslanfursa/IdeaProjects/Orange/src/test/resources/testng.xml"
923  [main] INFO  org.testng.internal.Utils  - [Utils] MethodGroupsHelper.collectMethodsByGroup() took 0 ms.
930  [main] INFO  org.testng.internal.Utils  - [Utils] MethodGroupsHelper.sortMethods() took 1 ms.
932  [main] INFO  org.testng.internal.Utils  - [Utils] MethodGroupsHelper.collectMethodsByGroup() took 0 ms.
933  [main] INFO  org.testng.internal.Utils  - [Utils] MethodGroupsHelper.sortMethods() took 0 ms.
933  [main] INFO  org.testng.internal.Utils  - [Utils] MethodGroupsHelper.collectMethodsByGroup() took 0 ms.
934  [main] INFO  org.testng.internal.Utils  - [Utils] MethodGroupsHelper.sortMethods() took 0 ms.
934  [main] INFO  org.testng.internal.Utils  - [Utils] MethodGroupsHelper.collectMethodsByGroup() took 0 ms.
934  [main] INFO  org.testng.internal.Utils  - [Utils] MethodGroupsHelper.sortMethods() took 0 ms.
941  [main] INFO  org.testng.internal.Utils  - [Utils] MethodGroupsHelper.collectMethodsByGroup() took 5 ms.
969  [main] INFO  org.testng.internal.Utils  - [Utils] MethodGroupsHelper.sortMethods() took 26 ms.
971  [main] INFO  org.testng.internal.Utils  - [Utils] MethodGroupsHelper.collectMethodsByGroup() took 0 ms.
972  [main] INFO  org.testng.internal.Utils  - [Utils] MethodGroupsHelper.sortMethods() took 1 ms.
973  [main] INFO  org.testng.internal.Utils  - [Utils] MethodGroupsHelper.collectMethodsByGroup() took 0 ms.
974  [main] INFO  org.testng.internal.Utils  - [Utils] MethodGroupsHelper.sortMethods() took 0 ms.
975  [main] INFO  org.testng.internal.Utils  - [Utils] MethodGroupsHelper.collectMethodsByGroup() took 0 ms.
975  [main] INFO  org.testng.internal.Utils  - [Utils] MethodGroupsHelper.sortMethods() took 0 ms.
986  [main] INFO  org.testng.internal.Utils  - [Utils] MethodGroupsHelper.collectMethodsByGroup() took 0 ms.
988  [main] INFO  org.testng.internal.Utils  - [Utils] MethodGroupsHelper.sortMethods() took 1 ms.
989  [main] INFO  org.testng.internal.Utils  - [Utils] MethodGroupsHelper.collectMethodsByGroup() took 0 ms.
989  [main] INFO  org.testng.internal.Utils  - [Utils] MethodGroupsHelper.sortMethods() took 0 ms.
1005 [main] INFO  org.testng.internal.Utils  - [Utils] MethodGroupsHelper.collectMethodsByGroup() took 0 ms.
1005 [main] INFO  org.testng.internal.Utils  - [Utils] MethodGroupsHelper.sortMethods() took 0 ms.
1007 [main] INFO  org.testng.internal.Utils  - [Utils] MethodGroupsHelper.collectMethodsByGroup() took 0 ms.
1007 [main] INFO  org.testng.internal.Utils  - [Utils] MethodGroupsHelper.sortMethods() took 0 ms.
1009 [main] INFO  org.testng.internal.Utils  - [Utils] MethodGroupsHelper.collectMethodsByGroup() took 0 ms.
1009 [main] INFO  org.testng.internal.Utils  - [Utils] MethodGroupsHelper.sortMethods() took 0 ms.
1010 [main] INFO  org.testng.internal.Utils  - [Utils] MethodGroupsHelper.collectMethodsByGroup() took 0 ms.
1010 [main] INFO  org.testng.internal.Utils  - [Utils] MethodGroupsHelper.sortMethods() took 0 ms.
1011 [main] INFO  org.testng.internal.Utils  - [Utils] MethodGroupsHelper.collectMethodsByGroup() took 0 ms.
1012 [main] INFO  org.testng.internal.Utils  - [Utils] MethodGroupsHelper.sortMethods() took 0 ms.
1013 [main] INFO  org.testng.internal.Utils  - [Utils] MethodGroupsHelper.collectMethodsByGroup() took 0 ms.
1014 [main] INFO  org.testng.internal.Utils  - [Utils] MethodGroupsHelper.sortMethods() took 0 ms.
1014 [main] INFO  org.testng.internal.Utils  - [Utils] MethodGroupsHelper.collectMethodsByGroup() took 0 ms.
1014 [main] INFO  org.testng.internal.Utils  - [Utils] MethodGroupsHelper.sortMethods() took 0 ms.
1015 [main] INFO  org.testng.internal.Utils  - [Utils] MethodGroupsHelper.collectMethodsByGroup() took 0 ms.
1015 [main] INFO  org.testng.internal.Utils  - [Utils] MethodGroupsHelper.sortMethods() took 0 ms.
1015 [main] INFO  org.testng.internal.Utils  - [Utils] MethodGroupsHelper.collectMethodsByGroup() took 0 ms.
1015 [main] INFO  org.testng.internal.Utils  - [Utils] MethodGroupsHelper.sortMethods() took 0 ms.
1016 [main] INFO  org.testng.internal.Utils  - [Utils] MethodGroupsHelper.collectMethodsByGroup() took 0 ms.
1016 [main] INFO  org.testng.internal.Utils  - [Utils] MethodGroupsHelper.sortMethods() took 0 ms.
1023 [main] INFO  org.testng.internal.Utils  - [Utils] MethodGroupsHelper.collectMethodsByGroup() took 0 ms.
1023 [main] INFO  org.testng.internal.Utils  - [Utils] MethodGroupsHelper.sortMethods() took 0 ms.
1025 [main] INFO  org.testng.internal.Utils  - [Utils] MethodGroupsHelper.collectMethodsByGroup() took 0 ms.
1028 [main] INFO  org.testng.internal.Utils  - [Utils] MethodGroupsHelper.sortMethods() took 0 ms.
1045 [main] INFO  org.testng.internal.Utils  - [Utils] MethodGroupsHelper.collectMethodsByGroup() took 0 ms.
1046 [main] INFO  org.testng.internal.Utils  - [Utils] MethodGroupsHelper.sortMethods() took 0 ms.
1048 [main] INFO  org.testng.internal.Utils  - [Utils] MethodGroupsHelper.collectMethodsByGroup() took 0 ms.
1049 [main] INFO  org.testng.internal.Utils  - [Utils] MethodGroupsHelper.sortMethods() took 0 ms.
1050 [main] INFO  org.testng.internal.Utils  - [Utils] MethodGroupsHelper.collectMethodsByGroup() took 0 ms.
1052 [main] INFO  org.testng.internal.Utils  - [Utils] MethodGroupsHelper.sortMethods() took 0 ms.
1053 [main] INFO  org.testng.internal.Utils  - [Utils] MethodGroupsHelper.collectMethodsByGroup() took 0 ms.
1054 [main] INFO  org.testng.internal.Utils  - [Utils] MethodGroupsHelper.sortMethods() took 0 ms.
1054 [main] INFO  org.testng.internal.Utils  - [Utils] MethodGroupsHelper.collectMethodsByGroup() took 0 ms.
1054 [main] INFO  org.testng.internal.Utils  - [Utils] MethodGroupsHelper.sortMethods() took 0 ms.
1056 [main] INFO  org.testng.internal.Utils  - [Utils] MethodGroupsHelper.collectMethodsByGroup() took 0 ms.
1056 [main] INFO  org.testng.internal.Utils  - [Utils] MethodGroupsHelper.sortMethods() took 0 ms.
1059 [main] INFO  org.testng.internal.Utils  - [Utils] MethodGroupsHelper.collectMethodsByGroup() took 0 ms.
1061 [main] INFO  org.testng.internal.Utils  - [Utils] MethodGroupsHelper.sortMethods() took 0 ms.
1061 [main] INFO  org.testng.internal.Utils  - [Utils] MethodGroupsHelper.collectMethodsByGroup() took 0 ms.
1061 [main] INFO  org.testng.internal.Utils  - [Utils] MethodGroupsHelper.sortMethods() took 0 ms.
1068 [main] INFO  org.testng.internal.Utils  - [Utils] MethodGroupsHelper.collectMethodsByGroup() took 0 ms.
1069 [main] INFO  org.testng.internal.Utils  - [Utils] MethodGroupsHelper.sortMethods() took 0 ms.
1069 [main] INFO  org.testng.internal.Utils  - [Utils] MethodGroupsHelper.collectMethodsByGroup() took 0 ms.
1069 [main] INFO  org.testng.internal.Utils  - [Utils] MethodGroupsHelper.sortMethods() took 0 ms.
1070 [main] INFO  org.testng.internal.Utils  - [Utils] MethodGroupsHelper.collectMethodsByGroup() took 0 ms.
1070 [main] INFO  org.testng.internal.Utils  - [Utils] MethodGroupsHelper.sortMethods() took 0 ms.
1071 [main] INFO  org.testng.internal.Utils  - [Utils] MethodGroupsHelper.collectMethodsByGroup() took 0 ms.
1071 [main] INFO  org.testng.internal.Utils  - [Utils] MethodGroupsHelper.sortMethods() took 0 ms.
1072 [main] INFO  org.testng.internal.Utils  - [Utils] MethodGroupsHelper.collectMethodsByGroup() took 0 ms.
1072 [main] INFO  org.testng.internal.Utils  - [Utils] MethodGroupsHelper.sortMethods() took 0 ms.
1073 [main] INFO  org.testng.internal.Utils  - [Utils] MethodGroupsHelper.collectMethodsByGroup() took 0 ms.
1073 [main] INFO  org.testng.internal.Utils  - [Utils] MethodGroupsHelper.sortMethods() took 0 ms.
1074 [main] INFO  org.testng.internal.Utils  - [Utils] MethodGroupsHelper.collectMethodsByGroup() took 0 ms.
1074 [main] INFO  org.testng.internal.Utils  - [Utils] MethodGroupsHelper.sortMethods() took 0 ms.
1074 [main] INFO  org.testng.internal.Utils  - [Utils] MethodGroupsHelper.collectMethodsByGroup() took 0 ms.
1075 [main] INFO  org.testng.internal.Utils  - [Utils] MethodGroupsHelper.sortMethods() took 0 ms.
1076 [main] INFO  org.testng.internal.Utils  - [Utils] MethodGroupsHelper.collectMethodsByGroup() took 0 ms.
1076 [main] INFO  org.testng.internal.Utils  - [Utils] MethodGroupsHelper.sortMethods() took 0 ms.
1086 [main] INFO  org.testng.internal.Utils  - [Utils] MethodGroupsHelper.collectMethodsByGroup() took 0 ms.
1086 [main] INFO  org.testng.internal.Utils  - [Utils] MethodGroupsHelper.sortMethods() took 0 ms.
1091 [main] INFO  org.testng.internal.Utils  - [Utils] MethodGroupsHelper.collectMethodsByGroup() took 0 ms.
1092 [main] INFO  org.testng.internal.Utils  - [Utils] MethodGroupsHelper.sortMethods() took 0 ms.
1092 [main] INFO  org.testng.internal.Utils  - [Utils] MethodGroupsHelper.collectMethodsByGroup() took 0 ms.
1092 [main] INFO  org.testng.internal.Utils  - [Utils] MethodGroupsHelper.sortMethods() took 0 ms.
1093 [main] INFO  org.testng.internal.Utils  - [Utils] MethodGroupsHelper.collectMethodsByGroup() took 0 ms.
1093 [main] INFO  org.testng.internal.Utils  - [Utils] MethodGroupsHelper.sortMethods() took 0 ms.
1093 [main] INFO  org.testng.internal.Utils  - [Utils] MethodGroupsHelper.collectMethodsByGroup() took 0 ms.
1093 [main] INFO  org.testng.internal.Utils  - [Utils] MethodGroupsHelper.sortMethods() took 0 ms.
1094 [main] INFO  org.testng.internal.Utils  - [Utils] MethodGroupsHelper.collectMethodsByGroup() took 0 ms.
1094 [main] INFO  org.testng.internal.Utils  - [Utils] MethodGroupsHelper.sortMethods() took 0 ms.
1097 [main] INFO  org.testng.internal.Utils  - [Utils] MethodGroupsHelper.collectMethodsByGroup() took 0 ms.
1097 [main] INFO  org.testng.internal.Utils  - [Utils] MethodGroupsHelper.sortMethods() took 0 ms.
1099 [main] INFO  org.testng.internal.Utils  - [Utils] MethodGroupsHelper.collectMethodsByGroup() took 0 ms.
1099 [main] INFO  org.testng.internal.Utils  - [Utils] MethodGroupsHelper.sortMethods() took 0 ms.
1100 [main] INFO  org.testng.internal.Utils  - [Utils] MethodGroupsHelper.collectMethodsByGroup() took 0 ms.
1100 [main] INFO  org.testng.internal.Utils  - [Utils] MethodGroupsHelper.sortMethods() took 0 ms.
1100 [main] INFO  org.testng.internal.Utils  - [Utils] MethodGroupsHelper.collectMethodsByGroup() took 0 ms.
1100 [main] INFO  org.testng.internal.Utils  - [Utils] MethodGroupsHelper.sortMethods() took 0 ms.
1101 [main] INFO  org.testng.internal.Utils  - [Utils] MethodGroupsHelper.collectMethodsByGroup() took 0 ms.
1102 [main] INFO  org.testng.internal.Utils  - [Utils] MethodGroupsHelper.sortMethods() took 0 ms.
1107 [main] INFO  org.testng.internal.Utils  - [Utils] MethodGroupsHelper.collectMethodsByGroup() took 0 ms.
1109 [main] INFO  org.testng.internal.Utils  - [Utils] MethodGroupsHelper.sortMethods() took 0 ms.
1110 [main] INFO  org.testng.internal.Utils  - [Utils] MethodGroupsHelper.collectMethodsByGroup() took 0 ms.
1110 [main] INFO  org.testng.internal.Utils  - [Utils] MethodGroupsHelper.sortMethods() took 0 ms.
1122 [main] INFO  org.testng.internal.Utils  - [Utils] MethodGroupsHelper.collectMethodsByGroup() took 10 ms.
1135 [main] INFO  org.testng.internal.Utils  - [Utils] MethodGroupsHelper.sortMethods() took 12 ms.
1139 [main] INFO  org.testng.internal.Utils  - [Utils] MethodGroupsHelper.collectMethodsByGroup() took 0 ms.
1139 [main] INFO  org.testng.internal.Utils  - [Utils] MethodGroupsHelper.sortMethods() took 0 ms.
1139 [main] INFO  org.testng.internal.Utils  - [Utils] MethodGroupsHelper.collectMethodsByGroup() took 0 ms.
1139 [main] INFO  org.testng.internal.Utils  - [Utils] MethodGroupsHelper.sortMethods() took 0 ms.
1213 [main] INFO  org.testng.internal.Utils  - [Utils] DynamicGraphHelper.createDynamicGraph() took 4 ms.
1228 [main] INFO  org.testng.internal.Utils  - [TestRunner] Starting executor for test /Users/ruslanfursa/IdeaProjects/Orange with time out:2147483647 milliseconds.
init runner.DashboardTest@2d0399f4
openSite runner.DashboardTest@2d0399f4
]]></system-out>
  </testcase>
  <testcase name="testDashboardSheetsNames[My Actions](2)" classname="runner.DashboardTest" time="9.244">
    <system-out><![CDATA[openSite runner.DashboardTest@2d0399f4
]]></system-out>
  </testcase>
  <testcase name="testDashboardSheetsNames[Quick Launch](3)" classname="runner.DashboardTest" time="5.503">
    <system-out><![CDATA[openSite runner.DashboardTest@2d0399f4
]]></system-out>
  </testcase>
  <testcase name="testDashboardSheetsNames[Employee Distribution by Sub Unit](4)" classname="runner.DashboardTest" time="6.121">
    <system-out><![CDATA[openSite runner.DashboardTest@2d0399f4
]]></system-out>
  </testcase>
  <testcase name="testDashboardSheetsNames[Buzz Latest Posts](5)" classname="runner.DashboardTest" time="6.557">
    <system-out><![CDATA[openSite runner.DashboardTest@2d0399f4
]]></system-out>
  </testcase>
  <testcase name="testDashboardSheetsNames[Employees on Leave Today](6)" classname="runner.DashboardTest" time="5.53">
    <system-out><![CDATA[openSite runner.DashboardTest@2d0399f4
]]></system-out>
  </testcase>
  <testcase name="testDashboardSheetsNames[Employee Distribution by Location](7)" classname="runner.DashboardTest" time="5.729">
    <system-out><![CDATA[openSite runner.DashboardTest@2d0399f4
]]></system-out>
  </testcase>
  <testcase name="testQuestionIcon" classname="runner.DashboardTest" time="7.184">
    <system-out><![CDATA[openSite runner.DashboardTest@2d0399f4
]]></system-out>
  </testcase>
  <testcase name="testOrangeLinkInFooter" classname="runner.DashboardTest" time="31.681">
    <system-out><![CDATA[openSite runner.DashboardTest@2d0399f4
]]></system-out>
  </testcase>
  <testcase name="testSearchInSidebarMenu[a](1)" classname="runner.DashboardTest" time="7.663">
    <system-out><![CDATA[openSite runner.DashboardTest@2d0399f4
]]></system-out>
  </testcase>
  <testcase name="testSearchInSidebarMenu[m](2)" classname="runner.DashboardTest" time="7.537">
    <system-out><![CDATA[openSite runner.DashboardTest@2d0399f4
]]></system-out>
  </testcase>
  <testcase name="testSearchInSidebarMenu[o](3)" classname="runner.DashboardTest" time="4.827">
    <system-out><![CDATA[openSite runner.DashboardTest@2d0399f4
]]></system-out>
  </testcase>
  <testcase name="testTransitionToAdminPage" classname="runner.DashboardTest" time="11.874">
    <system-out><![CDATA[openSite runner.DashboardTest@2d0399f4
]]></system-out>
  </testcase>
  <testcase name="testTransitionToPIMpage" classname="runner.DashboardTest" time="14.846">
    <system-out><![CDATA[openSite runner.DashboardTest@2d0399f4
]]></system-out>
  </testcase>
  <testcase name="testTransitionToLeavePage" classname="runner.DashboardTest" time="8.342">
    <system-out><![CDATA[openSite runner.DashboardTest@2d0399f4
]]></system-out>
  </testcase>
  <testcase name="testTransitionToTimePage" classname="runner.DashboardTest" time="8.38">
    <system-out><![CDATA[openSite runner.DashboardTest@2d0399f4
]]></system-out>
  </testcase>
  <testcase name="testTransitionToRecruitmentPage" classname="runner.DashboardTest" time="10.066">
    <system-out><![CDATA[openSite runner.DashboardTest@2d0399f4
]]></system-out>
  </testcase>
  <testcase name="testTransitionToMyInfoPage" classname="runner.DashboardTest" time="8.367">
    <system-out><![CDATA[openSite runner.DashboardTest@2d0399f4
]]></system-out>
  </testcase>
  <testcase name="testTransitionToPerformancePage" classname="runner.DashboardTest" time="10.781">
    <system-out><![CDATA[openSite runner.DashboardTest@2d0399f4
]]></system-out>
  </testcase>
  <testcase name="testTransitionToDashboardPage" classname="runner.DashboardTest" time="8.718">
    <system-out><![CDATA[openSite runner.DashboardTest@2d0399f4
]]></system-out>
  </testcase>
  <testcase name="testTransitionToDirectoryPage" classname="runner.DashboardTest" time="14.3">
    <system-out><![CDATA[openSite runner.DashboardTest@2d0399f4
]]></system-out>
  </testcase>
  <testcase name="testTransitionToMaintenancePage" classname="runner.DashboardTest" time="9.937">
    <system-out><![CDATA[openSite runner.DashboardTest@2d0399f4
]]></system-out>
  </testcase>
  <testcase name="testTransitionToClaimPage" classname="runner.DashboardTest" time="7.447">
    <system-out><![CDATA[openSite runner.DashboardTest@2d0399f4
]]></system-out>
  </testcase>
  <testcase name="testTransitionToBuzzPage" classname="runner.DashboardTest" time="8.275">
    <system-out><![CDATA[openSite runner.DashboardTest@2d0399f4
]]></system-out>
  </testcase>
  <testcase name="testLoginWithValidCredentials" classname="runner.LoginTest" time="24.835">
    <system-out><![CDATA[closeDriver runner.DashboardTest@2d0399f4
init runner.LoginTest@d2de489
openSite runner.LoginTest@d2de489
]]></system-out>
  </testcase>
  <testcase name="testLoginWithInvalidUsername" classname="runner.LoginTest" time="2.873">
    <system-out><![CDATA[openSite runner.LoginTest@d2de489
]]></system-out>
  </testcase>
  <testcase name="testLoginWithInvalidPassword" classname="runner.LoginTest" time="2.654">
    <system-out><![CDATA[openSite runner.LoginTest@d2de489
]]></system-out>
  </testcase>
  <testcase name="testLoginWithoutFillingInUserNameAndPasswordFields" classname="runner.LoginTest" time="0.953">
    <system-out><![CDATA[openSite runner.LoginTest@d2de489
]]></system-out>
  </testcase>
  <testcase name="testForgotYourPassword" classname="runner.LoginTest" time="2.187">
    <system-out><![CDATA[openSite runner.LoginTest@d2de489
]]></system-out>
  </testcase>
  <testcase name="testTransitionToLinkedinPage" classname="runner.LoginTest" time="1.614">
    <system-out><![CDATA[openSite runner.LoginTest@d2de489
]]></system-out>
  </testcase>
  <testcase name="testTransitionToFacebookPage" classname="runner.LoginTest" time="1.276">
    <system-out><![CDATA[openSite runner.LoginTest@d2de489
]]></system-out>
  </testcase>
  <testcase name="testTransitionToTwitterPage" classname="runner.LoginTest" time="1.18">
    <system-out><![CDATA[openSite runner.LoginTest@d2de489
]]></system-out>
  </testcase>
  <testcase name="testTransitionToYoutubePage" classname="runner.LoginTest" time="18.316">
    <system-out><![CDATA[openSite runner.LoginTest@d2de489
]]></system-out>
  </testcase>
  <testcase name="testAddEmployee" classname="runner.PimTest" time="42.514">
    <failure message="expected [true] but found [false]" type="java.lang.AssertionError"><![CDATA[java.lang.AssertionError: expected [true] but found [false]
	at org.testng.Assert.fail(Assert.java:110)
	at org.testng.Assert.failNotEquals(Assert.java:1577)
	at org.testng.Assert.assertTrue(Assert.java:56)
	at org.testng.Assert.assertTrue(Assert.java:66)
	at runner.PimTest.testAddEmployee(PimTest.java:22)
	at java.base/jdk.internal.reflect.DirectMethodHandleAccessor.invoke(DirectMethodHandleAccessor.java:104)
	at java.base/java.lang.reflect.Method.invoke(Method.java:578)
	at org.testng.internal.invokers.MethodInvocationHelper.invokeMethod(MethodInvocationHelper.java:139)
	at org.testng.internal.invokers.TestInvoker.invokeMethod(TestInvoker.java:677)
	at org.testng.internal.invokers.TestInvoker.invokeTestMethod(TestInvoker.java:221)
	at org.testng.internal.invokers.MethodRunner.runInSequence(MethodRunner.java:50)
	at org.testng.internal.invokers.TestInvoker$MethodInvocationAgent.invoke(TestInvoker.java:969)
	at org.testng.internal.invokers.TestInvoker.invokeTestMethods(TestInvoker.java:194)
	at org.testng.internal.invokers.TestMethodWorker.invokeTestMethods(TestMethodWorker.java:148)
	at org.testng.internal.invokers.TestMethodWorker.run(TestMethodWorker.java:128)
	at java.base/java.util.concurrent.ThreadPoolExecutor.runWorker(ThreadPoolExecutor.java:1144)
	at java.base/java.util.concurrent.ThreadPoolExecutor$Worker.run(ThreadPoolExecutor.java:642)
	at java.base/java.lang.Thread.run(Thread.java:1589)
]]></failure>
    <system-out><![CDATA[closeDriver runner.LoginTest@d2de489
init runner.PimTest@14bdbc74
openSite runner.PimTest@14bdbc74
]]></system-out>
  </testcase>
  <testcase name="testRenameHoliday" classname="runner.LeaveTest" time="36.392">
    <failure message="Expected condition failed: waiting for visibility of Proxy element for: DefaultElementLocator &apos;By.xpath: //span[text() = &apos;Configure &apos;]&apos; (tried for 10 second(s) with 500 milliseconds interval)" type="org.openqa.selenium.TimeoutException"><![CDATA[org.openqa.selenium.TimeoutException: Expected condition failed: waiting for visibility of Proxy element for: DefaultElementLocator 'By.xpath: //span[text() = 'Configure ']' (tried for 10 second(s) with 500 milliseconds interval)
	at org.openqa.selenium.support.ui.WebDriverWait.timeoutException(WebDriverWait.java:84)
	at org.openqa.selenium.support.ui.FluentWait.until(FluentWait.java:230)
	at model.page.LeavePage.clickConfigureTab(LeavePage.java:51)
	at runner.LeaveTest.testRenameHoliday(LeaveTest.java:17)
	at java.base/jdk.internal.reflect.DirectMethodHandleAccessor.invoke(DirectMethodHandleAccessor.java:104)
	at java.base/java.lang.reflect.Method.invoke(Method.java:578)
	at org.testng.internal.invokers.MethodInvocationHelper.invokeMethod(MethodInvocationHelper.java:139)
	at org.testng.internal.invokers.TestInvoker.invokeMethod(TestInvoker.java:677)
	at org.testng.internal.invokers.TestInvoker.invokeTestMethod(TestInvoker.java:221)
	at org.testng.internal.invokers.MethodRunner.runInSequence(MethodRunner.java:50)
	at org.testng.internal.invokers.TestInvoker$MethodInvocationAgent.invoke(TestInvoker.java:969)
	at org.testng.internal.invokers.TestInvoker.invokeTestMethods(TestInvoker.java:194)
	at org.testng.internal.invokers.TestMethodWorker.invokeTestMethods(TestMethodWorker.java:148)
	at org.testng.internal.invokers.TestMethodWorker.run(TestMethodWorker.java:128)
	at java.base/java.util.concurrent.ThreadPoolExecutor.runWorker(ThreadPoolExecutor.java:1144)
	at java.base/java.util.concurrent.ThreadPoolExecutor$Worker.run(ThreadPoolExecutor.java:642)
	at java.base/java.lang.Thread.run(Thread.java:1589)
Caused by: org.openqa.selenium.NoSuchElementException: no such element: Unable to locate element: {"method":"xpath","selector":"//span[text() = 'Configure ']"}
  (Session info: headless chrome=118.0.5993.117)
For documentation on this error, please visit: https://www.selenium.dev/documentation/webdriver/troubleshooting/errors#no-such-element-exception
Build info: version: '4.14.1', revision: '03f8ede370'
System info: os.name: 'Mac OS X', os.arch: 'x86_64', os.version: '14.0', java.version: '19.0.2'
Driver info: org.openqa.selenium.chrome.ChromeDriver
Command: [0a1be401ff855e5d522da531204b1294, findElement {using=xpath, value=//span[text() = 'Configure ']}]
Capabilities {acceptInsecureCerts: false, browserName: chrome, browserVersion: 118.0.5993.117, chrome: {chromedriverVersion: 118.0.5993.70 (e52f33f30b91..., userDataDir: /var/folders/_p/m636hhn95hb...}, fedcm:accounts: true, goog:chromeOptions: {debuggerAddress: localhost:57611}, networkConnectionEnabled: false, pageLoadStrategy: normal, platformName: mac, proxy: Proxy(), se:cdp: ws://localhost:57611/devtoo..., se:cdpVersion: 118.0.5993.117, setWindowRect: true, strictFileInteractability: false, timeouts: {implicit: 0, pageLoad: 300000, script: 30000}, unhandledPromptBehavior: dismiss and notify, webauthn:extension:credBlob: true, webauthn:extension:largeBlob: true, webauthn:extension:minPinLength: true, webauthn:extension:prf: true, webauthn:virtualAuthenticators: true}
Session ID: 0a1be401ff855e5d522da531204b1294
	at java.base/jdk.internal.reflect.DirectConstructorHandleAccessor.newInstance(DirectConstructorHandleAccessor.java:67)
	at java.base/java.lang.reflect.Constructor.newInstanceWithCaller(Constructor.java:500)
	at java.base/java.lang.reflect.Constructor.newInstance(Constructor.java:484)
	at org.openqa.selenium.remote.codec.w3c.W3CHttpResponseCodec.createException(W3CHttpResponseCodec.java:200)
	at org.openqa.selenium.remote.codec.w3c.W3CHttpResponseCodec.decode(W3CHttpResponseCodec.java:133)
	at org.openqa.selenium.remote.codec.w3c.W3CHttpResponseCodec.decode(W3CHttpResponseCodec.java:52)
	at org.openqa.selenium.remote.HttpCommandExecutor.execute(HttpCommandExecutor.java:191)
	at org.openqa.selenium.remote.service.DriverCommandExecutor.invokeExecute(DriverCommandExecutor.java:200)
	at org.openqa.selenium.remote.service.DriverCommandExecutor.execute(DriverCommandExecutor.java:175)
	at org.openqa.selenium.remote.RemoteWebDriver.execute(RemoteWebDriver.java:602)
	at org.openqa.selenium.remote.ElementLocation$ElementFinder$2.findElement(ElementLocation.java:165)
	at org.openqa.selenium.remote.ElementLocation.findElement(ElementLocation.java:59)
	at org.openqa.selenium.remote.RemoteWebDriver.findElement(RemoteWebDriver.java:359)
	at org.openqa.selenium.remote.RemoteWebDriver.findElement(RemoteWebDriver.java:353)
	at org.openqa.selenium.support.pagefactory.DefaultElementLocator.findElement(DefaultElementLocator.java:68)
	at org.openqa.selenium.support.pagefactory.internal.LocatingElementHandler.invoke(LocatingElementHandler.java:38)
	at jdk.proxy2/jdk.proxy2.$Proxy17.isDisplayed(Unknown Source)
	at org.openqa.selenium.support.ui.ExpectedConditions.elementIfVisible(ExpectedConditions.java:304)
	at org.openqa.selenium.support.ui.ExpectedConditions$10.apply(ExpectedConditions.java:290)
	at org.openqa.selenium.support.ui.ExpectedConditions$10.apply(ExpectedConditions.java:287)
	at org.openqa.selenium.support.ui.FluentWait.until(FluentWait.java:205)
	... 15 more
]]></failure>
    <system-out><![CDATA[closeDriver runner.PimTest@14bdbc74
init runner.LeaveTest@12591ac8
openSite runner.LeaveTest@12591ac8
]]></system-out>
  </testcase>
  <testcase name="testToggles" classname="runner.TimeTest" time="39.299">
    <system-out><![CDATA[closeDriver runner.LeaveTest@12591ac8
init runner.TimeTest@5a7fe64f
openSite runner.TimeTest@5a7fe64f
]]></system-out>
  </testcase>
</testsuite>