<?xml version="1.0" encoding="UTF-8"?>
<!-- Generated by org.testng.reporters.JUnitReportReporter -->
<testsuite hostname="Air-Ruslan" failures="0" tests="24" name="runner.DashboardTest" time="199.171" errors="0" timestamp="2023-10-15T14:56:33 MSK" skipped="0">
  <testcase classname="runner.DashboardTest" name="testQuestionIcon" time="12.117"/>
  <system-out/>
  <testcase classname="runner.DashboardTest" name="testTransitionToPerformancePage" time="2.400"/>
  <system-out/>
  <testcase classname="runner.DashboardTest" name="testTransitionToBuzzPage" time="2.464"/>
  <system-out/>
  <testcase classname="runner.DashboardTest" name="testDashboardSheetsNames" time="33.000"/>
  <system-out/>
  <testcase classname="runner.DashboardTest" name="testOrangeLinkInFooter" time="43.059"/>
  <system-out/>
  <testcase classname="runner.DashboardTest" name="testSearchInSidebarMenu" time="10.297"/>
  <system-out/>
  <testcase classname="runner.DashboardTest" name="testTransitionToDirectoryPage" time="2.437"/>
  <system-out/>
  <testcase classname="runner.DashboardTest" name="testSearchInSidebarMenu" time="7.354"/>
  <system-out/>
  <testcase classname="runner.DashboardTest" name="testDashboardSheetsNames" time="8.729"/>
  <system-out/>
  <testcase classname="runner.DashboardTest" name="testDashboardSheetsNames" time="7.803"/>
  <system-out/>
  <testcase classname="runner.DashboardTest" name="testTransitionToRecruitmentPage" time="2.034"/>
  <system-out/>
  <testcase classname="runner.DashboardTest" name="testTransitionToPIMpage" time="2.658"/>
  <system-out/>
  <testcase classname="runner.DashboardTest" name="testDashboardSheetsNames" time="8.208"/>
  <system-out/>
  <testcase classname="runner.DashboardTest" name="testSearchInSidebarMenu" time="6.136"/>
  <system-out/>
  <testcase classname="runner.DashboardTest" name="testTransitionToDashboardPage" time="2.029"/>
  <system-out/>
  <testcase classname="runner.DashboardTest" name="testTransitionToTimePage" time="4.252"/>
  <system-out/>
  <testcase classname="runner.DashboardTest" name="testTransitionToLeavePage" time="3.627"/>
  <system-out/>
  <testcase classname="runner.DashboardTest" name="testDashboardSheetsNames" time="5.635"/>
  <system-out/>
  <testcase classname="runner.DashboardTest" name="testDashboardSheetsNames" time="7.139"/>
  <system-out/>
  <testcase classname="runner.DashboardTest" name="testTransitionToClaimPage" time="1.813"/>
  <system-out/>
  <testcase classname="runner.DashboardTest" name="testDashboardSheetsNames" time="5.244"/>
  <system-out/>
  <testcase classname="runner.DashboardTest" name="testTransitionToMyInfoPage" time="4.187"/>
  <system-out/>
  <testcase classname="runner.DashboardTest" name="testTransitionToAdminPage" time="11.052"/>
  <system-out/>
  <testcase classname="runner.DashboardTest" name="testTransitionToMaintenancePage" time="5.497"/>
  <system-out/>
</testsuite> <!-- runner.DashboardTest -->
