<?xml version="1.0" encoding="UTF-8"?>
<!-- Generated by org.testng.reporters.JUnitReportReporter -->
<testsuite hostname="MacBook-Air-Ruslan.local" failures="0" tests="9" name="runner.LoginTest" time="142.995" errors="0" timestamp="2023-10-18T15:27:49 MSK" skipped="0">
  <testcase classname="runner.LoginTest" name="testLoginWithValidCredentials" time="66.041"/>
  <system-out/>
  <testcase classname="runner.LoginTest" name="testForgotYourPassword" time="3.226"/>
  <system-out/>
  <testcase classname="runner.LoginTest" name="testTransitionToLinkedinPage" time="19.238"/>
  <system-out/>
  <testcase classname="runner.LoginTest" name="testLoginWithoutFillingInUserNameAndPasswordFields" time="1.835"/>
  <system-out/>
  <testcase classname="runner.LoginTest" name="testLoginWithInvalidUsername" time="5.669"/>
  <system-out/>
  <testcase classname="runner.LoginTest" name="testLoginWithInvalidPassword" time="4.869"/>
  <system-out/>
  <testcase classname="runner.LoginTest" name="testTransitionToFacebookPage" time="12.028"/>
  <system-out/>
  <testcase classname="runner.LoginTest" name="testTransitionToTwitterPage" time="3.330"/>
  <system-out/>
  <testcase classname="runner.LoginTest" name="testTransitionToYoutubePage" time="26.759"/>
  <system-out/>
</testsuite> <!-- runner.LoginTest -->
