<?xml version="1.0" encoding="UTF-8"?>
<!-- Generated by org.testng.reporters.JUnitReportReporter -->
<testsuite hostname="MacBook-Air-Ruslan.local" failures="0" tests="1" name="runner.PimTest" time="89.116" errors="0" timestamp="2023-10-18T07:25:04 MSK" skipped="0">
  <testcase classname="runner.PimTest" name="testAddEmployee" time="89.116"/>
  <system-out/>
</testsuite> <!-- runner.PimTest -->
