<?xml version="1.0" encoding="UTF-8"?>
<!-- Generated by org.testng.reporters.JUnitReportReporter -->
<testsuite hostname="MacBook-Air-Ruslan.local" failures="0" tests="24" name="runner.DashboardTest" time="349.068" errors="0" timestamp="2023-10-18T07:25:04 MSK" skipped="0">
  <testcase classname="runner.DashboardTest" name="testTransitionToAdminPage" time="11.113"/>
  <system-out/>
  <testcase classname="runner.DashboardTest" name="testSearchInSidebarMenu" time="7.735"/>
  <system-out/>
  <testcase classname="runner.DashboardTest" name="testDashboardSheetsNames" time="14.114"/>
  <system-out/>
  <testcase classname="runner.DashboardTest" name="testTransitionToDashboardPage" time="6.322"/>
  <system-out/>
  <testcase classname="runner.DashboardTest" name="testTransitionToDirectoryPage" time="11.837"/>
  <system-out/>
  <testcase classname="runner.DashboardTest" name="testSearchInSidebarMenu" time="11.572"/>
  <system-out/>
  <testcase classname="runner.DashboardTest" name="testTransitionToMyInfoPage" time="8.059"/>
  <system-out/>
  <testcase classname="runner.DashboardTest" name="testTransitionToBuzzPage" time="14.600"/>
  <system-out/>
  <testcase classname="runner.DashboardTest" name="testTransitionToRecruitmentPage" time="8.393"/>
  <system-out/>
  <testcase classname="runner.DashboardTest" name="testDashboardSheetsNames" time="55.569"/>
  <system-out/>
  <testcase classname="runner.DashboardTest" name="testDashboardSheetsNames" time="10.678"/>
  <system-out/>
  <testcase classname="runner.DashboardTest" name="testTransitionToLeavePage" time="14.843"/>
  <system-out/>
  <testcase classname="runner.DashboardTest" name="testDashboardSheetsNames" time="6.934"/>
  <system-out/>
  <testcase classname="runner.DashboardTest" name="testTransitionToPerformancePage" time="6.966"/>
  <system-out/>
  <testcase classname="runner.DashboardTest" name="testOrangeLinkInFooter" time="37.661"/>
  <system-out/>
  <testcase classname="runner.DashboardTest" name="testQuestionIcon" time="11.224"/>
  <system-out/>
  <testcase classname="runner.DashboardTest" name="testTransitionToTimePage" time="12.628"/>
  <system-out/>
  <testcase classname="runner.DashboardTest" name="testTransitionToClaimPage" time="16.043"/>
  <system-out/>
  <testcase classname="runner.DashboardTest" name="testTransitionToMaintenancePage" time="17.776"/>
  <system-out/>
  <testcase classname="runner.DashboardTest" name="testDashboardSheetsNames" time="21.800"/>
  <system-out/>
  <testcase classname="runner.DashboardTest" name="testDashboardSheetsNames" time="14.662"/>
  <system-out/>
  <testcase classname="runner.DashboardTest" name="testSearchInSidebarMenu" time="8.897"/>
  <system-out/>
  <testcase classname="runner.DashboardTest" name="testTransitionToPIMpage" time="13.913"/>
  <system-out/>
  <testcase classname="runner.DashboardTest" name="testDashboardSheetsNames" time="5.729"/>
  <system-out/>
</testsuite> <!-- runner.DashboardTest -->
