<?xml version="1.0" encoding="UTF-8"?>
<!-- Generated by org.testng.reporters.JUnitReportReporter -->
<testsuite hostname="Air-Ruslan" failures="0" tests="24" name="runner.DashboardTest" time="191.324" errors="0" timestamp="2023-10-15T16:11:37 MSK" skipped="0">
  <testcase classname="runner.DashboardTest" name="testTransitionToTimePage" time="3.393"/>
  <system-out/>
  <testcase classname="runner.DashboardTest" name="testDashboardSheetsNames" time="4.498"/>
  <system-out/>
  <testcase classname="runner.DashboardTest" name="testTransitionToClaimPage" time="1.819"/>
  <system-out/>
  <testcase classname="runner.DashboardTest" name="testDashboardSheetsNames" time="31.398"/>
  <system-out/>
  <testcase classname="runner.DashboardTest" name="testDashboardSheetsNames" time="6.467"/>
  <system-out/>
  <testcase classname="runner.DashboardTest" name="testSearchInSidebarMenu" time="4.920"/>
  <system-out/>
  <testcase classname="runner.DashboardTest" name="testTransitionToBuzzPage" time="8.193"/>
  <system-out/>
  <testcase classname="runner.DashboardTest" name="testOrangeLinkInFooter" time="39.837"/>
  <system-out/>
  <testcase classname="runner.DashboardTest" name="testTransitionToPerformancePage" time="2.228"/>
  <system-out/>
  <testcase classname="runner.DashboardTest" name="testQuestionIcon" time="14.305"/>
  <system-out/>
  <testcase classname="runner.DashboardTest" name="testDashboardSheetsNames" time="6.265"/>
  <system-out/>
  <testcase classname="runner.DashboardTest" name="testTransitionToMyInfoPage" time="2.990"/>
  <system-out/>
  <testcase classname="runner.DashboardTest" name="testDashboardSheetsNames" time="5.215"/>
  <system-out/>
  <testcase classname="runner.DashboardTest" name="testTransitionToLeavePage" time="3.265"/>
  <system-out/>
  <testcase classname="runner.DashboardTest" name="testDashboardSheetsNames" time="8.469"/>
  <system-out/>
  <testcase classname="runner.DashboardTest" name="testSearchInSidebarMenu" time="7.293"/>
  <system-out/>
  <testcase classname="runner.DashboardTest" name="testTransitionToDirectoryPage" time="1.976"/>
  <system-out/>
  <testcase classname="runner.DashboardTest" name="testTransitionToPIMpage" time="2.694"/>
  <system-out/>
  <testcase classname="runner.DashboardTest" name="testTransitionToAdminPage" time="13.371"/>
  <system-out/>
  <testcase classname="runner.DashboardTest" name="testTransitionToRecruitmentPage" time="2.301"/>
  <system-out/>
  <testcase classname="runner.DashboardTest" name="testTransitionToMaintenancePage" time="3.954"/>
  <system-out/>
  <testcase classname="runner.DashboardTest" name="testDashboardSheetsNames" time="4.889"/>
  <system-out/>
  <testcase classname="runner.DashboardTest" name="testSearchInSidebarMenu" time="10.234"/>
  <system-out/>
  <testcase classname="runner.DashboardTest" name="testTransitionToDashboardPage" time="1.350"/>
  <system-out/>
</testsuite> <!-- runner.DashboardTest -->
