<?xml version="1.0" encoding="UTF-8"?>
<!-- Generated by org.testng.reporters.JUnitReportReporter -->
<testsuite hostname="MacBook-Air-Ruslan.local" failures="0" tests="9" name="runner.LoginTest" time="86.836" errors="0" timestamp="2023-10-17T16:47:05 MSK" skipped="0">
  <testcase classname="runner.LoginTest" name="testTransitionToTwitterPage" time="3.325"/>
  <system-out/>
  <testcase classname="runner.LoginTest" name="testForgotYourPassword" time="11.416"/>
  <system-out/>
  <testcase classname="runner.LoginTest" name="testLoginWithoutFillingInUserNameAndPasswordFields" time="4.559"/>
  <system-out/>
  <testcase classname="runner.LoginTest" name="testTransitionToYoutubePage" time="20.089"/>
  <system-out/>
  <testcase classname="runner.LoginTest" name="testTransitionToLinkedinPage" time="14.374"/>
  <system-out/>
  <testcase classname="runner.LoginTest" name="testLoginWithInvalidPassword" time="5.654"/>
  <system-out/>
  <testcase classname="runner.LoginTest" name="testLoginWithInvalidUsername" time="2.936"/>
  <system-out/>
  <testcase classname="runner.LoginTest" name="testLoginWithValidCredentials" time="16.821"/>
  <system-out/>
  <testcase classname="runner.LoginTest" name="testTransitionToFacebookPage" time="7.662"/>
  <system-out/>
</testsuite> <!-- runner.LoginTest -->
