<?xml version="1.0" encoding="UTF-8"?>
<!-- Generated by org.testng.reporters.JUnitReportReporter -->
<testsuite hostname="MacBook-Air-Ruslan.local" failures="0" tests="9" name="runner.LoginTest" time="141.449" errors="0" timestamp="2023-10-18T07:25:04 MSK" skipped="0">
  <testcase classname="runner.LoginTest" name="testTransitionToYoutubePage" time="26.578"/>
  <system-out/>
  <testcase classname="runner.LoginTest" name="testLoginWithoutFillingInUserNameAndPasswordFields" time="3.958"/>
  <system-out/>
  <testcase classname="runner.LoginTest" name="testLoginWithInvalidUsername" time="5.200"/>
  <system-out/>
  <testcase classname="runner.LoginTest" name="testLoginWithInvalidPassword" time="3.630"/>
  <system-out/>
  <testcase classname="runner.LoginTest" name="testLoginWithValidCredentials" time="55.909"/>
  <system-out/>
  <testcase classname="runner.LoginTest" name="testTransitionToLinkedinPage" time="13.693"/>
  <system-out/>
  <testcase classname="runner.LoginTest" name="testTransitionToFacebookPage" time="19.723"/>
  <system-out/>
  <testcase classname="runner.LoginTest" name="testTransitionToTwitterPage" time="9.272"/>
  <system-out/>
  <testcase classname="runner.LoginTest" name="testForgotYourPassword" time="3.486"/>
  <system-out/>
</testsuite> <!-- runner.LoginTest -->
