<?xml version="1.0" encoding="UTF-8"?>
<!-- Generated by org.testng.reporters.JUnitReportReporter -->
<testsuite hostname="MacBook-Air-Ruslan.local" failures="0" tests="24" name="runner.DashboardTest" time="300.716" errors="0" timestamp="2023-10-17T16:47:05 MSK" skipped="0">
  <testcase classname="runner.DashboardTest" name="testOrangeLinkInFooter" time="40.550"/>
  <system-out/>
  <testcase classname="runner.DashboardTest" name="testDashboardSheetsNames" time="9.861"/>
  <system-out/>
  <testcase classname="runner.DashboardTest" name="testDashboardSheetsNames" time="7.575"/>
  <system-out/>
  <testcase classname="runner.DashboardTest" name="testSearchInSidebarMenu" time="12.547"/>
  <system-out/>
  <testcase classname="runner.DashboardTest" name="testTransitionToClaimPage" time="10.686"/>
  <system-out/>
  <testcase classname="runner.DashboardTest" name="testDashboardSheetsNames" time="7.643"/>
  <system-out/>
  <testcase classname="runner.DashboardTest" name="testTransitionToBuzzPage" time="6.881"/>
  <system-out/>
  <testcase classname="runner.DashboardTest" name="testDashboardSheetsNames" time="34.762"/>
  <system-out/>
  <testcase classname="runner.DashboardTest" name="testSearchInSidebarMenu" time="10.289"/>
  <system-out/>
  <testcase classname="runner.DashboardTest" name="testTransitionToPIMpage" time="10.731"/>
  <system-out/>
  <testcase classname="runner.DashboardTest" name="testTransitionToDirectoryPage" time="10.230"/>
  <system-out/>
  <testcase classname="runner.DashboardTest" name="testSearchInSidebarMenu" time="12.092"/>
  <system-out/>
  <testcase classname="runner.DashboardTest" name="testTransitionToLeavePage" time="6.758"/>
  <system-out/>
  <testcase classname="runner.DashboardTest" name="testTransitionToPerformancePage" time="6.595"/>
  <system-out/>
  <testcase classname="runner.DashboardTest" name="testTransitionToRecruitmentPage" time="11.815"/>
  <system-out/>
  <testcase classname="runner.DashboardTest" name="testDashboardSheetsNames" time="6.023"/>
  <system-out/>
  <testcase classname="runner.DashboardTest" name="testTransitionToDashboardPage" time="9.344"/>
  <system-out/>
  <testcase classname="runner.DashboardTest" name="testQuestionIcon" time="17.583"/>
  <system-out/>
  <testcase classname="runner.DashboardTest" name="testTransitionToMaintenancePage" time="8.616"/>
  <system-out/>
  <testcase classname="runner.DashboardTest" name="testTransitionToTimePage" time="24.501"/>
  <system-out/>
  <testcase classname="runner.DashboardTest" name="testDashboardSheetsNames" time="5.901"/>
  <system-out/>
  <testcase classname="runner.DashboardTest" name="testDashboardSheetsNames" time="10.288"/>
  <system-out/>
  <testcase classname="runner.DashboardTest" name="testTransitionToAdminPage" time="10.703"/>
  <system-out/>
  <testcase classname="runner.DashboardTest" name="testTransitionToMyInfoPage" time="8.742"/>
  <system-out/>
</testsuite> <!-- runner.DashboardTest -->
